Log file open, 05/21/18 13:53:47
LogWindows: Failed to load 'aqProf.dll' (GetLastError=126)
LogWindows: File 'aqProf.dll' does not exist
LogWindows: Failed to load 'VSPerf140.dll' (GetLastError=126)
LogWindows: File 'VSPerf140.dll' does not exist
LogWindows: Failed to load 'VtuneApi.dll' (GetLastError=126)
LogWindows: File 'VtuneApi.dll' does not exist
LogWindows: Failed to load 'VtuneApi32e.dll' (GetLastError=126)
LogWindows: File 'VtuneApi32e.dll' does not exist
LogInit: Display: Running engine for game: RE_Indigos
LogPlatformFile: Not using cached read wrapper
LogInit: Display: RandInit(1597912954) SRandInit(1597912954).
LogInit: Read version file with build ID '3709383'
LogInit: Overriding engine version to CL 3832480, compatible CL 3709383
LogInit: Registered custom module enumerator with build ID '3709383'
LogTaskGraph: Started task graph with 5 named threads and 20 total threads with 3 sets of task threads.
LogStats: Stats thread started at 0.681948
LogD3D11RHI: Aftermath initialized
LogModuleManager: Display: Found up-to-date module file ../../../Engine/Plugins/2D/Paper2D/Binaries/Win64/UE4Editor-Paper2D.dll (API version 3709383).
LogModuleManager: Display: Found up-to-date module file ../../../Engine/Plugins/2D/Paper2D/Binaries/Win64/UE4Editor-Paper2DEditor.dll (API version 3709383).
LogModuleManager: Display: Found up-to-date module file ../../../Engine/Plugins/2D/Paper2D/Binaries/Win64/UE4Editor-PaperSpriteSheetImporter.dll (API version 3709383).
LogModuleManager: Display: Found up-to-date module file ../../../Engine/Plugins/2D/Paper2D/Binaries/Win64/UE4Editor-PaperTiledImporter.dll (API version 3709383).
LogModuleManager: Display: Found up-to-date module file ../../../Engine/Plugins/2D/Paper2D/Binaries/Win64/UE4Editor-SmartSnapping.dll (API version 3709383).
LogModuleManager: Display: Found up-to-date module file ../../../Engine/Plugins/Blendables/LightPropagationVolume/Binaries/Win64/UE4Editor-LightPropagationVolumeRuntime.dll (API version 3709383).
LogModuleManager: Display: Found up-to-date module file ../../../Engine/Plugins/Blendables/LightPropagationVolume/Binaries/Win64/UE4Editor-LightPropagationVolumeEditor.dll (API version 3709383).
LogModuleManager: Display: Found up-to-date module file ../../../Engine/Plugins/Developer/GitSourceControl/Binaries/Win64/UE4Editor-GitSourceControl.dll (API version 3709383).
LogModuleManager: Display: Found up-to-date module file ../../../Engine/Plugins/Developer/PerforceSourceControl/Binaries/Win64/UE4Editor-PerforceSourceControl.dll (API version 3709383).
LogModuleManager: Display: Found up-to-date module file ../../../Engine/Plugins/Developer/SubversionSourceControl/Binaries/Win64/UE4Editor-SubversionSourceControl.dll (API version 3709383).
LogModuleManager: Display: Found up-to-date module file ../../../Engine/Plugins/Developer/UObjectPlugin/Binaries/Win64/UE4Editor-UObjectPlugin.dll (API version 3709383).
LogModuleManager: Display: Found up-to-date module file ../../../Engine/Plugins/Developer/VisualStudioCodeSourceCodeAccess/Binaries/Win64/UE4Editor-VisualStudioCodeSourceCodeAccess.dll (API version 3709383).
LogModuleManager: Display: Found up-to-date module file ../../../Engine/Plugins/Developer/VisualStudioSourceCodeAccess/Binaries/Win64/UE4Editor-VisualStudioSourceCodeAccess.dll (API version 3709383).
LogModuleManager: Display: Found up-to-date module file ../../../Engine/Plugins/Editor/AssetManagerEditor/Binaries/Win64/UE4Editor-AssetManagerEditor.dll (API version 3709383).
LogModuleManager: Display: Found up-to-date module file ../../../Engine/Plugins/Editor/AudioCapture/Binaries/Win64/UE4Editor-AudioCapture.dll (API version 3709383).
LogModuleManager: Display: Found up-to-date module file ../../../Engine/Plugins/Editor/FacialAnimation/Binaries/Win64/UE4Editor-FacialAnimation.dll (API version 3709383).
LogModuleManager: Display: Found up-to-date module file ../../../Engine/Plugins/Editor/FacialAnimation/Binaries/Win64/UE4Editor-FacialAnimationEditor.dll (API version 3709383).
LogModuleManager: Display: Found up-to-date module file ../../../Engine/Plugins/Editor/GameplayTagsEditor/Binaries/Win64/UE4Editor-GameplayTagsEditor.dll (API version 3709383).
LogModuleManager: Display: Found up-to-date module file ../../../Engine/Plugins/Editor/MobileLauncherProfileWizard/Binaries/Win64/UE4Editor-MobileLauncherProfileWizard.dll (API version 3709383).
LogModuleManager: Display: Found up-to-date module file ../../../Engine/Plugins/Editor/PluginBrowser/Binaries/Win64/UE4Editor-PluginBrowser.dll (API version 3709383).
LogModuleManager: Display: Found up-to-date module file ../../../Engine/Plugins/Editor/SpeedTreeImporter/Binaries/Win64/UE4Editor-SpeedTreeImporter.dll (API version 3709383).
LogModuleManager: Display: Found up-to-date module file ../../../Engine/Plugins/Experimental/AlembicImporter/Binaries/Win64/UE4Editor-AlembicImporter.dll (API version 3709383).
LogModuleManager: Display: Found up-to-date module file ../../../Engine/Plugins/Experimental/AlembicImporter/Binaries/Win64/UE4Editor-AlembicLibrary.dll (API version 3709383).
LogModuleManager: Display: Found up-to-date module file ../../../Engine/Plugins/Experimental/CharacterAI/Binaries/Win64/UE4Editor-CharacterAI.dll (API version 3709383).
LogModuleManager: Display: Found up-to-date module file ../../../Engine/Plugins/Experimental/HTML5Networking/Binaries/Win64/UE4Editor-HTML5Networking.dll (API version 3709383).
LogModuleManager: Display: Found up-to-date module file ../../../Engine/Plugins/Media/AndroidMedia/Binaries/Win64/UE4Editor-AndroidMediaEditor.dll (API version 3709383).
LogModuleManager: Display: Found up-to-date module file ../../../Engine/Plugins/Media/AndroidMedia/Binaries/Win64/UE4Editor-AndroidMediaFactory.dll (API version 3709383).
LogModuleManager: Display: Found up-to-date module file ../../../Engine/Plugins/Media/AvfMedia/Binaries/Win64/UE4Editor-AvfMediaEditor.dll (API version 3709383).
LogModuleManager: Display: Found up-to-date module file ../../../Engine/Plugins/Media/AvfMedia/Binaries/Win64/UE4Editor-AvfMediaFactory.dll (API version 3709383).
LogModuleManager: Display: Found up-to-date module file ../../../Engine/Plugins/Media/AvfMedia/Binaries/Win64/UE4Editor-AvfMediaFactory.dll (API version 3709383).
LogModuleManager: Display: Found up-to-date module file ../../../Engine/Plugins/Media/ImgMedia/Binaries/Win64/UE4Editor-ImgMedia.dll (API version 3709383).
LogModuleManager: Display: Found up-to-date module file ../../../Engine/Plugins/Media/ImgMedia/Binaries/Win64/UE4Editor-ImgMediaEditor.dll (API version 3709383).
LogModuleManager: Display: Found up-to-date module file ../../../Engine/Plugins/Media/ImgMedia/Binaries/Win64/UE4Editor-ImgMediaFactory.dll (API version 3709383).
LogModuleManager: Display: Found up-to-date module file ../../../Engine/Plugins/Media/ImgMedia/Binaries/Win64/UE4Editor-ImgMediaFactory.dll (API version 3709383).
LogModuleManager: Display: Found up-to-date module file ../../../Engine/Plugins/Media/ImgMedia/Binaries/Win64/UE4Editor-OpenExrWrapper.dll (API version 3709383).
LogModuleManager: Display: Found up-to-date module file ../../../Engine/Plugins/Media/MediaCompositing/Binaries/Win64/UE4Editor-MediaCompositing.dll (API version 3709383).
LogModuleManager: Display: Found up-to-date module file ../../../Engine/Plugins/Media/MediaCompositing/Binaries/Win64/UE4Editor-MediaCompositingEditor.dll (API version 3709383).
LogModuleManager: Display: Found up-to-date module file ../../../Engine/Plugins/Media/MediaPlayerEditor/Binaries/Win64/UE4Editor-MediaPlayerEditor.dll (API version 3709383).
LogModuleManager: Display: Found up-to-date module file ../../../Engine/Plugins/Media/WmfMedia/Binaries/Win64/UE4Editor-WmfMedia.dll (API version 3709383).
LogModuleManager: Display: Found up-to-date module file ../../../Engine/Plugins/Media/WmfMedia/Binaries/Win64/UE4Editor-WmfMediaEditor.dll (API version 3709383).
LogModuleManager: Display: Found up-to-date module file ../../../Engine/Plugins/Media/WmfMedia/Binaries/Win64/UE4Editor-WmfMediaFactory.dll (API version 3709383).
LogModuleManager: Display: Found up-to-date module file ../../../Engine/Plugins/Media/WmfMedia/Binaries/Win64/UE4Editor-WmfMediaFactory.dll (API version 3709383).
LogModuleManager: Display: Found up-to-date module file ../../../Engine/Plugins/Messaging/TcpMessaging/Binaries/Win64/UE4Editor-TcpMessaging.dll (API version 3709383).
LogModuleManager: Display: Found up-to-date module file ../../../Engine/Plugins/Messaging/UdpMessaging/Binaries/Win64/UE4Editor-UdpMessaging.dll (API version 3709383).
LogModuleManager: Display: Found up-to-date module file ../../../Engine/Plugins/MovieScene/ActorSequence/Binaries/Win64/UE4Editor-ActorSequence.dll (API version 3709383).
LogModuleManager: Display: Found up-to-date module file ../../../Engine/Plugins/MovieScene/LevelSequenceEditor/Binaries/Win64/UE4Editor-LevelSequenceEditor.dll (API version 3709383).
LogModuleManager: Display: Found up-to-date module file ../../../Engine/Plugins/MovieScene/MatineeToLevelSequence/Binaries/Win64/UE4Editor-MatineeToLevelSequence.dll (API version 3709383).
LogModuleManager: Display: Found up-to-date module file ../../../Engine/Plugins/Online/OnlineSubsystem/Binaries/Win64/UE4Editor-OnlineSubsystem.dll (API version 3709383).
LogModuleManager: Display: Found up-to-date module file ../../../Engine/Plugins/Runtime/AndroidPermission/Binaries/Win64/UE4Editor-AndroidPermission.dll (API version 3709383).
LogModuleManager: Display: Found up-to-date module file ../../../Engine/Plugins/Online/OnlineSubsystemNull/Binaries/Win64/UE4Editor-OnlineSubsystemNull.dll (API version 3709383).
LogModuleManager: Display: Found up-to-date module file ../../../Engine/Plugins/Online/OnlineSubsystemUtils/Binaries/Win64/UE4Editor-OnlineSubsystemUtils.dll (API version 3709383).
LogModuleManager: Display: Found up-to-date module file ../../../Engine/Plugins/Online/OnlineSubsystemUtils/Binaries/Win64/UE4Editor-OnlineBlueprintSupport.dll (API version 3709383).
LogModuleManager: Display: Found up-to-date module file ../../../Engine/Plugins/Runtime/AndroidDeviceProfileSelector/Binaries/Win64/UE4Editor-AndroidDeviceProfileSelector.dll (API version 3709383).
LogModuleManager: Display: Found up-to-date module file ../../../Engine/Plugins/Runtime/AppleARKit/Binaries/Win64/UE4Editor-AppleARKit.dll (API version 3709383).
LogModuleManager: Display: Found up-to-date module file ../../../Engine/Plugins/Runtime/ArchVisCharacter/Binaries/Win64/UE4Editor-ArchVisCharacter.dll (API version 3709383).
LogModuleManager: Display: Found up-to-date module file ../../../Engine/Plugins/Runtime/CableComponent/Binaries/Win64/UE4Editor-CableComponent.dll (API version 3709383).
LogModuleManager: Display: Found up-to-date module file ../../../Engine/Plugins/Runtime/CustomMeshComponent/Binaries/Win64/UE4Editor-CustomMeshComponent.dll (API version 3709383).
LogModuleManager: Display: Found up-to-date module file ../../../Engine/Plugins/Runtime/ExampleDeviceProfileSelector/Binaries/Win64/UE4Editor-ExampleDeviceProfileSelector.dll (API version 3709383).
LogModuleManager: Display: Found up-to-date module file ../../../Engine/Plugins/Runtime/ImmediatePhysics/Binaries/Win64/UE4Editor-ImmediatePhysics.dll (API version 3709383).
LogModuleManager: Display: Found up-to-date module file ../../../Engine/Plugins/Runtime/ImmediatePhysics/Binaries/Win64/UE4Editor-ImmediatePhysicsEditor.dll (API version 3709383).
LogModuleManager: Display: Found up-to-date module file ../../../Engine/Plugins/Runtime/LocationServicesBPLibrary/Binaries/Win64/UE4Editor-LocationServicesBPLibrary.dll (API version 3709383).
LogModuleManager: Display: Found up-to-date module file ../../../Engine/Plugins/Runtime/MobilePatchingUtils/Binaries/Win64/UE4Editor-MobilePatchingUtils.dll (API version 3709383).
LogModuleManager: Display: Found up-to-date module file ../../../Engine/Plugins/Runtime/Oculus/OculusVR/Binaries/Win64/UE4Editor-OculusHMD.dll (API version 3709383).
LogModuleManager: Display: Found up-to-date module file ../../../Engine/Plugins/Runtime/Oculus/OculusVR/Binaries/Win64/UE4Editor-OculusInput.dll (API version 3709383).
LogModuleManager: Display: Found up-to-date module file ../../../Engine/Plugins/Runtime/Oculus/OculusVR/Binaries/Win64/UE4Editor-OculusEditor.dll (API version 3709383).
LogModuleManager: Display: Found up-to-date module file ../../../Engine/Plugins/Runtime/PhysXVehicles/Binaries/Win64/UE4Editor-PhysXVehicles.dll (API version 3709383).
LogModuleManager: Display: Found up-to-date module file ../../../Engine/Plugins/Runtime/PhysXVehicles/Binaries/Win64/UE4Editor-PhysXVehiclesEditor.dll (API version 3709383).
LogModuleManager: Display: Found up-to-date module file ../../../Engine/Plugins/Runtime/ProceduralMeshComponent/Binaries/Win64/UE4Editor-ProceduralMeshComponent.dll (API version 3709383).
LogModuleManager: Display: Found up-to-date module file ../../../Engine/Plugins/Runtime/ProceduralMeshComponent/Binaries/Win64/UE4Editor-ProceduralMeshComponentEditor.dll (API version 3709383).
LogModuleManager: Display: Found up-to-date module file ../../../Engine/Plugins/Runtime/RuntimePhysXCooking/Binaries/Win64/UE4Editor-RuntimePhysXCooking.dll (API version 3709383).
LogModuleManager: Display: Found up-to-date module file ../../../Engine/Plugins/Runtime/Steam/SteamVR/Binaries/Win64/UE4Editor-SteamVR.dll (API version 3709383).
LogModuleManager: Display: Found up-to-date module file ../../../Engine/Plugins/Runtime/Steam/SteamVR/Binaries/Win64/UE4Editor-SteamVRController.dll (API version 3709383).
LogModuleManager: Display: Found up-to-date module file ../../../Engine/Plugins/Runtime/WindowsMoviePlayer/Binaries/Win64/UE4Editor-WindowsMoviePlayer.dll (API version 3709383).
LogPluginManager: Mounting plugin Paper2D
LogPluginManager: Mounting plugin LightPropagationVolume
LogPluginManager: Mounting plugin CodeLiteSourceCodeAccess
LogPluginManager: Mounting plugin GitSourceControl
LogPluginManager: Mounting plugin KDevelopSourceCodeAccess
LogPluginManager: Mounting plugin NullSourceCodeAccess
LogPluginManager: Mounting plugin PerforceSourceControl
LogPluginManager: Mounting plugin SubversionSourceControl
LogPluginManager: Mounting plugin UObjectPlugin
LogPluginManager: Mounting plugin VisualStudioCodeSourceCodeAccess
LogPluginManager: Mounting plugin VisualStudioSourceCodeAccess
LogPluginManager: Mounting plugin XCodeSourceCodeAccess
LogPluginManager: Mounting plugin AssetManagerEditor
LogPluginManager: Mounting plugin AudioCapture
LogPluginManager: Mounting plugin FacialAnimation
LogPluginManager: Mounting plugin GameplayTagsEditor
LogPluginManager: Mounting plugin MobileLauncherProfileWizard
LogPluginManager: Mounting plugin PluginBrowser
LogPluginManager: Mounting plugin SpeedTreeImporter
LogPluginManager: Mounting plugin AlembicImporter
LogPluginManager: Mounting plugin CharacterAI
LogPluginManager: Mounting plugin HTML5Networking
LogPluginManager: Mounting plugin AndroidMedia
LogPluginManager: Mounting plugin AvfMedia
LogPluginManager: Mounting plugin ImgMedia
LogPluginManager: Mounting plugin MediaCompositing
LogPluginManager: Mounting plugin MediaPlayerEditor
LogPluginManager: Mounting plugin WmfMedia
LogPluginManager: Mounting plugin TcpMessaging
LogPluginManager: Mounting plugin UdpMessaging
LogPluginManager: Mounting plugin ActorSequence
LogPluginManager: Mounting plugin LevelSequenceEditor
LogPluginManager: Mounting plugin MatineeToLevelSequence
LogPluginManager: Mounting plugin OnlineSubsystemGooglePlay
LogPluginManager: Mounting plugin OnlineSubsystemIOS
LogPluginManager: Mounting plugin OnlineSubsystem
LogPluginManager: Mounting plugin OnlineSubsystemNull
LogPluginManager: Mounting plugin OnlineSubsystemUtils
LogPluginManager: Mounting plugin AndroidDeviceProfileSelector
LogPluginManager: Mounting plugin AndroidMoviePlayer
LogPluginManager: Mounting plugin AndroidPermission
LogPluginManager: Mounting plugin AppleARKit
LogPluginManager: Mounting plugin AppleMoviePlayer
LogPluginManager: Mounting plugin ArchVisCharacter
LogPluginManager: Mounting plugin CableComponent
LogPluginManager: Mounting plugin CustomMeshComponent
LogPluginManager: Mounting plugin ExampleDeviceProfileSelector
LogPluginManager: Mounting plugin GoogleCloudMessaging
LogPluginManager: Mounting plugin ImmediatePhysics
LogPluginManager: Mounting plugin IOSDeviceProfileSelector
LogPluginManager: Mounting plugin LinuxDeviceProfileSelector
LogPluginManager: Mounting plugin LocationServicesBPLibrary
LogPluginManager: Mounting plugin MobilePatchingUtils
LogPluginManager: Mounting plugin OculusVR
LogPluginManager: Plugin shader directory ../../../Engine/Plugins/Runtime/Oculus/OculusVR/Shaders found
LogPluginManager: Mapping shader source directory ../../../Engine/Plugins/Runtime/Oculus/OculusVR/Shaders to virtual directory /Plugin/OculusVR
LogPluginManager: Mounting plugin PhysXVehicles
LogPluginManager: Mounting plugin ProceduralMeshComponent
LogPluginManager: Mounting plugin RuntimePhysXCooking
LogPluginManager: Mounting plugin SteamVR
LogPluginManager: Mounting plugin WindowsMoviePlayer
LogInit: Using libcurl 7.47.1
LogInit:  - built for x86_64-pc-win32
LogInit:  - supports SSL with OpenSSL/1.0.2g
LogInit:  - supports HTTP deflate (compression) using libz 1.2.8
LogInit:  - other features:
LogInit:      CURL_VERSION_SSL
LogInit:      CURL_VERSION_LIBZ
LogInit:      CURL_VERSION_IPV6
LogInit:      CURL_VERSION_ASYNCHDNS
LogInit:      CURL_VERSION_LARGEFILE
LogInit:      CURL_VERSION_IDN
LogInit:  CurlRequestOptions (configurable via config and command line):
LogInit:  - bVerifyPeer = false  - Libcurl will NOT verify peer certificate
LogInit:  - bUseHttpProxy = false  - Libcurl will NOT use HTTP proxy
LogInit:  - bDontReuseConnections = false  - Libcurl will reuse connections
LogInit:  - CertBundlePath = nullptr  - Libcurl will use whatever was configured at build time.
LogInit: Build: ++UE4+Release-4.18-CL-3832480
LogInit: Engine Version: 4.18.3-3832480+++UE4+Release-4.18
LogInit: Compatible Engine Version: 4.18.0-3709383+++UE4+Release-4.18
LogInit: Net CL: 3709383
LogDevObjectVersion: Number of dev versions registered: 16
LogDevObjectVersion:   Dev-Blueprints (B0D832E4-1F89-4F0D-ACCF-7EB736FD4AA2): 10
LogDevObjectVersion:   Dev-Build (E1C64328-A22C-4D53-A36C-8E866417BD8C): 0
LogDevObjectVersion:   Dev-Core (375EC13C-06E4-48FB-B500-84F0262A717E): 2
LogDevObjectVersion:   Dev-Editor (E4B068ED-F494-42E9-A231-DA0B2E46BB41): 20
LogDevObjectVersion:   Dev-Framework (CFFC743F-43B0-4480-9391-14DF171D2073): 30
LogDevObjectVersion:   Dev-Mobile (B02B49B5-BB20-44E9-A304-32B752E40360): 0
LogDevObjectVersion:   Dev-Networking (A4E4105C-59A1-49B5-A7C5-40C4547EDFEE): 0
LogDevObjectVersion:   Dev-Online (39C831C9-5AE6-47DC-9A44-9C173E1C8E7C): 0
LogDevObjectVersion:   Dev-Physics (78F01B33-EBEA-4F98-B9B4-84EACCB95AA2): 0
LogDevObjectVersion:   Dev-Platform (6631380F-2D4D-43E0-8009-CF276956A95A): 0
LogDevObjectVersion:   Dev-Rendering (12F88B9F-8875-4AFC-A67C-D90C383ABD29): 20
LogDevObjectVersion:   Dev-Sequencer (7B5AE74C-D270-4C10-A958-57980B212A5A): 4
LogDevObjectVersion:   Dev-VR (D7296918-1DD6-4BDD-9DE2-64A83CC13884): 0
LogDevObjectVersion:   Dev-LoadTimes (C2A15278-BFE7-4AFE-6C17-90FF531DF755): 1
LogDevObjectVersion:   Private-Geometry (6EACA3D4-40EC-4CC1-B786-8BED09428FC5): 1
LogDevObjectVersion:   Dev-AnimPhys (29E575DD-E0A3-4627-9D10-D276232CDCEA): 12
LogInit: Compiled (64-bit): Jan 12 2018 02:04:55
LogInit: Compiled with Visual C++: 19.00.24215.01
LogInit: Build Configuration: Development
LogInit: Branch Name: ++UE4+Release-4.18
LogInit: Command line:  
LogInit: Base directory: C:/Unreal/UE_4.18/Engine/Binaries/Win64/
LogInit: Installed Engine Build: 1
LogInit: Presizing for max 8388607 objects, including 0 objects not considered by GC, pre-allocating 0 bytes for permanent pool.
LogInit: Object subsystem initialized
[2018.05.21-11.53.49:939][  0]LogInit: Selected Device Profile: [Windows]
[2018.05.21-11.53.49:939][  0]LogInit: Applying CVar settings loaded from the selected device profile: [Windows]
[2018.05.21-11.53.49:967][  0]LogInit: Computer: DESKTOP-7U9P7V1
[2018.05.21-11.53.49:967][  0]LogInit: User: Maska
[2018.05.21-11.53.49:967][  0]LogInit: CPU Page size=4096, Cores=6
[2018.05.21-11.53.49:967][  0]LogInit: High frequency timer resolution =3.287336 MHz
[2018.05.21-11.53.49:968][  0]LogMemory: Memory total: Physical=15.9GB (16GB approx)
[2018.05.21-11.53.49:968][  0]LogMemory: Platform Memory Stats for Windows
[2018.05.21-11.53.49:968][  0]LogMemory: Process Physical Memory: 275.25 MB used, 275.25 MB peak
[2018.05.21-11.53.49:968][  0]LogMemory: Process Virtual Memory: 272.41 MB used, 272.41 MB peak
[2018.05.21-11.53.49:968][  0]LogMemory: Physical Memory: 10170.02 MB used,  6125.11 MB free, 16295.13 MB total
[2018.05.21-11.53.49:968][  0]LogMemory: Virtual Memory: 4787.02 MB used,  6125.11 MB free, 134217728.00 MB total
[2018.05.21-11.53.50:308][  0]LogInit: Overriding language with editor language configuration option (en).
[2018.05.21-11.53.50:308][  0]LogInit: Overriding locale with editor locale configuration option (en).
[2018.05.21-11.53.50:978][  0]LogInit: Setting process to per monitor DPI aware
[2018.05.21-11.53.53:327][  0]LogD3D11RHI: D3D11 adapters:
[2018.05.21-11.53.53:437][  0]LogD3D11RHI:    0. 'NVIDIA GeForce GTX 1060 6GB' (Feature Level 11_0)
[2018.05.21-11.53.53:437][  0]LogD3D11RHI:       6052/0/8147 MB DedicatedVideo/DedicatedSystem/SharedSystem, Outputs:2, VendorId:0x10de
[2018.05.21-11.53.53:441][  0]LogD3D11RHI:    1. 'Microsoft Basic Render Driver' (Feature Level 11_0)
[2018.05.21-11.53.53:441][  0]LogD3D11RHI:       0/0/8147 MB DedicatedVideo/DedicatedSystem/SharedSystem, Outputs:0, VendorId:0x1414
[2018.05.21-11.53.53:441][  0]LogD3D11RHI: Chosen D3D11 Adapter: 0
[2018.05.21-11.53.53:453][  0]LogD3D11RHI: Creating new Direct3DDevice
[2018.05.21-11.53.53:453][  0]LogD3D11RHI:     GPU DeviceId: 0x1c03 (for the marketing name, search the web for "GPU Device Id")
[2018.05.21-11.53.53:453][  0]LogWindows: EnumDisplayDevices:
[2018.05.21-11.53.53:453][  0]LogWindows:    0. 'NVIDIA GeForce GTX 1060 6GB' (P:1 D:1)
[2018.05.21-11.53.53:454][  0]LogWindows:    1. 'NVIDIA GeForce GTX 1060 6GB' (P:0 D:1)
[2018.05.21-11.53.53:454][  0]LogWindows:    2. 'NVIDIA GeForce GTX 1060 6GB' (P:0 D:0)
[2018.05.21-11.53.53:454][  0]LogWindows:    3. 'NVIDIA GeForce GTX 1060 6GB' (P:0 D:0)
[2018.05.21-11.53.53:455][  0]LogWindows: DebugString: GetVideoDriverDetailsInvalid PrimaryIsNotTheChoosenAdapter GetVideoDriverDetailsInvalid PrimaryIsNotTheChoosenAdapter GetVideoDriverDetailsInvalid PrimaryIsNotTheChoosenAdapter GetVideoDriverDetailsInvalid PrimaryIsNotTheChoosenAdapter FoundDriverCount:0 
[2018.05.21-11.53.53:455][  0]LogD3D11RHI:     Adapter Name: NVIDIA GeForce GTX 1060 6GB
[2018.05.21-11.53.53:455][  0]LogD3D11RHI:   Driver Version: Unknown (internal:Unknown, unified:Unknown)
[2018.05.21-11.53.53:455][  0]LogD3D11RHI:      Driver Date: Unknown
[2018.05.21-11.53.53:455][  0]LogRHI: Texture pool is 4236 MB (70% of 6052 MB)
[2018.05.21-11.53.53:515][  0]LogD3D11RHI: Async texture creation enabled
[2018.05.21-11.53.53:615][  0]LogD3D11RHI: GPU Timing Frequency: 1000.000000 (Debug: 2 5)
[2018.05.21-11.53.53:666][  0]LogShaderCompilers: Guid format shader working directory is -3 characters bigger than the processId version (../../../../../GitHub/Potatos-Dragons/RE_Indigos/Intermediate/Shaders/WorkingDirectory/8404/).
[2018.05.21-11.53.53:667][  0]LogShaderCompilers: Cleaned the shader compiler working directory 'C:/Users/user/AppData/Local/Temp/UnrealShaderWorkingDir/FACA39B74468D802D52E6FAF703438A2/'.
[2018.05.21-11.53.53:667][  0]LogShaderCompilers: Display: Using Local Shader Compiler.
[2018.05.21-11.53.57:001][  0]LogTemp: Display: Loaded TP AllDesktopTargetPlatform
[2018.05.21-11.53.57:058][  0]LogTemp: Display: Loaded TP MacClientTargetPlatform
[2018.05.21-11.53.57:112][  0]LogTemp: Display: Loaded TP MacNoEditorTargetPlatform
[2018.05.21-11.53.57:170][  0]LogTemp: Display: Loaded TP MacServerTargetPlatform
[2018.05.21-11.53.57:234][  0]LogTemp: Display: Loaded TP MacTargetPlatform
[2018.05.21-11.53.57:289][  0]LogTemp: Display: Loaded TP WindowsClientTargetPlatform
[2018.05.21-11.53.57:368][  0]LogTemp: Display: Loaded TP WindowsNoEditorTargetPlatform
[2018.05.21-11.53.57:446][  0]LogTemp: Display: Loaded TP WindowsServerTargetPlatform
[2018.05.21-11.53.57:534][  0]LogTemp: Display: Loaded TP WindowsTargetPlatform
[2018.05.21-11.53.57:632][  0]LogTemp: Display: Loaded TP Android_ASTCTargetPlatform
[2018.05.21-11.53.57:705][  0]LogTemp: Display: Loaded TP Android_ATCTargetPlatform
[2018.05.21-11.53.57:808][  0]LogTemp: Display: Loaded TP Android_DXTTargetPlatform
[2018.05.21-11.53.57:901][  0]LogTemp: Display: Loaded TP Android_ETC1TargetPlatform
[2018.05.21-11.53.57:987][  0]LogTemp: Display: Loaded TP Android_ETC2TargetPlatform
[2018.05.21-11.53.58:114][  0]LogTemp: Display: Loaded TP Android_MultiTargetPlatform
[2018.05.21-11.53.58:114][  0]LogTemp: Display: Loaded TP Android_PVRTCTargetPlatform
[2018.05.21-11.53.58:196][  0]LogTemp: Display: Loaded TP AndroidTargetPlatform
[2018.05.21-11.53.58:282][  0]LogTemp: Display: Loaded TP HTML5TargetPlatform
[2018.05.21-11.53.58:407][  0]LogTemp: Display: Loaded TP IOSTargetPlatform
[2018.05.21-11.53.58:455][  0]LogTemp: Display: Loaded TP TVOSTargetPlatform
[2018.05.21-11.53.58:569][  0]LogTemp: Display: Loaded TP LinuxClientTargetPlatform
[2018.05.21-11.53.58:701][  0]LogTemp: Display: Loaded TP LinuxNoEditorTargetPlatform
[2018.05.21-11.53.58:830][  0]LogTemp: Display: Loaded TP LinuxServerTargetPlatform
[2018.05.21-11.53.58:918][  0]LogTemp: Display: Loaded TP LinuxTargetPlatform
[2018.05.21-11.53.58:918][  0]LogTargetPlatformManager: Display: Building Assets For Windows
[2018.05.21-11.53.59:666][  0]LogDerivedDataCache: Display: Max Cache Size: 512 MB
[2018.05.21-11.53.59:980][  0]LogDerivedDataCache: Loaded boot cache 0.31s 78MB C:/Users/user/AppData/Local/UnrealEngine/4.18/DerivedDataCache/Boot.ddc.
[2018.05.21-11.53.59:980][  0]LogDerivedDataCache: Display: Loaded Boot cache: C:/Users/user/AppData/Local/UnrealEngine/4.18/DerivedDataCache/Boot.ddc
[2018.05.21-11.53.59:980][  0]LogDerivedDataCache: FDerivedDataBackendGraph:  Pak pak cache file ../../../../../GitHub/Potatos-Dragons/RE_Indigos/DerivedDataCache/DDC.ddp not found, will not use a pak cache.
[2018.05.21-11.53.59:980][  0]LogDerivedDataCache: Unable to find inner node Pak for hierarchical cache Hierarchy.
[2018.05.21-11.53.59:980][  0]LogDerivedDataCache: FDerivedDataBackendGraph:  CompressedPak pak cache file ../../../../../GitHub/Potatos-Dragons/RE_Indigos/DerivedDataCache/Compressed.ddp not found, will not use a pak cache.
[2018.05.21-11.53.59:980][  0]LogDerivedDataCache: Unable to find inner node CompressedPak for hierarchical cache Hierarchy.
[2018.05.21-11.54.00:010][  0]LogDerivedDataCache: Display: Pak cache opened for reading ../../../Engine/DerivedDataCache/Compressed.ddp.
[2018.05.21-11.54.00:023][  0]LogDerivedDataCache: Using Local data cache path C:/Users/user/AppData/Local/UnrealEngine/Common/DerivedDataCache: Writable
[2018.05.21-11.54.00:037][  0]LogMaterial: Verifying Global Shaders for PCD3D_SM5
[2018.05.21-11.54.00:042][  0]LogSlate: Using Freetype 2.6.0
[2018.05.21-11.54.00:060][  0]LogSlate: SlateFontCache - WITH_FREETYPE: 1, WITH_HARFBUZZ: 1
[2018.05.21-11.54.00:061][  0]LogSlate: SlateFontCache - WITH_FREETYPE: 1, WITH_HARFBUZZ: 1
[2018.05.21-11.54.00:788][  0]LogCollisionProfile: Warning: Profile (NoCollision) - Custom Channel Name = 'Obstacle' hasn't been found
[2018.05.21-11.54.00:788][  0]LogCollisionProfile: Warning: Profile (OverlapAll) - Custom Channel Name = 'Obstacle' hasn't been found
[2018.05.21-11.54.00:788][  0]LogCollisionProfile: Warning: Profile (BlockAllDynamic) - Custom Channel Name = 'Obstacle' hasn't been found
[2018.05.21-11.54.00:788][  0]LogCollisionProfile: Warning: Profile (OverlapAllDynamic) - Custom Channel Name = 'Obstacle' hasn't been found
[2018.05.21-11.54.00:788][  0]LogCollisionProfile: Warning: Profile (IgnoreOnlyPawn) - Custom Channel Name = 'Obstacle' hasn't been found
[2018.05.21-11.54.00:788][  0]LogCollisionProfile: Warning: Profile (OverlapOnlyPawn) - Custom Channel Name = 'Obstacle' hasn't been found
[2018.05.21-11.54.00:788][  0]LogCollisionProfile: Warning: Profile (Pawn) - Custom Channel Name = 'Obstacle' hasn't been found
[2018.05.21-11.54.00:788][  0]LogCollisionProfile: Warning: Profile (Spectator) - Custom Channel Name = 'Obstacle' hasn't been found
[2018.05.21-11.54.00:788][  0]LogCollisionProfile: Warning: Profile (UI) - Custom Channel Name = 'Obstacle' hasn't been found
[2018.05.21-11.54.00:915][  0]LogInit: Selected Device Profile: [Windows]
[2018.05.21-11.54.01:576][  0]LogSimplygon: Simplygon DLL not present - disabling.
[2018.05.21-11.54.01:637][  0]LogMeshReduction: Using SimplygonSwarm for distributed automatic mesh merging
[2018.05.21-11.54.01:637][  0]LogMeshReduction: Using QuadricMeshReduction for automatic static mesh reduction
[2018.05.21-11.54.01:637][  0]LogMeshReduction: No automatic skeletal mesh reduction module available
[2018.05.21-11.54.01:637][  0]LogMeshReduction: No automatic mesh merging module available
[2018.05.21-11.54.01:637][  0]LogMeshMerging: No automatic mesh merging module available
[2018.05.21-11.54.01:724][  0]LogNetVersion: RE_Indigos , NetCL: 3709383, EngineNetVer: 2, GameNetVer: 0 (Checksum: 3159433462)
[2018.05.21-11.54.02:236][  0]LogAssetRegistry: FAssetRegistry took 0.0295 seconds to start up
[2018.05.21-11.54.03:313][  0]LogPackageLocalizationCache: Processed 7 localized package path(s) for 1 prioritized culture(s) in 0.029509 seconds
[2018.05.21-11.54.03:319][  0]LogUObjectArray: 35870 objects as part of root set at end of initial load.
[2018.05.21-11.54.03:319][  0]LogUObjectAllocator: 7363696 out of 0 bytes used by permanent object pool.
[2018.05.21-11.54.03:319][  0]LogUObjectArray: CloseDisregardForGC: 0/0 objects in disregard for GC pool
[2018.05.21-11.54.03:376][  0]LogInit: WinSock: version 1.1 (2.2), MaxSocks=32767, MaxUdp=65467
[2018.05.21-11.54.09:118][  0]LogTcpMessaging: Initializing TcpMessaging bridge
[2018.05.21-11.54.09:190][  0]LogUdpMessaging: Initializing bridge on interface 0.0.0.0:0 to multicast group 230.0.0.1:6666.
[2018.05.21-11.54.10:422][  0]LogMaterial: Uniform references updated for custom material expression Custom.
[2018.05.21-11.54.11:050][  0]SourceControl: Source control is disabled
[2018.05.21-11.54.11:050][  0]SourceControl: Source control is disabled
[2018.05.21-11.54.11:131][  0]SourceControl: Source control is disabled
[2018.05.21-11.54.11:249][  0]SourceControl: Source control is disabled
[2018.05.21-11.54.12:803][  0]LogAndroidPermission: UAndroidPermissionCallbackProxy::GetInstance
[2018.05.21-11.54.13:230][  0]LogOcInput: OculusInput pre-init called
[2018.05.21-11.54.13:767][  0]LogEngine: Initializing Engine...
[2018.05.21-11.54.13:775][  0]LogHMD: Failed to initialize OpenVR with code 110
[2018.05.21-11.54.14:054][  0]LogStats: UGameplayTagsManager::ConstructGameplayTagTree: Construct from data asset -  0.000 s
[2018.05.21-11.54.14:055][  0]LogStats: UGameplayTagsManager::ConstructGameplayTagTree: GameplayTagTreeChangedEvent.Broadcast -  0.000 s
[2018.05.21-11.54.14:254][  0]LogAIModule: Creating AISystem for world Untitled
[2018.05.21-11.54.14:280][  0]LogInit: XAudio2 using 'Altavoces (Realtek High Definition Audio)' : 2 channels at 48 kHz using 32 bits per sample (channel mask 0x3)
[2018.05.21-11.54.14:335][  0]LogInit: FAudioDevice initialized.
[2018.05.21-11.54.14:410][  0]LogDerivedDataCache: Saved boot cache 0.07s 78MB C:/Users/user/AppData/Local/UnrealEngine/4.18/DerivedDataCache/Boot.ddc.
[2018.05.21-11.54.14:448][  0]LogInit: Texture streaming: Enabled
[2018.05.21-11.54.14:588][  0]LogEngineSessionManager: EngineSessionManager initialized
[2018.05.21-11.54.14:748][  0]LogInit: Transaction tracking system initialized
[2018.05.21-11.54.15:164][  0]BlueprintLog: New page: Editor Load
[2018.05.21-11.54.16:399][  0]LocalizationService: Localization service is disabled
[2018.05.21-11.54.17:387][  0]LogConsoleResponse: Display: 
[2018.05.21-11.54.17:753][  0]LogCook: Display: Max memory allowance for cook 16384mb min free memory 0mb
[2018.05.21-11.54.17:753][  0]LogCook: Display: Mobile HDR setting 1
[2018.05.21-11.54.17:754][  0]LogGameplayTags: Display: UGameplayTagsManager::DoneAddingNativeTags. DelegateIsBound: 0
[2018.05.21-11.54.18:264][  0]LogFileCache: Scanning file cache for directory 'C:/GitHub/Potatos-Dragons/RE_Indigos/Content/' took 0.02s
[2018.05.21-11.54.20:026][  0]SourceControl: Source control is disabled
[2018.05.21-11.54.20:028][  0]Cmd: MAP LOAD FILE="../../../../../GitHub/Potatos-Dragons/RE_Indigos/Content/Maps/0_IndigosTestMap/IndigosTestMap.umap" TEMPLATE=0 SHOWPROGRESS=1 FEATURELEVEL=3
[2018.05.21-11.54.20:030][  0]LightingResults: New page: Lighting Build
[2018.05.21-11.54.20:086][  0]MapCheck: New page: Map Check
[2018.05.21-11.54.20:087][  0]LightingResults: New page: Lighting Build
[2018.05.21-11.54.20:548][  0]LogTexture: Display: Building textures: HQ_Lightmap0_3 (AutoDXT, 64X64)
[2018.05.21-11.54.20:548][  0]LogTexture: Display: Building textures: LQ_Lightmap_0_3 (DXT1, 64X64)
[2018.05.21-11.54.20:548][  0]LogTexture: Display: Building textures: SkyOcclusion0_3 (AutoDXT, 64X32)
[2018.05.21-11.54.20:548][  0]LogTexture: Display: Building textures: ShadowMapTexture2D_1 (G8, 32X32)
[2018.05.21-11.54.20:548][  0]LogTexture: Display: Building textures: SkyOcclusion0_2 (AutoDXT, 512X256)
[2018.05.21-11.54.20:548][  0]LogTexture: Display: Building textures: HQ_Lightmap0_2 (AutoDXT, 512X512)
[2018.05.21-11.54.20:548][  0]LogTexture: Display: Building textures: ShadowMapTexture2D_0 (G8, 1024X1024)
[2018.05.21-11.54.20:548][  0]LogTexture: Display: Building textures: LQ_Lightmap_0_2 (DXT1, 512X512)
[2018.05.21-11.54.20:548][  0]LogTexture: Display: Building textures: SkyOcclusion0_1 (AutoDXT, 1024X512)
[2018.05.21-11.54.20:548][  0]LogTexture: Display: Building textures: LQ_Lightmap_0_1 (DXT1, 1024X1024)
[2018.05.21-11.54.20:548][  0]LogTexture: Display: Building textures: HQ_Lightmap0_1 (AutoDXT, 1024X1024)
[2018.05.21-11.54.20:634][  0]LogStaticMesh: Building static mesh SM_DoorFrame...
[2018.05.21-11.54.20:639][  0]LogStaticMesh: Built static mesh [0.00s] /Game/Geometry/Meshes/SM_DoorFrame.SM_DoorFrame
[2018.05.21-11.54.20:870][  0]LogMaterial: Missing cached shader map for material greenLight, compiling. 
[2018.05.21-11.54.20:978][  0]LogMaterial: Missing cached shader map for material Red, compiling. 
[2018.05.21-11.54.21:023][  0]LogMaterial: Missing cached shader map for material BlueGlass, compiling. 
[2018.05.21-11.54.21:102][  0]LogMaterial: Missing cached shader map for material Green, compiling. 
[2018.05.21-11.54.21:136][  0]LogAIModule: Creating AISystem for world IndigosTestMap
[2018.05.21-11.54.21:202][  0]LogEditorServer: Finished looking for orphan Actors (0.000 secs)
[2018.05.21-11.54.21:223][  0]Cmd: MAP CHECKDEP NOCLEARLOG
[2018.05.21-11.54.21:290][  0]MapCheck: Map check complete: 0 Error(s), 0 Warning(s), took 67.234ms to complete.
[2018.05.21-11.54.21:291][  0]LogFileHelpers: Loading map 'IndigosTestMap' took 1.263
[2018.05.21-11.54.21:576][  0]LogCollectionManager: Loaded 0 collections in 0.004155 seconds
[2018.05.21-11.54.21:736][  0]LogFileCache: Scanning file cache for directory 'C:/GitHub/Potatos-Dragons/RE_Indigos/Saved/Collections/' took 0.01s
[2018.05.21-11.54.21:736][  0]LogFileCache: Scanning file cache for directory 'C:/GitHub/Potatos-Dragons/RE_Indigos/Content/Developers/Maska/Collections/' took 0.01s
[2018.05.21-11.54.21:736][  0]LogFileCache: Scanning file cache for directory 'C:/GitHub/Potatos-Dragons/RE_Indigos/Content/Collections/' took 0.01s
[2018.05.21-11.54.21:736][  0]LogCollectionManager: Rebuilt the GUID cache for 0 collections in 0.000001 seconds
[2018.05.21-11.54.21:751][  0]LogContentBrowser: Native class hierarchy populated in 0.0136 seconds. Added 2363 classes and 519 folders.
[2018.05.21-11.54.21:900][  0]LogContentBrowser: Native class hierarchy updated for 'WidgetCarousel' in 0.0004 seconds. Added 0 classes and 0 folders.
[2018.05.21-11.54.22:452][  0]LogContentBrowser: Native class hierarchy updated for 'AddContentDialog' in 0.0004 seconds. Added 0 classes and 0 folders.
[2018.05.21-11.54.22:562][  0]LogContentBrowser: Native class hierarchy updated for 'SceneOutliner' in 0.0004 seconds. Added 1 classes and 2 folders.
[2018.05.21-11.54.22:765][  0]LogSlate: Took 0.008523 seconds to synchronously load lazily loaded font '../../../Engine/Content/Slate/Fonts/Roboto-Regular.ttf' (155K)
[2018.05.21-11.54.22:778][  0]LogSlate: Took 0.009363 seconds to synchronously load lazily loaded font '../../../Engine/Content/Slate/Fonts/Roboto-Bold.ttf' (160K)
[2018.05.21-11.54.22:791][  0]LogSlate: Took 0.006577 seconds to synchronously load lazily loaded font '../../../Engine/Content/Editor/Slate/Fonts/FontAwesome.ttf' (139K)
[2018.05.21-11.54.23:015][  0]LogRenderer: Reallocating scene render targets to support 1940x1012 Format 10 NumSamples 1 (Frame:1).
[2018.05.21-11.54.23:522][  0]LogContentBrowser: Native class hierarchy updated for 'HierarchicalLODOutliner' in 0.0004 seconds. Added 1 classes and 2 folders.
[2018.05.21-11.54.23:522][  0]LogLoad: (Engine Initialization) Total time: 39.25 seconds
[2018.05.21-11.54.23:522][  0]LogLoad: (Engine Initialization) Total Blueprint compile time: 0.00 seconds
[2018.05.21-11.54.23:522][  0]LogExternalProfiler: No external profilers were discovered.  External profiling features will not be available.
[2018.05.21-11.54.23:892][  0]LogContentStreaming: Texture pool size now 1000 MB
[2018.05.21-11.54.24:210][  1]LogAssetRegistry: Asset discovery search completed in 21.9963 seconds
[2018.05.21-11.54.24:214][  1]LogCollectionManager: Rebuilt the object cache for 0 collections in 0.000001 seconds (found 0 objects)
[2018.05.21-11.54.24:214][  1]LogCollectionManager: Fixed up redirectors for 0 collections in 0.000108 seconds (updated 0 objects)
[2018.05.21-11.54.36:961][ 71]LogTemp: Repeating last play command: Selected Viewport
[2018.05.21-11.54.37:009][ 71]LogBlueprintUserMessages: Early PlayInEditor Detection: Level '/Game/Maps/0_IndigosTestMap/IndigosTestMap.IndigosTestMap:PersistentLevel' has LevelScriptBlueprint '/Game/Maps/0_IndigosTestMap/IndigosTestMap.IndigosTestMap:PersistentLevel.IndigosTestMap' with GeneratedClass '/Game/Maps/0_IndigosTestMap/IndigosTestMap.IndigosTestMap_C' with ClassGeneratedBy '/Game/Maps/0_IndigosTestMap/IndigosTestMap.IndigosTestMap:PersistentLevel.IndigosTestMap'
[2018.05.21-11.54.37:009][ 71]LogPlayLevel: PlayLevel: No blueprints needed recompiling
[2018.05.21-11.54.37:014][ 71]PIE: New page: PIE session: IndigosTestMap (May 21, 2018, 3:54:37 PM)
[2018.05.21-11.54.37:014][ 71]LogPlayLevel: Creating play world package: /Game/Maps/0_IndigosTestMap/UEDPIE_0_IndigosTestMap
[2018.05.21-11.54.37:070][ 71]LogPlayLevel: PIE: StaticDuplicateObject took: (0.055990s)
[2018.05.21-11.54.37:071][ 71]LogAIModule: Creating AISystem for world IndigosTestMap
[2018.05.21-11.54.37:072][ 71]LogPlayLevel: PIE: World Init took: (0.001338s)
[2018.05.21-11.54.37:072][ 71]LogPlayLevel: PIE: Created PIE world by copying editor world from /Game/Maps/0_IndigosTestMap/IndigosTestMap.IndigosTestMap to /Game/Maps/0_IndigosTestMap/UEDPIE_0_IndigosTestMap.IndigosTestMap (0.057838s)
[2018.05.21-11.54.37:110][ 71]LogInit: XAudio2 using 'Altavoces (Realtek High Definition Audio)' : 2 channels at 48 kHz using 32 bits per sample (channel mask 0x3)
[2018.05.21-11.54.37:124][ 71]LogInit: FAudioDevice initialized.
[2018.05.21-11.54.37:569][ 71]LogAnimationCompression: Building Anim DDC data for AnimSequence /Game/Mannekins/Mixamo_Characters/Animations/Xbot_jumpDown.Xbot_jumpDown
[2018.05.21-11.54.37:569][ 71]LogAnimationCompression: Recompressing (AnimSequence /Game/Mannekins/Mixamo_Characters/Animations/Xbot_jumpDown.Xbot_jumpDown) using current/default (AnimCompress_BitwiseCompressOnly_0) bFirstRecompressUsingCurrentOrDefault(1) bTryAlternateCompressor(0) IsCompressedDataValid(0)
[2018.05.21-11.54.37:626][ 71]LogAnimationCompression: Building Anim DDC data for AnimSequence /Game/Mannekins/Mixamo_Characters/Animations/Xbot_walking.Xbot_walking
[2018.05.21-11.54.37:626][ 71]LogAnimationCompression: Recompressing (AnimSequence /Game/Mannekins/Mixamo_Characters/Animations/Xbot_walking.Xbot_walking) using current/default (AnimCompress_BitwiseCompressOnly_0) bFirstRecompressUsingCurrentOrDefault(1) bTryAlternateCompressor(0) IsCompressedDataValid(0)
[2018.05.21-11.54.37:627][ 71]LogAnimationCompression: Building Anim DDC data for AnimSequence /Game/Mannekins/Mixamo_Characters/Animations/Xbot_running.Xbot_running
[2018.05.21-11.54.37:627][ 71]LogAnimationCompression: Recompressing (AnimSequence /Game/Mannekins/Mixamo_Characters/Animations/Xbot_running.Xbot_running) using current/default (AnimCompress_BitwiseCompressOnly_0) bFirstRecompressUsingCurrentOrDefault(1) bTryAlternateCompressor(0) IsCompressedDataValid(0)
[2018.05.21-11.54.37:652][ 71]LogAnimationCompression: Building Anim DDC data for AnimSequence /Game/Mannekins/Mixamo_Characters/Animations/Xbot_idle.Xbot_idle
[2018.05.21-11.54.37:652][ 71]LogAnimationCompression: Recompressing (AnimSequence /Game/Mannekins/Mixamo_Characters/Animations/Xbot_idle.Xbot_idle) using current/default (AnimCompress_BitwiseCompressOnly_0) bFirstRecompressUsingCurrentOrDefault(1) bTryAlternateCompressor(0) IsCompressedDataValid(0)
[2018.05.21-11.54.37:655][ 71]LogAnimationCompression: Building Anim DDC data for AnimSequence /Game/Mannekins/Mixamo_Characters/Animations/Xbot_jumpStart.Xbot_jumpStart
[2018.05.21-11.54.37:655][ 71]LogAnimationCompression: Recompressing (AnimSequence /Game/Mannekins/Mixamo_Characters/Animations/Xbot_jumpStart.Xbot_jumpStart) using current/default (AnimCompress_BitwiseCompressOnly_0) bFirstRecompressUsingCurrentOrDefault(1) bTryAlternateCompressor(0) IsCompressedDataValid(0)
[2018.05.21-11.54.37:656][ 71]LogAnimationCompression: Building Anim DDC data for AnimSequence /Game/Mannekins/Mixamo_Characters/Animations/Xbot_jumpLoop.Xbot_jumpLoop
[2018.05.21-11.54.37:656][ 71]LogAnimationCompression: Recompressing (AnimSequence /Game/Mannekins/Mixamo_Characters/Animations/Xbot_jumpLoop.Xbot_jumpLoop) using current/default (AnimCompress_BitwiseCompressOnly_0) bFirstRecompressUsingCurrentOrDefault(1) bTryAlternateCompressor(0) IsCompressedDataValid(0)
[2018.05.21-11.54.37:686][ 71]LogMaterial: Missing cached shader map for material Xbot_Joints_MAT, compiling. 
[2018.05.21-11.54.37:738][ 71]LogMaterial: Missing cached shader map for material Xbot_body_MAT, compiling. 
[2018.05.21-11.54.37:793][ 71]LogMaterial: Missing cached shader map for material Ybot_Joints_MAT, compiling. 
[2018.05.21-11.54.37:889][ 71]LogMaterial: Missing cached shader map for material Ybot_Body_MAT, compiling. 
[2018.05.21-11.54.37:985][ 71]LogLoad: Game class is 'GameMode_BP_C'
[2018.05.21-11.54.38:003][ 71]LogWorld: Bringing World /Game/Maps/0_IndigosTestMap/UEDPIE_0_IndigosTestMap.IndigosTestMap up for play (max tick rate 0) at 2018.05.21-13.54.38
[2018.05.21-11.54.38:008][ 71]LogWorld: Bringing up level for play took: 0.018720
[2018.05.21-11.54.38:105][ 71]LogContentBrowser: Native class hierarchy updated for 'MovieSceneCapture' in 0.0005 seconds. Added 11 classes and 0 folders.
[2018.05.21-11.54.38:120][ 71]PIE: Play in editor start time for /Game/Maps/0_IndigosTestMap/UEDPIE_0_IndigosTestMap 0.275
[2018.05.21-11.54.38:120][ 71]LogBlueprintUserMessages: Late PlayInEditor Detection: Level '/Game/Maps/0_IndigosTestMap/IndigosTestMap.IndigosTestMap:PersistentLevel' has LevelScriptBlueprint '/Game/Maps/0_IndigosTestMap/IndigosTestMap.IndigosTestMap:PersistentLevel.IndigosTestMap' with GeneratedClass '/Game/Maps/0_IndigosTestMap/IndigosTestMap.IndigosTestMap_C' with ClassGeneratedBy '/Game/Maps/0_IndigosTestMap/IndigosTestMap.IndigosTestMap:PersistentLevel.IndigosTestMap'
[2018.05.21-11.54.55:040][870]LogBlueprintUserMessages: Early EndPlayMap Detection: Level '/Game/Maps/0_IndigosTestMap/IndigosTestMap.IndigosTestMap:PersistentLevel' has LevelScriptBlueprint '/Game/Maps/0_IndigosTestMap/IndigosTestMap.IndigosTestMap:PersistentLevel.IndigosTestMap' with GeneratedClass '/Game/Maps/0_IndigosTestMap/IndigosTestMap.IndigosTestMap_C' with ClassGeneratedBy '/Game/Maps/0_IndigosTestMap/IndigosTestMap.IndigosTestMap:PersistentLevel.IndigosTestMap'
[2018.05.21-11.54.55:083][870]LogBlueprintUserMessages: Late EndPlayMap Detection: Level '/Game/Maps/0_IndigosTestMap/IndigosTestMap.IndigosTestMap:PersistentLevel' has LevelScriptBlueprint '/Game/Maps/0_IndigosTestMap/IndigosTestMap.IndigosTestMap:PersistentLevel.IndigosTestMap' with GeneratedClass '/Game/Maps/0_IndigosTestMap/IndigosTestMap.IndigosTestMap_C' with ClassGeneratedBy '/Game/Maps/0_IndigosTestMap/IndigosTestMap.IndigosTestMap:PersistentLevel.IndigosTestMap'
[2018.05.21-11.55.41:001][ 20]LogTemp: Repeating last play command: Selected Viewport
[2018.05.21-11.55.41:012][ 20]LogBlueprintUserMessages: Early PlayInEditor Detection: Level '/Game/Maps/0_IndigosTestMap/IndigosTestMap.IndigosTestMap:PersistentLevel' has LevelScriptBlueprint '/Game/Maps/0_IndigosTestMap/IndigosTestMap.IndigosTestMap:PersistentLevel.IndigosTestMap' with GeneratedClass '/Game/Maps/0_IndigosTestMap/IndigosTestMap.IndigosTestMap_C' with ClassGeneratedBy '/Game/Maps/0_IndigosTestMap/IndigosTestMap.IndigosTestMap:PersistentLevel.IndigosTestMap'
[2018.05.21-11.55.41:012][ 20]LogPlayLevel: PlayLevel: No blueprints needed recompiling
[2018.05.21-11.55.41:012][ 20]PIE: New page: PIE session: IndigosTestMap (May 21, 2018, 3:55:41 PM)
[2018.05.21-11.55.41:012][ 20]LogPlayLevel: Creating play world package: /Game/Maps/0_IndigosTestMap/UEDPIE_0_IndigosTestMap
[2018.05.21-11.55.41:032][ 20]LogPlayLevel: PIE: StaticDuplicateObject took: (0.019501s)
[2018.05.21-11.55.41:032][ 20]LogAIModule: Creating AISystem for world IndigosTestMap
[2018.05.21-11.55.41:033][ 20]LogPlayLevel: PIE: World Init took: (0.000676s)
[2018.05.21-11.55.41:033][ 20]LogPlayLevel: PIE: Created PIE world by copying editor world from /Game/Maps/0_IndigosTestMap/IndigosTestMap.IndigosTestMap to /Game/Maps/0_IndigosTestMap/UEDPIE_0_IndigosTestMap.IndigosTestMap (0.020457s)
[2018.05.21-11.55.41:066][ 20]LogInit: XAudio2 using 'Altavoces (Realtek High Definition Audio)' : 2 channels at 48 kHz using 32 bits per sample (channel mask 0x3)
[2018.05.21-11.55.41:079][ 20]LogInit: FAudioDevice initialized.
[2018.05.21-11.55.41:113][ 20]LogLoad: Game class is 'GameMode_BP_C'
[2018.05.21-11.55.41:126][ 20]LogWorld: Bringing World /Game/Maps/0_IndigosTestMap/UEDPIE_0_IndigosTestMap.IndigosTestMap up for play (max tick rate 0) at 2018.05.21-13.55.41
[2018.05.21-11.55.41:128][ 20]LogWorld: Bringing up level for play took: 0.013691
[2018.05.21-11.55.41:134][ 20]PIE: Play in editor start time for /Game/Maps/0_IndigosTestMap/UEDPIE_0_IndigosTestMap -0.71
[2018.05.21-11.55.41:134][ 20]LogBlueprintUserMessages: Late PlayInEditor Detection: Level '/Game/Maps/0_IndigosTestMap/IndigosTestMap.IndigosTestMap:PersistentLevel' has LevelScriptBlueprint '/Game/Maps/0_IndigosTestMap/IndigosTestMap.IndigosTestMap:PersistentLevel.IndigosTestMap' with GeneratedClass '/Game/Maps/0_IndigosTestMap/IndigosTestMap.IndigosTestMap_C' with ClassGeneratedBy '/Game/Maps/0_IndigosTestMap/IndigosTestMap.IndigosTestMap:PersistentLevel.IndigosTestMap'
[2018.05.21-11.56.12:525][738]LogBlueprintUserMessages: Early EndPlayMap Detection: Level '/Game/Maps/0_IndigosTestMap/IndigosTestMap.IndigosTestMap:PersistentLevel' has LevelScriptBlueprint '/Game/Maps/0_IndigosTestMap/IndigosTestMap.IndigosTestMap:PersistentLevel.IndigosTestMap' with GeneratedClass '/Game/Maps/0_IndigosTestMap/IndigosTestMap.IndigosTestMap_C' with ClassGeneratedBy '/Game/Maps/0_IndigosTestMap/IndigosTestMap.IndigosTestMap:PersistentLevel.IndigosTestMap'
[2018.05.21-11.56.12:567][738]LogBlueprintUserMessages: Late EndPlayMap Detection: Level '/Game/Maps/0_IndigosTestMap/IndigosTestMap.IndigosTestMap:PersistentLevel' has LevelScriptBlueprint '/Game/Maps/0_IndigosTestMap/IndigosTestMap.IndigosTestMap:PersistentLevel.IndigosTestMap' with GeneratedClass '/Game/Maps/0_IndigosTestMap/IndigosTestMap.IndigosTestMap_C' with ClassGeneratedBy '/Game/Maps/0_IndigosTestMap/IndigosTestMap.IndigosTestMap:PersistentLevel.IndigosTestMap'
[2018.05.21-11.56.26:367][342]LogEditorViewport: Clicking on Actor (LMB): StaticMeshActor (Floor)
[2018.05.21-11.58.46:198][ 72]LogTemp: Repeating last play command: Selected Viewport
[2018.05.21-11.58.46:209][ 72]LogBlueprintUserMessages: Early PlayInEditor Detection: Level '/Game/Maps/0_IndigosTestMap/IndigosTestMap.IndigosTestMap:PersistentLevel' has LevelScriptBlueprint '/Game/Maps/0_IndigosTestMap/IndigosTestMap.IndigosTestMap:PersistentLevel.IndigosTestMap' with GeneratedClass '/Game/Maps/0_IndigosTestMap/IndigosTestMap.IndigosTestMap_C' with ClassGeneratedBy '/Game/Maps/0_IndigosTestMap/IndigosTestMap.IndigosTestMap:PersistentLevel.IndigosTestMap'
[2018.05.21-11.58.46:209][ 72]LogPlayLevel: PlayLevel: No blueprints needed recompiling
[2018.05.21-11.58.46:209][ 72]PIE: New page: PIE session: IndigosTestMap (May 21, 2018, 3:58:46 PM)
[2018.05.21-11.58.46:209][ 72]LogPlayLevel: Creating play world package: /Game/Maps/0_IndigosTestMap/UEDPIE_0_IndigosTestMap
[2018.05.21-11.58.46:228][ 72]LogPlayLevel: PIE: StaticDuplicateObject took: (0.019132s)
[2018.05.21-11.58.46:229][ 72]LogAIModule: Creating AISystem for world IndigosTestMap
[2018.05.21-11.58.46:229][ 72]LogPlayLevel: PIE: World Init took: (0.000726s)
[2018.05.21-11.58.46:229][ 72]LogPlayLevel: PIE: Created PIE world by copying editor world from /Game/Maps/0_IndigosTestMap/IndigosTestMap.IndigosTestMap to /Game/Maps/0_IndigosTestMap/UEDPIE_0_IndigosTestMap.IndigosTestMap (0.020170s)
[2018.05.21-11.58.46:261][ 72]LogInit: XAudio2 using 'Altavoces (Realtek High Definition Audio)' : 2 channels at 48 kHz using 32 bits per sample (channel mask 0x3)
[2018.05.21-11.58.46:273][ 72]LogInit: FAudioDevice initialized.
[2018.05.21-11.58.46:306][ 72]LogLoad: Game class is 'GameMode_BP_C'
[2018.05.21-11.58.46:313][ 72]LogWorld: Bringing World /Game/Maps/0_IndigosTestMap/UEDPIE_0_IndigosTestMap.IndigosTestMap up for play (max tick rate 0) at 2018.05.21-13.58.46
[2018.05.21-11.58.46:314][ 72]LogWorld: Bringing up level for play took: 0.006248
[2018.05.21-11.58.46:316][ 72]PIE: Play in editor start time for /Game/Maps/0_IndigosTestMap/UEDPIE_0_IndigosTestMap 0.472
[2018.05.21-11.58.46:317][ 72]LogBlueprintUserMessages: Late PlayInEditor Detection: Level '/Game/Maps/0_IndigosTestMap/IndigosTestMap.IndigosTestMap:PersistentLevel' has LevelScriptBlueprint '/Game/Maps/0_IndigosTestMap/IndigosTestMap.IndigosTestMap:PersistentLevel.IndigosTestMap' with GeneratedClass '/Game/Maps/0_IndigosTestMap/IndigosTestMap.IndigosTestMap_C' with ClassGeneratedBy '/Game/Maps/0_IndigosTestMap/IndigosTestMap.IndigosTestMap:PersistentLevel.IndigosTestMap'
[2018.05.21-11.58.50:008][507]Set new viewmode: Wireframe
[2018.05.21-11.58.50:775][599]Set new viewmode: Wireframe
[2018.05.21-11.58.51:155][644]Set new viewmode: Wireframe
[2018.05.21-11.58.52:378][789]Set new viewmode: Wireframe
[2018.05.21-11.58.52:816][841]Set new viewmode: Unlit
[2018.05.21-11.58.53:363][906]Set new viewmode: Lit
[2018.05.21-11.58.54:094][993]Set new viewmode: Lit_DetailLighting
[2018.05.21-11.58.54:795][ 75]Set new viewmode: Lit_DetailLighting
[2018.05.21-11.58.55:870][204]Set new viewmode: ShaderComplexity
[2018.05.21-11.58.56:862][320]Set new viewmode: ShaderComplexity
[2018.05.21-11.58.57:304][372]Set new viewmode: Lit_DetailLighting
[2018.05.21-11.58.58:249][484]Set new viewmode: Lit
[2018.05.21-11.59.05:777][261]LogBlueprintUserMessages: Early EndPlayMap Detection: Level '/Game/Maps/0_IndigosTestMap/IndigosTestMap.IndigosTestMap:PersistentLevel' has LevelScriptBlueprint '/Game/Maps/0_IndigosTestMap/IndigosTestMap.IndigosTestMap:PersistentLevel.IndigosTestMap' with GeneratedClass '/Game/Maps/0_IndigosTestMap/IndigosTestMap.IndigosTestMap_C' with ClassGeneratedBy '/Game/Maps/0_IndigosTestMap/IndigosTestMap.IndigosTestMap:PersistentLevel.IndigosTestMap'
[2018.05.21-11.59.05:811][261]LogBlueprintUserMessages: Late EndPlayMap Detection: Level '/Game/Maps/0_IndigosTestMap/IndigosTestMap.IndigosTestMap:PersistentLevel' has LevelScriptBlueprint '/Game/Maps/0_IndigosTestMap/IndigosTestMap.IndigosTestMap:PersistentLevel.IndigosTestMap' with GeneratedClass '/Game/Maps/0_IndigosTestMap/IndigosTestMap.IndigosTestMap_C' with ClassGeneratedBy '/Game/Maps/0_IndigosTestMap/IndigosTestMap.IndigosTestMap:PersistentLevel.IndigosTestMap'
[2018.05.21-11.59.12:036][929]LogEditorViewport: Clicking on Actor (LMB): StaticMeshActor (Floor)
[2018.05.21-11.59.14:444][174]LogEditorViewport: Clicking on Actor (LMB): ActivatorKey_BP_C (ActivatorKey_BP)
[2018.05.21-11.59.33:139][995]Cmd: QUIT_EDITOR
[2018.05.21-11.59.33:458][995]LogWindowsTextInputMethodSystem: Display: IME system now deactivated.
[2018.05.21-11.59.33:477][995]LogExit: Preparing to exit.
[2018.05.21-11.59.34:450][995]LogDirectoryWatcher: A directory notification for 'C:/GitHub/Potatos-Dragons/RE_Indigos/Content/' was aborted.
[2018.05.21-11.59.34:488][995]LogExit: Editor shut down
[2018.05.21-11.59.34:496][995]LogExit: Transaction tracking system shut down
[2018.05.21-11.59.34:659][995]LogDirectoryWatcher: A directory notification for '../../../Engine/Content/' was aborted.
[2018.05.21-11.59.34:659][995]LogDirectoryWatcher: A directory notification for '../../../../../GitHub/Potatos-Dragons/RE_Indigos/Content/' was aborted.
[2018.05.21-11.59.34:659][995]LogDirectoryWatcher: A directory notification for '../../../Engine/Plugins/2D/Paper2D/Content/' was aborted.
[2018.05.21-11.59.34:659][995]LogDirectoryWatcher: A directory notification for '../../../Engine/Plugins/Media/MediaCompositing/Content/' was aborted.
[2018.05.21-11.59.34:659][995]LogDirectoryWatcher: A directory notification for '../../../Engine/Plugins/Runtime/AppleARKit/Content/' was aborted.
[2018.05.21-11.59.34:659][995]LogDirectoryWatcher: A directory notification for '../../../Engine/Plugins/Runtime/Oculus/OculusVR/Content/' was aborted.
[2018.05.21-11.59.34:660][995]LogDirectoryWatcher: A directory notification for '../../../Engine/Plugins/Runtime/Steam/SteamVR/Content/' was aborted.
[2018.05.21-11.59.34:754][995]LogExit: Object subsystem successfully closed.
[2018.05.21-11.59.34:794][995]LogD3D11RHI: Shutdown
[2018.05.21-11.59.34:794][995]LogD3D11RHI: CleanupD3DDevice
[2018.05.21-11.59.34:800][995]LogD3D11RHI: ~FD3D11DynamicRHI
[2018.05.21-11.59.34:862][995]LogModuleManager: Shutting down and abandoning module MovieSceneCapture (550)
[2018.05.21-11.59.34:862][995]LogModuleManager: Shutting down and abandoning module HierarchicalLODOutliner (548)
[2018.05.21-11.59.34:862][995]LogModuleManager: Shutting down and abandoning module SceneOutliner (546)
[2018.05.21-11.59.34:862][995]LogModuleManager: Shutting down and abandoning module AddContentDialog (544)
[2018.05.21-11.59.34:862][995]LogDirectoryWatcher: A directory notification for 'C:/Unreal/UE_4.18/FeaturePacks/' was aborted.
[2018.05.21-11.59.34:864][995]LogModuleManager: Shutting down and abandoning module WidgetCarousel (543)
[2018.05.21-11.59.34:864][995]LogModuleManager: Shutting down and abandoning module EditorWidgets (540)
[2018.05.21-11.59.34:864][995]LogModuleManager: Shutting down and abandoning module CollectionManager (538)
[2018.05.21-11.59.34:864][995]LogDirectoryWatcher: A directory notification for 'C:/GitHub/Potatos-Dragons/RE_Indigos/Content/Collections/' was aborted.
[2018.05.21-11.59.34:865][995]LogDirectoryWatcher: A directory notification for 'C:/GitHub/Potatos-Dragons/RE_Indigos/Content/Developers/Maska/Collections/' was aborted.
[2018.05.21-11.59.34:865][995]LogDirectoryWatcher: A directory notification for 'C:/GitHub/Potatos-Dragons/RE_Indigos/Saved/Collections/' was aborted.
[2018.05.21-11.59.34:865][995]LogModuleManager: Shutting down and abandoning module StatsViewer (536)
[2018.05.21-11.59.34:865][995]LogModuleManager: Shutting down and abandoning module FoliageEdit (534)
[2018.05.21-11.59.34:865][995]LogModuleManager: Shutting down and abandoning module LandscapeEditor (532)
[2018.05.21-11.59.34:865][995]LogModuleManager: Shutting down and abandoning module MeshPaintMode (530)
[2018.05.21-11.59.34:865][995]LogModuleManager: Shutting down and abandoning module SceneDepthPickerMode (528)
[2018.05.21-11.59.34:865][995]LogModuleManager: Shutting down and abandoning module ActorPickerMode (526)
[2018.05.21-11.59.34:865][995]LogModuleManager: Shutting down and abandoning module GeometryMode (524)
[2018.05.21-11.59.34:865][995]LogModuleManager: Shutting down and abandoning module TextureAlignMode (522)
[2018.05.21-11.59.34:865][995]LogModuleManager: Shutting down and abandoning module BspMode (520)
[2018.05.21-11.59.34:865][995]LogModuleManager: Shutting down and abandoning module PIEPreviewDeviceProfileSelector (518)
[2018.05.21-11.59.34:865][995]LogModuleManager: Shutting down and abandoning module HardwareSurvey (516)
[2018.05.21-11.59.34:865][995]LogModuleManager: Shutting down and abandoning module SequenceRecorderSections (514)
[2018.05.21-11.59.34:865][995]LogModuleManager: Shutting down and abandoning module AutomationWorker (512)
[2018.05.21-11.59.34:866][995]LogModuleManager: Shutting down and abandoning module MatineeToLevelSequence (510)
[2018.05.21-11.59.34:866][995]LogModuleManager: Shutting down and abandoning module LevelSequenceEditor (508)
[2018.05.21-11.59.34:866][995]LogModuleManager: Shutting down and abandoning module PlacementMode (507)
[2018.05.21-11.59.34:866][995]LogModuleManager: Shutting down and abandoning module WmfMediaFactory (504)
[2018.05.21-11.59.34:866][995]LogModuleManager: Shutting down and abandoning module WmfMediaEditor (502)
[2018.05.21-11.59.34:866][995]LogModuleManager: Shutting down and abandoning module OpenExrWrapper (500)
[2018.05.21-11.59.34:866][995]LogModuleManager: Shutting down and abandoning module ImgMediaFactory (498)
[2018.05.21-11.59.34:866][995]LogModuleManager: Shutting down and abandoning module ImgMediaEditor (496)
[2018.05.21-11.59.34:867][995]LogModuleManager: Shutting down and abandoning module AvfMediaFactory (494)
[2018.05.21-11.59.34:867][995]LogModuleManager: Shutting down and abandoning module AvfMediaEditor (492)
[2018.05.21-11.59.34:867][995]LogModuleManager: Shutting down and abandoning module AndroidMediaFactory (490)
[2018.05.21-11.59.34:867][995]LogModuleManager: Shutting down and abandoning module AndroidMediaEditor (488)
[2018.05.21-11.59.34:867][995]LogModuleManager: Shutting down and abandoning module CharacterAI (486)
[2018.05.21-11.59.34:867][995]LogModuleManager: Shutting down and abandoning module AudioCapture (484)
[2018.05.21-11.59.34:867][995]LogModuleManager: Shutting down and abandoning module SequenceRecorder (483)
[2018.05.21-11.59.34:867][995]LogModuleManager: Shutting down and abandoning module SmartSnapping (480)
[2018.05.21-11.59.34:867][995]LogModuleManager: Shutting down and abandoning module SessionServices (478)
[2018.05.21-11.59.34:867][995]LogModuleManager: Shutting down and abandoning module ViewportSnapping (476)
[2018.05.21-11.59.34:867][995]LogModuleManager: Shutting down and abandoning module ViewportInteraction (474)
[2018.05.21-11.59.34:867][995]LogModuleManager: Shutting down and abandoning module ClothPainter (472)
[2018.05.21-11.59.34:867][995]LogModuleManager: Shutting down and abandoning module SkeletalMeshEditor (471)
[2018.05.21-11.59.34:868][995]LogModuleManager: Shutting down and abandoning module LogVisualizer (468)
[2018.05.21-11.59.34:868][995]LogModuleManager: Shutting down and abandoning module IntroTutorials (466)
[2018.05.21-11.59.34:868][995]LogModuleManager: Shutting down and abandoning module GameProjectGeneration (465)
[2018.05.21-11.59.34:868][995]LogModuleManager: Shutting down and abandoning module IOSPlatformEditor (462)
[2018.05.21-11.59.34:868][995]LogModuleManager: Shutting down and abandoning module HTML5PlatformEditor (460)
[2018.05.21-11.59.34:869][995]LogModuleManager: Shutting down and abandoning module AndroidPlatformEditor (458)
[2018.05.21-11.59.34:869][995]LogModuleManager: Shutting down and abandoning module AndroidDeviceDetection (457)
[2018.05.21-11.59.35:094][995]LogModuleManager: Shutting down and abandoning module WindowsPlatformEditor (454)
[2018.05.21-11.59.35:094][995]LogModuleManager: Shutting down and abandoning module IOSRuntimeSettings (452)
[2018.05.21-11.59.35:094][995]LogModuleManager: Shutting down and abandoning module AndroidRuntimeSettings (450)
[2018.05.21-11.59.35:094][995]LogModuleManager: Shutting down and abandoning module InputBindingEditor (448)
[2018.05.21-11.59.35:094][995]LogModuleManager: Shutting down and abandoning module MergeActors (446)
[2018.05.21-11.59.35:094][995]LogModuleManager: Shutting down and abandoning module SizeMap (444)
[2018.05.21-11.59.35:094][995]LogModuleManager: Shutting down and abandoning module TreeMap (442)
[2018.05.21-11.59.35:094][995]LogModuleManager: Shutting down and abandoning module ReferenceViewer (440)
[2018.05.21-11.59.35:094][995]LogModuleManager: Shutting down and abandoning module LocalizationDashboard (438)
[2018.05.21-11.59.35:094][995]LogModuleManager: Shutting down and abandoning module LocalizationService (437)
[2018.05.21-11.59.35:094][995]LogModuleManager: Shutting down and abandoning module HardwareTargeting (434)
[2018.05.21-11.59.35:095][995]LogModuleManager: Shutting down and abandoning module DeviceProfileEditor (432)
[2018.05.21-11.59.35:095][995]LogModuleManager: Shutting down and abandoning module UndoHistory (430)
[2018.05.21-11.59.35:095][995]LogModuleManager: Shutting down and abandoning module XmlParser (428)
[2018.05.21-11.59.35:095][995]LogModuleManager: Shutting down and abandoning module Blutility (426)
[2018.05.21-11.59.35:095][995]LogModuleManager: Shutting down and abandoning module ProjectSettingsViewer (424)
[2018.05.21-11.59.35:095][995]LogModuleManager: Shutting down and abandoning module ProjectTargetPlatformEditor (423)
[2018.05.21-11.59.35:095][995]LogModuleManager: Shutting down and abandoning module EditorSettingsViewer (420)
[2018.05.21-11.59.35:095][995]LogModuleManager: Shutting down and abandoning module SettingsEditor (418)
[2018.05.21-11.59.35:095][995]LogModuleManager: Shutting down and abandoning module ProjectLauncher (416)
[2018.05.21-11.59.35:095][995]LogModuleManager: Shutting down and abandoning module SessionFrontend (414)
[2018.05.21-11.59.35:095][995]LogModuleManager: Shutting down and abandoning module ProfilerClient (412)
[2018.05.21-11.59.35:095][995]LogModuleManager: Shutting down and abandoning module DeviceManager (410)
[2018.05.21-11.59.35:096][995]LogModuleManager: Shutting down and abandoning module TargetDeviceServices (409)
[2018.05.21-11.59.35:151][995]LogModuleManager: Shutting down and abandoning module AutomationController (406)
[2018.05.21-11.59.35:151][995]LogModuleManager: Shutting down and abandoning module AutomationWindow (404)
[2018.05.21-11.59.35:152][995]LogModuleManager: Shutting down and abandoning module Layers (402)
[2018.05.21-11.59.35:153][995]LogModuleManager: Shutting down and abandoning module ComponentVisualizers (400)
[2018.05.21-11.59.35:153][995]LogModuleManager: Shutting down and abandoning module DetailCustomizations (398)
[2018.05.21-11.59.35:153][995]LogModuleManager: Shutting down and abandoning module PackagesDialog (396)
[2018.05.21-11.59.35:154][995]LogModuleManager: Shutting down and abandoning module Persona (394)
[2018.05.21-11.59.35:154][995]LogModuleManager: Shutting down and abandoning module AdvancedPreviewScene (393)
[2018.05.21-11.59.35:155][995]LogModuleManager: Shutting down and abandoning module AnimGraph (391)
[2018.05.21-11.59.35:155][995]LogModuleManager: Shutting down and abandoning module Kismet (388)
[2018.05.21-11.59.35:157][995]LogModuleManager: Shutting down and abandoning module ClassViewer (386)
[2018.05.21-11.59.35:157][995]LogModuleManager: Shutting down and abandoning module Toolbox (384)
[2018.05.21-11.59.35:157][995]LogModuleManager: Shutting down and abandoning module ModuleUI (382)
[2018.05.21-11.59.35:157][995]LogModuleManager: Shutting down and abandoning module MovieSceneTools (380)
[2018.05.21-11.59.35:158][995]LogModuleManager: Shutting down and abandoning module OutputLog (378)
[2018.05.21-11.59.35:158][995]LogModuleManager: Shutting down and abandoning module GammaUI (376)
[2018.05.21-11.59.35:158][995]LogModuleManager: Shutting down and abandoning module Documentation (374)
[2018.05.21-11.59.35:158][995]LogModuleManager: Shutting down and abandoning module MovieSceneTracks (372)
[2018.05.21-11.59.35:158][995]LogModuleManager: Shutting down and abandoning module MovieScene (370)
[2018.05.21-11.59.35:158][995]LogModuleManager: Shutting down and abandoning module StreamingPauseRendering (368)
[2018.05.21-11.59.35:158][995]LogModuleManager: Shutting down and abandoning module LauncherPlatform (366)
[2018.05.21-11.59.35:158][995]LogModuleManager: Shutting down and abandoning module AnalyticsET (364)
[2018.05.21-11.59.35:159][995]LogModuleManager: Shutting down and abandoning module PortalServices (362)
[2018.05.21-11.59.35:159][995]LogModuleManager: Shutting down and abandoning module PortalRpc (360)
[2018.05.21-11.59.35:159][995]LogModuleManager: Shutting down and abandoning module MessagingRpc (358)
[2018.05.21-11.59.35:159][995]LogModuleManager: Shutting down and abandoning module AIModule (356)
[2018.05.21-11.59.35:159][995]LogModuleManager: Shutting down and abandoning module GameplayDebugger (355)
[2018.05.21-11.59.35:159][995]LogModuleManager: Shutting down and abandoning module AITestSuite (353)
[2018.05.21-11.59.35:159][995]LogModuleManager: Shutting down and abandoning module DesktopPlatform (350)
[2018.05.21-11.59.35:159][995]LogModuleManager: Shutting down and abandoning module ProfilerService (348)
[2018.05.21-11.59.35:248][995]LogModuleManager: Shutting down and abandoning module TaskGraph (346)
[2018.05.21-11.59.35:248][995]LogModuleManager: Shutting down and abandoning module SteamVRController (344)
[2018.05.21-11.59.35:248][995]LogModuleManager: Shutting down and abandoning module ProceduralMeshComponentEditor (342)
[2018.05.21-11.59.35:248][995]LogModuleManager: Shutting down and abandoning module ProceduralMeshComponent (340)
[2018.05.21-11.59.35:248][995]LogModuleManager: Shutting down and abandoning module OculusInput (338)
[2018.05.21-11.59.35:248][995]LogModuleManager: Shutting down and abandoning module MobilePatchingUtils (336)
[2018.05.21-11.59.35:248][995]LogModuleManager: Shutting down and abandoning module CustomMeshComponent (334)
[2018.05.21-11.59.35:248][995]LogModuleManager: Shutting down and abandoning module CableComponent (332)
[2018.05.21-11.59.35:248][995]LogModuleManager: Shutting down and abandoning module ArchVisCharacter (330)
[2018.05.21-11.59.35:248][995]LogModuleManager: Shutting down and abandoning module AndroidPermission (328)
[2018.05.21-11.59.35:248][995]LogModuleManager: Shutting down and abandoning module ActorSequence (324)
[2018.05.21-11.59.35:248][995]LogModuleManager: Shutting down and abandoning module MediaPlayerEditor (322)
[2018.05.21-11.59.35:249][995]LogModuleManager: Shutting down and abandoning module MediaCompositingEditor (320)
[2018.05.21-11.59.35:249][995]LogModuleManager: Shutting down and abandoning module MediaCompositing (318)
[2018.05.21-11.59.35:249][995]LogModuleManager: Shutting down and abandoning module HTML5Networking (316)
[2018.05.21-11.59.35:249][995]LogModuleManager: Shutting down and abandoning module AlembicImporter (314)
[2018.05.21-11.59.35:249][995]LogModuleManager: Shutting down and abandoning module AlembicLibrary (313)
[2018.05.21-11.59.35:249][995]LogModuleManager: Shutting down and abandoning module GeometryCache (312)
[2018.05.21-11.59.35:249][995]LogModuleManager: Shutting down and abandoning module GeometryCacheEd (311)
[2018.05.21-11.59.35:250][995]LogModuleManager: Shutting down and abandoning module SpeedTreeImporter (306)
[2018.05.21-11.59.35:250][995]LogModuleManager: Shutting down and abandoning module PluginBrowser (304)
[2018.05.21-11.59.35:250][995]LogModuleManager: Shutting down and abandoning module MobileLauncherProfileWizard (302)
[2018.05.21-11.59.35:250][995]LogModuleManager: Shutting down and abandoning module VisualStudioSourceCodeAccess (300)
[2018.05.21-11.59.35:250][995]LogModuleManager: Shutting down and abandoning module VisualStudioCodeSourceCodeAccess (298)
[2018.05.21-11.59.35:250][995]LogModuleManager: Shutting down and abandoning module UObjectPlugin (296)
[2018.05.21-11.59.35:250][995]LogModuleManager: Shutting down and abandoning module SubversionSourceControl (294)
[2018.05.21-11.59.35:250][995]LogModuleManager: Shutting down and abandoning module PerforceSourceControl (292)
[2018.05.21-11.59.35:251][995]LogModuleManager: Shutting down and abandoning module GitSourceControl (290)
[2018.05.21-11.59.35:251][995]LogModuleManager: Shutting down and abandoning module SourceControl (289)
[2018.05.21-11.59.35:251][995]LogModuleManager: Shutting down and abandoning module LightPropagationVolumeEditor (286)
[2018.05.21-11.59.35:251][995]LogModuleManager: Shutting down and abandoning module PaperTiledImporter (284)
[2018.05.21-11.59.35:251][995]LogModuleManager: Shutting down and abandoning module PaperSpriteSheetImporter (282)
[2018.05.21-11.59.35:251][995]LogModuleManager: Shutting down and abandoning module Paper2DEditor (280)
[2018.05.21-11.59.35:251][995]LogModuleManager: Shutting down and abandoning module MeshPaint (279)
[2018.05.21-11.59.35:251][995]LogModuleManager: Shutting down and abandoning module LevelEditor (277)
[2018.05.21-11.59.35:253][995]LogModuleManager: Shutting down and abandoning module PixelInspectorModule (276)
[2018.05.21-11.59.35:253][995]LogModuleManager: Shutting down and abandoning module MainFrame (274)
[2018.05.21-11.59.35:254][995]LogModuleManager: Shutting down and abandoning module HotReload (273)
[2018.05.21-11.59.35:254][995]LogModuleManager: Shutting down and abandoning module RuntimePhysXCooking (268)
[2018.05.21-11.59.35:254][995]LogModuleManager: Shutting down and abandoning module PhysXVehiclesEditor (266)
[2018.05.21-11.59.35:254][995]LogModuleManager: Shutting down and abandoning module PhysXVehicles (264)
[2018.05.21-11.59.35:254][995]LogModuleManager: Shutting down and abandoning module OculusEditor (262)
[2018.05.21-11.59.35:255][995]LogModuleManager: Shutting down and abandoning module LocationServicesBPLibrary (260)
[2018.05.21-11.59.35:255][995]LogModuleManager: Shutting down and abandoning module ImmediatePhysicsEditor (258)
[2018.05.21-11.59.35:255][995]LogModuleManager: Shutting down and abandoning module ImmediatePhysics (256)
[2018.05.21-11.59.35:255][995]LogModuleManager: Shutting down and abandoning module UdpMessaging (254)
[2018.05.21-11.59.35:356][995]LogModuleManager: Shutting down and abandoning module TcpMessaging (252)
[2018.05.21-11.59.35:457][995]LogModuleManager: Shutting down and abandoning module GameplayTagsEditor (250)
[2018.05.21-11.59.35:457][995]LogModuleManager: Shutting down and abandoning module FacialAnimationEditor (248)
[2018.05.21-11.59.35:457][995]LogModuleManager: Shutting down and abandoning module FacialAnimation (246)
[2018.05.21-11.59.35:457][995]LogModuleManager: Shutting down and abandoning module AssetManagerEditor (244)
[2018.05.21-11.59.35:457][995]LogModuleManager: Shutting down and abandoning module GraphEditor (243)
[2018.05.21-11.59.35:458][995]LogModuleManager: Shutting down and abandoning module ContentBrowser (241)
[2018.05.21-11.59.35:461][995]LogModuleManager: Shutting down and abandoning module LightPropagationVolumeRuntime (238)
[2018.05.21-11.59.35:461][995]LogModuleManager: Shutting down and abandoning module Paper2D (236)
[2018.05.21-11.59.35:461][995]LogModuleManager: Shutting down and abandoning module WindowsMoviePlayer (234)
[2018.05.21-11.59.35:461][995]LogModuleManager: Shutting down and abandoning module WmfMedia (232)
[2018.05.21-11.59.35:465][995]LogModuleManager: Shutting down and abandoning module ImgMedia (230)
[2018.05.21-11.59.35:465][995]LogModuleManager: Shutting down and abandoning module PacketHandler (228)
[2018.05.21-11.59.35:465][995]LogModuleManager: Shutting down and abandoning module ClothingSystemEditor (226)
[2018.05.21-11.59.35:465][995]LogModuleManager: Shutting down and abandoning module ClothingSystemRuntime (224)
[2018.05.21-11.59.35:465][995]LogModuleManager: Shutting down and abandoning module MediaAssets (222)
[2018.05.21-11.59.35:465][995]LogModuleManager: Shutting down and abandoning module Media (221)
[2018.05.21-11.59.35:471][995]LogModuleManager: Shutting down and abandoning module Overlay (218)
[2018.05.21-11.59.35:471][995]LogModuleManager: Shutting down and abandoning module OverlayEditor (217)
[2018.05.21-11.59.35:471][995]LogModuleManager: Shutting down and abandoning module VREditor (214)
[2018.05.21-11.59.35:472][995]LogModuleManager: Shutting down and abandoning module StringTableEditor (212)
[2018.05.21-11.59.35:472][995]LogModuleManager: Shutting down and abandoning module GameplayTasksEditor (210)
[2018.05.21-11.59.35:472][995]LogModuleManager: Shutting down and abandoning module BehaviorTreeEditor (208)
[2018.05.21-11.59.35:472][995]LogModuleManager: Shutting down and abandoning module FunctionalTesting (206)
[2018.05.21-11.59.35:472][995]LogModuleManager: Shutting down and abandoning module CollisionAnalyzer (204)
[2018.05.21-11.59.35:473][995]LogModuleManager: Shutting down and abandoning module WorkspaceMenuStructure (203)
[2018.05.21-11.59.35:473][995]LogModuleManager: Shutting down and abandoning module UMG (200)
[2018.05.21-11.59.35:473][995]LogModuleManager: Shutting down and abandoning module UMGEditor (199)
[2018.05.21-11.59.35:473][995]LogModuleManager: Shutting down and abandoning module Sequencer (198)
[2018.05.21-11.59.35:474][995]LogModuleManager: Shutting down and abandoning module MessageLog (195)
[2018.05.21-11.59.35:474][995]LogModuleManager: Shutting down and abandoning module SlateReflector (190)
[2018.05.21-11.59.35:475][995]LogModuleManager: Shutting down and abandoning module Slate (188)
[2018.05.21-11.59.35:475][995]LogModuleManager: Shutting down and abandoning module EditorStyle (186)
[2018.05.21-11.59.35:481][995]LogModuleManager: Shutting down and abandoning module MRMesh (184)
[2018.05.21-11.59.35:481][995]LogModuleManager: Shutting down and abandoning module SourceCodeAccess (182)
[2018.05.21-11.59.35:481][995]LogModuleManager: Shutting down and abandoning module HeadMountedDisplay (180)
[2018.05.21-11.59.35:481][995]LogModuleManager: Shutting down and abandoning module XAudio2 (178)
[2018.05.21-11.59.35:481][995]LogModuleManager: Shutting down and abandoning module Networking (176)
[2018.05.21-11.59.35:481][995]LogModuleManager: Shutting down and abandoning module Core (172)
[2018.05.21-11.59.35:481][995]LogModuleManager: Shutting down and abandoning module LevelSequence (168)
[2018.05.21-11.59.35:481][995]LogModuleManager: Shutting down and abandoning module DirectoryWatcher (166)
[2018.05.21-11.59.35:483][995]LogModuleManager: Shutting down and abandoning module KismetCompiler (164)
[2018.05.21-11.59.35:483][995]LogModuleManager: Shutting down and abandoning module MeshUtilities (162)
[2018.05.21-11.59.35:483][995]LogModuleManager: Shutting down and abandoning module MeshMergeUtilities (161)
[2018.05.21-11.59.35:484][995]LogModuleManager: Shutting down and abandoning module MeshReductionInterface (160)
[2018.05.21-11.59.35:484][995]LogModuleManager: Shutting down and abandoning module SimplygonSwarm (159)
[2018.05.21-11.59.35:484][995]LogModuleManager: Shutting down and abandoning module SimplygonMeshReduction (157)
[2018.05.21-11.59.35:484][995]LogModuleManager: Shutting down and abandoning module QuadricMeshReduction (155)
[2018.05.21-11.59.35:484][995]LogModuleManager: Shutting down and abandoning module MaterialBaking (151)
[2018.05.21-11.59.35:485][995]LogModuleManager: Shutting down and abandoning module DerivedDataCache (148)
[2018.05.21-11.59.35:564][995]LogDerivedDataCache: Shutdown
[2018.05.21-11.59.35:564][995]LogModuleManager: Shutting down and abandoning module TargetPlatform (146)
[2018.05.21-11.59.35:564][995]LogModuleManager: Shutting down and abandoning module VulkanShaderFormat (145)
[2018.05.21-11.59.35:564][995]LogModuleManager: Shutting down and abandoning module ShaderFormatVectorVM (143)
[2018.05.21-11.59.35:565][995]LogModuleManager: Shutting down and abandoning module ShaderFormatOpenGL (141)
[2018.05.21-11.59.35:565][995]LogModuleManager: Shutting down and abandoning module ShaderFormatD3D (139)
[2018.05.21-11.59.35:565][995]LogModuleManager: Shutting down and abandoning module MetalShaderFormat (137)
[2018.05.21-11.59.35:565][995]LogModuleManager: Shutting down and abandoning module TextureFormatUncompressed (135)
[2018.05.21-11.59.35:565][995]LogModuleManager: Shutting down and abandoning module TextureFormatPVR (133)
[2018.05.21-11.59.35:565][995]LogModuleManager: Shutting down and abandoning module TextureFormatDXT (131)
[2018.05.21-11.59.35:565][995]LogModuleManager: Shutting down and abandoning module TextureFormatIntelISPCTexComp (129)
[2018.05.21-11.59.35:566][995]LogModuleManager: Shutting down and abandoning module TextureFormatASTC (127)
[2018.05.21-11.59.35:566][995]LogModuleManager: Shutting down and abandoning module ImageWrapper (126)
[2018.05.21-11.59.35:566][995]LogModuleManager: Shutting down and abandoning module TextureFormatAndroid (123)
[2018.05.21-11.59.35:566][995]LogModuleManager: Shutting down and abandoning module AudioFormatOpus (121)
[2018.05.21-11.59.35:566][995]LogModuleManager: Shutting down and abandoning module AudioFormatOgg (119)
[2018.05.21-11.59.35:566][995]LogModuleManager: Shutting down and abandoning module AudioFormatADPCM (117)
[2018.05.21-11.59.35:566][995]LogModuleManager: Shutting down and abandoning module LinuxTargetPlatform (115)
[2018.05.21-11.59.35:566][995]LogModuleManager: Shutting down and abandoning module LinuxServerTargetPlatform (113)
[2018.05.21-11.59.35:566][995]LogModuleManager: Shutting down and abandoning module LinuxNoEditorTargetPlatform (111)
[2018.05.21-11.59.35:566][995]LogModuleManager: Shutting down and abandoning module LinuxClientTargetPlatform (109)
[2018.05.21-11.59.35:566][995]LogModuleManager: Shutting down and abandoning module TVOSTargetPlatform (107)
[2018.05.21-11.59.35:566][995]LogModuleManager: Shutting down and abandoning module Messaging (105)
[2018.05.21-11.59.35:566][995]LogModuleManager: Shutting down and abandoning module IOSTargetPlatform (103)
[2018.05.21-11.59.35:566][995]LogModuleManager: Shutting down and abandoning module HTML5TargetPlatform (101)
[2018.05.21-11.59.35:566][995]LogModuleManager: Shutting down and abandoning module AndroidTargetPlatform (99)
[2018.05.21-11.59.35:566][995]LogModuleManager: Shutting down and abandoning module Android_PVRTCTargetPlatform (97)
[2018.05.21-11.59.35:566][995]LogModuleManager: Shutting down and abandoning module Android_MultiTargetPlatform (95)
[2018.05.21-11.59.35:566][995]LogModuleManager: Shutting down and abandoning module Android_ETC2TargetPlatform (93)
[2018.05.21-11.59.35:566][995]LogModuleManager: Shutting down and abandoning module Android_ETC1TargetPlatform (91)
[2018.05.21-11.59.35:566][995]LogModuleManager: Shutting down and abandoning module Android_DXTTargetPlatform (89)
[2018.05.21-11.59.35:566][995]LogModuleManager: Shutting down and abandoning module Android_ATCTargetPlatform (87)
[2018.05.21-11.59.35:566][995]LogModuleManager: Shutting down and abandoning module Android_ASTCTargetPlatform (85)
[2018.05.21-11.59.35:567][995]LogModuleManager: Shutting down and abandoning module WindowsTargetPlatform (83)
[2018.05.21-11.59.35:567][995]LogModuleManager: Shutting down and abandoning module WindowsServerTargetPlatform (81)
[2018.05.21-11.59.35:567][995]LogModuleManager: Shutting down and abandoning module WindowsNoEditorTargetPlatform (79)
[2018.05.21-11.59.35:567][995]LogModuleManager: Shutting down and abandoning module WindowsClientTargetPlatform (77)
[2018.05.21-11.59.35:567][995]LogModuleManager: Shutting down and abandoning module MacTargetPlatform (75)
[2018.05.21-11.59.35:567][995]LogModuleManager: Shutting down and abandoning module MacServerTargetPlatform (73)
[2018.05.21-11.59.35:567][995]LogModuleManager: Shutting down and abandoning module MacNoEditorTargetPlatform (71)
[2018.05.21-11.59.35:567][995]LogModuleManager: Shutting down and abandoning module MacClientTargetPlatform (69)
[2018.05.21-11.59.35:567][995]LogModuleManager: Shutting down and abandoning module AllDesktopTargetPlatform (67)
[2018.05.21-11.59.35:567][995]LogModuleManager: Shutting down and abandoning module InputCore (64)
[2018.05.21-11.59.35:567][995]LogModuleManager: Shutting down and abandoning module Settings (62)
[2018.05.21-11.59.35:567][995]LogModuleManager: Shutting down and abandoning module PhysXCooking (60)
[2018.05.21-11.59.35:567][995]LogModuleManager: Shutting down and abandoning module SteamVR (58)
[2018.05.21-11.59.35:567][995]LogModuleManager: Shutting down and abandoning module OculusHMD (56)
[2018.05.21-11.59.35:567][995]LogModuleManager: Shutting down and abandoning module ExampleDeviceProfileSelector (54)
[2018.05.21-11.59.35:567][995]LogModuleManager: Shutting down and abandoning module AppleARKit (52)
[2018.05.21-11.59.35:568][995]LogModuleManager: Shutting down and abandoning module AugmentedReality (51)
[2018.05.21-11.59.35:568][995]LogModuleManager: Shutting down and abandoning module OnlineBlueprintSupport (48)
[2018.05.21-11.59.35:568][995]LogModuleManager: Shutting down and abandoning module OnlineSubsystem (44)
[2018.05.21-11.59.35:568][995]LogModuleManager: Shutting down and abandoning module XMPP (43)
[2018.05.21-11.59.35:569][995]LogModuleManager: Shutting down and abandoning module HTTP (41)
[2018.05.21-11.59.35:569][995]LogHttp: Display: Http module shutting down, but needs to wait on 1 outstanding Http requests:
[2018.05.21-11.59.35:569][995]LogHttp: Display: 	verb=[POST] url=[https://datarouter.ol.epicgames.com/datarouter/api/v1/public/data?SessionID=%7B47C5B601-45AB-8CC9-114C-298503788712%7D&AppID=UEEditor.Rocket.Release&AppVersion=4.18.3-3832480%2B%2B%2BUE4%2BRelease-4.18&UserID=4f94882548b03a49d2c49ab8b6d0e46f%7C091871cc51824b0aab3c49cbbee25db9%7C362612ac-21ae-41cb-8c06-1c1b4df4485b&AppEnvironment=datacollector-binary&UploadType=eteventstream] status=Processing
[2018.05.21-11.59.35:591][995]LogModuleManager: Shutting down and abandoning module SSL (40)
[2018.05.21-11.59.35:593][995]LogModuleManager: Shutting down and abandoning module AnimationModifiers (36)
[2018.05.21-11.59.35:594][995]LogModuleManager: Shutting down and abandoning module PropertyEditor (35)
[2018.05.21-11.59.35:594][995]LogModuleManager: Shutting down and abandoning module AudioEditor (32)
[2018.05.21-11.59.35:594][995]LogModuleManager: Shutting down and abandoning module TextureCompressor (30)
[2018.05.21-11.59.35:594][995]LogModuleManager: Shutting down and abandoning module ShaderCore (28)
[2018.05.21-11.59.35:594][995]LogModuleManager: Shutting down and abandoning module Landscape (26)
[2018.05.21-11.59.35:594][995]LogModuleManager: Shutting down and abandoning module SlateRHIRenderer (24)
[2018.05.21-11.59.35:597][995]LogModuleManager: Shutting down and abandoning module OpenGLDrv (22)
[2018.05.21-11.59.35:598][995]LogModuleManager: Shutting down and abandoning module D3D11RHI (20)
[2018.05.21-11.59.35:598][995]LogModuleManager: Shutting down and abandoning module AnimGraphRuntime (18)
[2018.05.21-11.59.35:598][995]LogModuleManager: Shutting down and abandoning module Renderer (16)
[2018.05.21-11.59.35:598][995]LogModuleManager: Shutting down and abandoning module Engine (14)
[2018.05.21-11.59.35:598][995]LogModuleManager: Shutting down and abandoning module CoreUObject (12)
[2018.05.21-11.59.35:598][995]LogModuleManager: Shutting down and abandoning module NetworkFile (10)
[2018.05.21-11.59.35:599][995]LogModuleManager: Shutting down and abandoning module CookedIterativeFile (8)
[2018.05.21-11.59.35:599][995]LogModuleManager: Shutting down and abandoning module StreamingFile (6)
[2018.05.21-11.59.35:599][995]LogModuleManager: Shutting down and abandoning module SandboxFile (4)
[2018.05.21-11.59.35:599][995]LogModuleManager: Shutting down and abandoning module PakFile (2)
[2018.05.21-11.59.35:610][995]LogExit: Exiting.
[2018.05.21-11.59.35:638][995]Log file closed, 05/21/18 13:59:35
