Log file open, 05/19/18 20:23:23
LogWindows: Failed to load 'aqProf.dll' (GetLastError=126)
LogWindows: File 'aqProf.dll' does not exist
LogWindows: Failed to load 'VSPerf140.dll' (GetLastError=126)
LogWindows: File 'VSPerf140.dll' does not exist
LogWindows: Failed to load 'VtuneApi.dll' (GetLastError=126)
LogWindows: File 'VtuneApi.dll' does not exist
LogWindows: Failed to load 'VtuneApi32e.dll' (GetLastError=126)
LogWindows: File 'VtuneApi32e.dll' does not exist
LogInit: Display: Running engine for game: RE_Indigos
LogPlatformFile: Not using cached read wrapper
LogInit: Display: RandInit(-1465885984) SRandInit(-1465885984).
LogInit: Read version file with build ID '3709383'
LogInit: Overriding engine version to CL 3832480, compatible CL 3709383
LogInit: Registered custom module enumerator with build ID '3709383'
LogTaskGraph: Started task graph with 5 named threads and 14 total threads with 3 sets of task threads.
LogStats: Stats thread started at 0.188976
LogD3D11RHI: Aftermath initialized
LogModuleManager: Display: Found up-to-date module file ../../../Engine/Plugins/2D/Paper2D/Binaries/Win64/UE4Editor-Paper2D.dll (API version 3709383).
LogModuleManager: Display: Found up-to-date module file ../../../Engine/Plugins/2D/Paper2D/Binaries/Win64/UE4Editor-Paper2DEditor.dll (API version 3709383).
LogModuleManager: Display: Found up-to-date module file ../../../Engine/Plugins/2D/Paper2D/Binaries/Win64/UE4Editor-PaperSpriteSheetImporter.dll (API version 3709383).
LogModuleManager: Display: Found up-to-date module file ../../../Engine/Plugins/2D/Paper2D/Binaries/Win64/UE4Editor-PaperTiledImporter.dll (API version 3709383).
LogModuleManager: Display: Found up-to-date module file ../../../Engine/Plugins/2D/Paper2D/Binaries/Win64/UE4Editor-SmartSnapping.dll (API version 3709383).
LogModuleManager: Display: Found up-to-date module file ../../../Engine/Plugins/Blendables/LightPropagationVolume/Binaries/Win64/UE4Editor-LightPropagationVolumeRuntime.dll (API version 3709383).
LogModuleManager: Display: Found up-to-date module file ../../../Engine/Plugins/Blendables/LightPropagationVolume/Binaries/Win64/UE4Editor-LightPropagationVolumeEditor.dll (API version 3709383).
LogModuleManager: Display: Found up-to-date module file ../../../Engine/Plugins/Developer/GitSourceControl/Binaries/Win64/UE4Editor-GitSourceControl.dll (API version 3709383).
LogModuleManager: Display: Found up-to-date module file ../../../Engine/Plugins/Developer/PerforceSourceControl/Binaries/Win64/UE4Editor-PerforceSourceControl.dll (API version 3709383).
LogModuleManager: Display: Found up-to-date module file ../../../Engine/Plugins/Developer/SubversionSourceControl/Binaries/Win64/UE4Editor-SubversionSourceControl.dll (API version 3709383).
LogModuleManager: Display: Found up-to-date module file ../../../Engine/Plugins/Developer/UObjectPlugin/Binaries/Win64/UE4Editor-UObjectPlugin.dll (API version 3709383).
LogModuleManager: Display: Found up-to-date module file ../../../Engine/Plugins/Developer/VisualStudioCodeSourceCodeAccess/Binaries/Win64/UE4Editor-VisualStudioCodeSourceCodeAccess.dll (API version 3709383).
LogModuleManager: Display: Found up-to-date module file ../../../Engine/Plugins/Developer/VisualStudioSourceCodeAccess/Binaries/Win64/UE4Editor-VisualStudioSourceCodeAccess.dll (API version 3709383).
LogModuleManager: Display: Found up-to-date module file ../../../Engine/Plugins/Editor/AssetManagerEditor/Binaries/Win64/UE4Editor-AssetManagerEditor.dll (API version 3709383).
LogModuleManager: Display: Found up-to-date module file ../../../Engine/Plugins/Editor/AudioCapture/Binaries/Win64/UE4Editor-AudioCapture.dll (API version 3709383).
LogModuleManager: Display: Found up-to-date module file ../../../Engine/Plugins/Editor/FacialAnimation/Binaries/Win64/UE4Editor-FacialAnimation.dll (API version 3709383).
LogModuleManager: Display: Found up-to-date module file ../../../Engine/Plugins/Editor/FacialAnimation/Binaries/Win64/UE4Editor-FacialAnimationEditor.dll (API version 3709383).
LogModuleManager: Display: Found up-to-date module file ../../../Engine/Plugins/Editor/GameplayTagsEditor/Binaries/Win64/UE4Editor-GameplayTagsEditor.dll (API version 3709383).
LogModuleManager: Display: Found up-to-date module file ../../../Engine/Plugins/Editor/MobileLauncherProfileWizard/Binaries/Win64/UE4Editor-MobileLauncherProfileWizard.dll (API version 3709383).
LogModuleManager: Display: Found up-to-date module file ../../../Engine/Plugins/Editor/PluginBrowser/Binaries/Win64/UE4Editor-PluginBrowser.dll (API version 3709383).
LogModuleManager: Display: Found up-to-date module file ../../../Engine/Plugins/Editor/SpeedTreeImporter/Binaries/Win64/UE4Editor-SpeedTreeImporter.dll (API version 3709383).
LogModuleManager: Display: Found up-to-date module file ../../../Engine/Plugins/Experimental/AlembicImporter/Binaries/Win64/UE4Editor-AlembicImporter.dll (API version 3709383).
LogModuleManager: Display: Found up-to-date module file ../../../Engine/Plugins/Experimental/AlembicImporter/Binaries/Win64/UE4Editor-AlembicLibrary.dll (API version 3709383).
LogModuleManager: Display: Found up-to-date module file ../../../Engine/Plugins/Experimental/CharacterAI/Binaries/Win64/UE4Editor-CharacterAI.dll (API version 3709383).
LogModuleManager: Display: Found up-to-date module file ../../../Engine/Plugins/Experimental/HTML5Networking/Binaries/Win64/UE4Editor-HTML5Networking.dll (API version 3709383).
LogModuleManager: Display: Found up-to-date module file ../../../Engine/Plugins/Media/AndroidMedia/Binaries/Win64/UE4Editor-AndroidMediaEditor.dll (API version 3709383).
LogModuleManager: Display: Found up-to-date module file ../../../Engine/Plugins/Media/AndroidMedia/Binaries/Win64/UE4Editor-AndroidMediaFactory.dll (API version 3709383).
LogModuleManager: Display: Found up-to-date module file ../../../Engine/Plugins/Media/AvfMedia/Binaries/Win64/UE4Editor-AvfMediaEditor.dll (API version 3709383).
LogModuleManager: Display: Found up-to-date module file ../../../Engine/Plugins/Media/AvfMedia/Binaries/Win64/UE4Editor-AvfMediaFactory.dll (API version 3709383).
LogModuleManager: Display: Found up-to-date module file ../../../Engine/Plugins/Media/AvfMedia/Binaries/Win64/UE4Editor-AvfMediaFactory.dll (API version 3709383).
LogModuleManager: Display: Found up-to-date module file ../../../Engine/Plugins/Media/ImgMedia/Binaries/Win64/UE4Editor-ImgMedia.dll (API version 3709383).
LogModuleManager: Display: Found up-to-date module file ../../../Engine/Plugins/Media/ImgMedia/Binaries/Win64/UE4Editor-ImgMediaEditor.dll (API version 3709383).
LogModuleManager: Display: Found up-to-date module file ../../../Engine/Plugins/Media/ImgMedia/Binaries/Win64/UE4Editor-ImgMediaFactory.dll (API version 3709383).
LogModuleManager: Display: Found up-to-date module file ../../../Engine/Plugins/Media/ImgMedia/Binaries/Win64/UE4Editor-ImgMediaFactory.dll (API version 3709383).
LogModuleManager: Display: Found up-to-date module file ../../../Engine/Plugins/Media/ImgMedia/Binaries/Win64/UE4Editor-OpenExrWrapper.dll (API version 3709383).
LogModuleManager: Display: Found up-to-date module file ../../../Engine/Plugins/Media/MediaCompositing/Binaries/Win64/UE4Editor-MediaCompositing.dll (API version 3709383).
LogModuleManager: Display: Found up-to-date module file ../../../Engine/Plugins/Media/MediaCompositing/Binaries/Win64/UE4Editor-MediaCompositingEditor.dll (API version 3709383).
LogModuleManager: Display: Found up-to-date module file ../../../Engine/Plugins/Media/MediaPlayerEditor/Binaries/Win64/UE4Editor-MediaPlayerEditor.dll (API version 3709383).
LogModuleManager: Display: Found up-to-date module file ../../../Engine/Plugins/Media/WmfMedia/Binaries/Win64/UE4Editor-WmfMedia.dll (API version 3709383).
LogModuleManager: Display: Found up-to-date module file ../../../Engine/Plugins/Media/WmfMedia/Binaries/Win64/UE4Editor-WmfMediaEditor.dll (API version 3709383).
LogModuleManager: Display: Found up-to-date module file ../../../Engine/Plugins/Media/WmfMedia/Binaries/Win64/UE4Editor-WmfMediaFactory.dll (API version 3709383).
LogModuleManager: Display: Found up-to-date module file ../../../Engine/Plugins/Media/WmfMedia/Binaries/Win64/UE4Editor-WmfMediaFactory.dll (API version 3709383).
LogModuleManager: Display: Found up-to-date module file ../../../Engine/Plugins/Messaging/TcpMessaging/Binaries/Win64/UE4Editor-TcpMessaging.dll (API version 3709383).
LogModuleManager: Display: Found up-to-date module file ../../../Engine/Plugins/Messaging/UdpMessaging/Binaries/Win64/UE4Editor-UdpMessaging.dll (API version 3709383).
LogModuleManager: Display: Found up-to-date module file ../../../Engine/Plugins/MovieScene/ActorSequence/Binaries/Win64/UE4Editor-ActorSequence.dll (API version 3709383).
LogModuleManager: Display: Found up-to-date module file ../../../Engine/Plugins/MovieScene/LevelSequenceEditor/Binaries/Win64/UE4Editor-LevelSequenceEditor.dll (API version 3709383).
LogModuleManager: Display: Found up-to-date module file ../../../Engine/Plugins/MovieScene/MatineeToLevelSequence/Binaries/Win64/UE4Editor-MatineeToLevelSequence.dll (API version 3709383).
LogModuleManager: Display: Found up-to-date module file ../../../Engine/Plugins/Online/OnlineSubsystem/Binaries/Win64/UE4Editor-OnlineSubsystem.dll (API version 3709383).
LogModuleManager: Display: Found up-to-date module file ../../../Engine/Plugins/Runtime/AndroidPermission/Binaries/Win64/UE4Editor-AndroidPermission.dll (API version 3709383).
LogModuleManager: Display: Found up-to-date module file ../../../Engine/Plugins/Online/OnlineSubsystemNull/Binaries/Win64/UE4Editor-OnlineSubsystemNull.dll (API version 3709383).
LogModuleManager: Display: Found up-to-date module file ../../../Engine/Plugins/Online/OnlineSubsystemUtils/Binaries/Win64/UE4Editor-OnlineSubsystemUtils.dll (API version 3709383).
LogModuleManager: Display: Found up-to-date module file ../../../Engine/Plugins/Online/OnlineSubsystemUtils/Binaries/Win64/UE4Editor-OnlineBlueprintSupport.dll (API version 3709383).
LogModuleManager: Display: Found up-to-date module file ../../../Engine/Plugins/Runtime/AndroidDeviceProfileSelector/Binaries/Win64/UE4Editor-AndroidDeviceProfileSelector.dll (API version 3709383).
LogModuleManager: Display: Found up-to-date module file ../../../Engine/Plugins/Runtime/AppleARKit/Binaries/Win64/UE4Editor-AppleARKit.dll (API version 3709383).
LogModuleManager: Display: Found up-to-date module file ../../../Engine/Plugins/Runtime/ArchVisCharacter/Binaries/Win64/UE4Editor-ArchVisCharacter.dll (API version 3709383).
LogModuleManager: Display: Found up-to-date module file ../../../Engine/Plugins/Runtime/CableComponent/Binaries/Win64/UE4Editor-CableComponent.dll (API version 3709383).
LogModuleManager: Display: Found up-to-date module file ../../../Engine/Plugins/Runtime/CustomMeshComponent/Binaries/Win64/UE4Editor-CustomMeshComponent.dll (API version 3709383).
LogModuleManager: Display: Found up-to-date module file ../../../Engine/Plugins/Runtime/ExampleDeviceProfileSelector/Binaries/Win64/UE4Editor-ExampleDeviceProfileSelector.dll (API version 3709383).
LogModuleManager: Display: Found up-to-date module file ../../../Engine/Plugins/Runtime/ImmediatePhysics/Binaries/Win64/UE4Editor-ImmediatePhysics.dll (API version 3709383).
LogModuleManager: Display: Found up-to-date module file ../../../Engine/Plugins/Runtime/ImmediatePhysics/Binaries/Win64/UE4Editor-ImmediatePhysicsEditor.dll (API version 3709383).
LogModuleManager: Display: Found up-to-date module file ../../../Engine/Plugins/Runtime/LocationServicesBPLibrary/Binaries/Win64/UE4Editor-LocationServicesBPLibrary.dll (API version 3709383).
LogModuleManager: Display: Found up-to-date module file ../../../Engine/Plugins/Runtime/MobilePatchingUtils/Binaries/Win64/UE4Editor-MobilePatchingUtils.dll (API version 3709383).
LogModuleManager: Display: Found up-to-date module file ../../../Engine/Plugins/Runtime/Oculus/OculusVR/Binaries/Win64/UE4Editor-OculusHMD.dll (API version 3709383).
LogModuleManager: Display: Found up-to-date module file ../../../Engine/Plugins/Runtime/Oculus/OculusVR/Binaries/Win64/UE4Editor-OculusInput.dll (API version 3709383).
LogModuleManager: Display: Found up-to-date module file ../../../Engine/Plugins/Runtime/Oculus/OculusVR/Binaries/Win64/UE4Editor-OculusEditor.dll (API version 3709383).
LogModuleManager: Display: Found up-to-date module file ../../../Engine/Plugins/Runtime/PhysXVehicles/Binaries/Win64/UE4Editor-PhysXVehicles.dll (API version 3709383).
LogModuleManager: Display: Found up-to-date module file ../../../Engine/Plugins/Runtime/PhysXVehicles/Binaries/Win64/UE4Editor-PhysXVehiclesEditor.dll (API version 3709383).
LogModuleManager: Display: Found up-to-date module file ../../../Engine/Plugins/Runtime/ProceduralMeshComponent/Binaries/Win64/UE4Editor-ProceduralMeshComponent.dll (API version 3709383).
LogModuleManager: Display: Found up-to-date module file ../../../Engine/Plugins/Runtime/ProceduralMeshComponent/Binaries/Win64/UE4Editor-ProceduralMeshComponentEditor.dll (API version 3709383).
LogModuleManager: Display: Found up-to-date module file ../../../Engine/Plugins/Runtime/RuntimePhysXCooking/Binaries/Win64/UE4Editor-RuntimePhysXCooking.dll (API version 3709383).
LogModuleManager: Display: Found up-to-date module file ../../../Engine/Plugins/Runtime/Steam/SteamVR/Binaries/Win64/UE4Editor-SteamVR.dll (API version 3709383).
LogModuleManager: Display: Found up-to-date module file ../../../Engine/Plugins/Runtime/Steam/SteamVR/Binaries/Win64/UE4Editor-SteamVRController.dll (API version 3709383).
LogModuleManager: Display: Found up-to-date module file ../../../Engine/Plugins/Runtime/WindowsMoviePlayer/Binaries/Win64/UE4Editor-WindowsMoviePlayer.dll (API version 3709383).
LogPluginManager: Mounting plugin Paper2D
LogPluginManager: Mounting plugin LightPropagationVolume
LogPluginManager: Mounting plugin CodeLiteSourceCodeAccess
LogPluginManager: Mounting plugin GitSourceControl
LogPluginManager: Mounting plugin KDevelopSourceCodeAccess
LogPluginManager: Mounting plugin NullSourceCodeAccess
LogPluginManager: Mounting plugin PerforceSourceControl
LogPluginManager: Mounting plugin SubversionSourceControl
LogPluginManager: Mounting plugin UObjectPlugin
LogPluginManager: Mounting plugin VisualStudioCodeSourceCodeAccess
LogPluginManager: Mounting plugin VisualStudioSourceCodeAccess
LogPluginManager: Mounting plugin XCodeSourceCodeAccess
LogPluginManager: Mounting plugin AssetManagerEditor
LogPluginManager: Mounting plugin AudioCapture
LogPluginManager: Mounting plugin FacialAnimation
LogPluginManager: Mounting plugin GameplayTagsEditor
LogPluginManager: Mounting plugin MobileLauncherProfileWizard
LogPluginManager: Mounting plugin PluginBrowser
LogPluginManager: Mounting plugin SpeedTreeImporter
LogPluginManager: Mounting plugin AlembicImporter
LogPluginManager: Mounting plugin CharacterAI
LogPluginManager: Mounting plugin HTML5Networking
LogPluginManager: Mounting plugin AndroidMedia
LogPluginManager: Mounting plugin AvfMedia
LogPluginManager: Mounting plugin ImgMedia
LogPluginManager: Mounting plugin MediaCompositing
LogPluginManager: Mounting plugin MediaPlayerEditor
LogPluginManager: Mounting plugin WmfMedia
LogPluginManager: Mounting plugin TcpMessaging
LogPluginManager: Mounting plugin UdpMessaging
LogPluginManager: Mounting plugin ActorSequence
LogPluginManager: Mounting plugin LevelSequenceEditor
LogPluginManager: Mounting plugin MatineeToLevelSequence
LogPluginManager: Mounting plugin OnlineSubsystemGooglePlay
LogPluginManager: Mounting plugin OnlineSubsystemIOS
LogPluginManager: Mounting plugin OnlineSubsystem
LogPluginManager: Mounting plugin OnlineSubsystemNull
LogPluginManager: Mounting plugin OnlineSubsystemUtils
LogPluginManager: Mounting plugin AndroidDeviceProfileSelector
LogPluginManager: Mounting plugin AndroidMoviePlayer
LogPluginManager: Mounting plugin AndroidPermission
LogPluginManager: Mounting plugin AppleARKit
LogPluginManager: Mounting plugin AppleMoviePlayer
LogPluginManager: Mounting plugin ArchVisCharacter
LogPluginManager: Mounting plugin CableComponent
LogPluginManager: Mounting plugin CustomMeshComponent
LogPluginManager: Mounting plugin ExampleDeviceProfileSelector
LogPluginManager: Mounting plugin GoogleCloudMessaging
LogPluginManager: Mounting plugin ImmediatePhysics
LogPluginManager: Mounting plugin IOSDeviceProfileSelector
LogPluginManager: Mounting plugin LinuxDeviceProfileSelector
LogPluginManager: Mounting plugin LocationServicesBPLibrary
LogPluginManager: Mounting plugin MobilePatchingUtils
LogPluginManager: Mounting plugin OculusVR
LogPluginManager: Plugin shader directory ../../../Engine/Plugins/Runtime/Oculus/OculusVR/Shaders found
LogPluginManager: Mapping shader source directory ../../../Engine/Plugins/Runtime/Oculus/OculusVR/Shaders to virtual directory /Plugin/OculusVR
LogPluginManager: Mounting plugin PhysXVehicles
LogPluginManager: Mounting plugin ProceduralMeshComponent
LogPluginManager: Mounting plugin RuntimePhysXCooking
LogPluginManager: Mounting plugin SteamVR
LogPluginManager: Mounting plugin WindowsMoviePlayer
LogInit: Using libcurl 7.47.1
LogInit:  - built for x86_64-pc-win32
LogInit:  - supports SSL with OpenSSL/1.0.2g
LogInit:  - supports HTTP deflate (compression) using libz 1.2.8
LogInit:  - other features:
LogInit:      CURL_VERSION_SSL
LogInit:      CURL_VERSION_LIBZ
LogInit:      CURL_VERSION_IPV6
LogInit:      CURL_VERSION_ASYNCHDNS
LogInit:      CURL_VERSION_LARGEFILE
LogInit:      CURL_VERSION_IDN
LogInit:  CurlRequestOptions (configurable via config and command line):
LogInit:  - bVerifyPeer = false  - Libcurl will NOT verify peer certificate
LogInit:  - bUseHttpProxy = false  - Libcurl will NOT use HTTP proxy
LogInit:  - bDontReuseConnections = false  - Libcurl will reuse connections
LogInit:  - CertBundlePath = nullptr  - Libcurl will use whatever was configured at build time.
LogInit: Build: ++UE4+Release-4.18-CL-3832480
LogInit: Engine Version: 4.18.3-3832480+++UE4+Release-4.18
LogInit: Compatible Engine Version: 4.18.0-3709383+++UE4+Release-4.18
LogInit: Net CL: 3709383
LogDevObjectVersion: Number of dev versions registered: 16
LogDevObjectVersion:   Dev-Blueprints (B0D832E4-1F89-4F0D-ACCF-7EB736FD4AA2): 10
LogDevObjectVersion:   Dev-Build (E1C64328-A22C-4D53-A36C-8E866417BD8C): 0
LogDevObjectVersion:   Dev-Core (375EC13C-06E4-48FB-B500-84F0262A717E): 2
LogDevObjectVersion:   Dev-Editor (E4B068ED-F494-42E9-A231-DA0B2E46BB41): 20
LogDevObjectVersion:   Dev-Framework (CFFC743F-43B0-4480-9391-14DF171D2073): 30
LogDevObjectVersion:   Dev-Mobile (B02B49B5-BB20-44E9-A304-32B752E40360): 0
LogDevObjectVersion:   Dev-Networking (A4E4105C-59A1-49B5-A7C5-40C4547EDFEE): 0
LogDevObjectVersion:   Dev-Online (39C831C9-5AE6-47DC-9A44-9C173E1C8E7C): 0
LogDevObjectVersion:   Dev-Physics (78F01B33-EBEA-4F98-B9B4-84EACCB95AA2): 0
LogDevObjectVersion:   Dev-Platform (6631380F-2D4D-43E0-8009-CF276956A95A): 0
LogDevObjectVersion:   Dev-Rendering (12F88B9F-8875-4AFC-A67C-D90C383ABD29): 20
LogDevObjectVersion:   Dev-Sequencer (7B5AE74C-D270-4C10-A958-57980B212A5A): 4
LogDevObjectVersion:   Dev-VR (D7296918-1DD6-4BDD-9DE2-64A83CC13884): 0
LogDevObjectVersion:   Dev-LoadTimes (C2A15278-BFE7-4AFE-6C17-90FF531DF755): 1
LogDevObjectVersion:   Private-Geometry (6EACA3D4-40EC-4CC1-B786-8BED09428FC5): 1
LogDevObjectVersion:   Dev-AnimPhys (29E575DD-E0A3-4627-9D10-D276232CDCEA): 12
LogInit: Compiled (64-bit): Jan 12 2018 02:04:55
LogInit: Compiled with Visual C++: 19.00.24215.01
LogInit: Build Configuration: Development
LogInit: Branch Name: ++UE4+Release-4.18
LogInit: Command line:  
LogInit: Base directory: C:/Program Files/Epic Games/UE_4.18/Engine/Binaries/Win64/
LogInit: Installed Engine Build: 1
LogInit: Presizing for max 8388607 objects, including 0 objects not considered by GC, pre-allocating 0 bytes for permanent pool.
LogInit: Object subsystem initialized
[2018.05.19-18.23.26:069][  0]LogInit: Selected Device Profile: [Windows]
[2018.05.19-18.23.26:069][  0]LogInit: Applying CVar settings loaded from the selected device profile: [Windows]
[2018.05.19-18.23.26:078][  0]LogInit: Computer: DARKI-PC
[2018.05.19-18.23.26:078][  0]LogInit: User: Josito
[2018.05.19-18.23.26:078][  0]LogInit: CPU Page size=4096, Cores=4
[2018.05.19-18.23.26:078][  0]LogInit: High frequency timer resolution =2.648442 MHz
[2018.05.19-18.23.26:079][  0]LogMemory: Memory total: Physical=8.0GB (8GB approx)
[2018.05.19-18.23.26:079][  0]LogMemory: Platform Memory Stats for Windows
[2018.05.19-18.23.26:079][  0]LogMemory: Process Physical Memory: 270.59 MB used, 270.59 MB peak
[2018.05.19-18.23.26:079][  0]LogMemory: Process Virtual Memory: 263.55 MB used, 263.55 MB peak
[2018.05.19-18.23.26:079][  0]LogMemory: Physical Memory: 3589.63 MB used,  4565.39 MB free, 8155.02 MB total
[2018.05.19-18.23.26:079][  0]LogMemory: Virtual Memory: 4750.67 MB used,  4565.39 MB free, 134217728.00 MB total
[2018.05.19-18.23.26:315][  0]LogInit: Overriding language with editor language configuration option (en).
[2018.05.19-18.23.26:315][  0]LogInit: Overriding locale with editor locale configuration option (en).
[2018.05.19-18.23.26:843][  0]LogInit: Setting process to per monitor DPI aware
[2018.05.19-18.23.27:163][  0]LogD3D11RHI: D3D11 adapters:
[2018.05.19-18.23.27:251][  0]LogD3D11RHI:    0. 'NVIDIA GeForce GTX 1080' (Feature Level 11_0)
[2018.05.19-18.23.27:251][  0]LogD3D11RHI:       8079/0/4077 MB DedicatedVideo/DedicatedSystem/SharedSystem, Outputs:2, VendorId:0x10de
[2018.05.19-18.23.27:253][  0]LogD3D11RHI:    1. 'Microsoft Basic Render Driver' (Feature Level 11_0)
[2018.05.19-18.23.27:253][  0]LogD3D11RHI:       0/0/4077 MB DedicatedVideo/DedicatedSystem/SharedSystem, Outputs:0, VendorId:0x1414
[2018.05.19-18.23.27:253][  0]LogD3D11RHI: Chosen D3D11 Adapter: 0
[2018.05.19-18.23.27:259][  0]LogD3D11RHI: Creating new Direct3DDevice
[2018.05.19-18.23.27:259][  0]LogD3D11RHI:     GPU DeviceId: 0x1b80 (for the marketing name, search the web for "GPU Device Id")
[2018.05.19-18.23.27:259][  0]LogWindows: EnumDisplayDevices:
[2018.05.19-18.23.27:259][  0]LogWindows:    0. 'NVIDIA GeForce GTX 1080' (P:1 D:1)
[2018.05.19-18.23.27:260][  0]LogWindows:    1. 'NVIDIA GeForce GTX 1080' (P:0 D:1)
[2018.05.19-18.23.27:260][  0]LogWindows:    2. 'NVIDIA GeForce GTX 1080' (P:0 D:0)
[2018.05.19-18.23.27:260][  0]LogWindows:    3. 'NVIDIA GeForce GTX 1080' (P:0 D:0)
[2018.05.19-18.23.27:260][  0]LogWindows: DebugString: GetVideoDriverDetailsInvalid PrimaryIsNotTheChoosenAdapter GetVideoDriverDetailsInvalid PrimaryIsNotTheChoosenAdapter GetVideoDriverDetailsInvalid PrimaryIsNotTheChoosenAdapter GetVideoDriverDetailsInvalid PrimaryIsNotTheChoosenAdapter FoundDriverCount:0 
[2018.05.19-18.23.27:260][  0]LogD3D11RHI:     Adapter Name: NVIDIA GeForce GTX 1080
[2018.05.19-18.23.27:260][  0]LogD3D11RHI:   Driver Version: Unknown (internal:Unknown, unified:Unknown)
[2018.05.19-18.23.27:260][  0]LogD3D11RHI:      Driver Date: Unknown
[2018.05.19-18.23.27:260][  0]LogRHI: Texture pool is 5655 MB (70% of 8079 MB)
[2018.05.19-18.23.27:303][  0]LogD3D11RHI: Async texture creation enabled
[2018.05.19-18.23.27:320][  0]LogD3D11RHI: GPU Timing Frequency: 1000.000000 (Debug: 2 2)
[2018.05.19-18.23.27:363][  0]LogShaderCompilers: Guid format shader working directory is -18 characters bigger than the processId version (D:/Documentos de Jose/Documentos/GitHub/Potatos-Dragons/RE_Indigos/Intermediate/Shaders/WorkingDirectory/828/).
[2018.05.19-18.23.27:363][  0]LogShaderCompilers: Cleaned the shader compiler working directory 'C:/Users/Josito/AppData/Local/Temp/UnrealShaderWorkingDir/B7D146F74340CA61DB79B5B2E61E29C4/'.
[2018.05.19-18.23.27:363][  0]LogShaderCompilers: Display: Using Local Shader Compiler.
[2018.05.19-18.23.28:321][  0]LogTemp: Display: Loaded TP AllDesktopTargetPlatform
[2018.05.19-18.23.28:393][  0]LogTemp: Display: Loaded TP MacClientTargetPlatform
[2018.05.19-18.23.28:459][  0]LogTemp: Display: Loaded TP MacNoEditorTargetPlatform
[2018.05.19-18.23.28:528][  0]LogTemp: Display: Loaded TP MacServerTargetPlatform
[2018.05.19-18.23.28:595][  0]LogTemp: Display: Loaded TP MacTargetPlatform
[2018.05.19-18.23.28:662][  0]LogTemp: Display: Loaded TP WindowsClientTargetPlatform
[2018.05.19-18.23.28:730][  0]LogTemp: Display: Loaded TP WindowsNoEditorTargetPlatform
[2018.05.19-18.23.28:797][  0]LogTemp: Display: Loaded TP WindowsServerTargetPlatform
[2018.05.19-18.23.28:855][  0]LogTemp: Display: Loaded TP WindowsTargetPlatform
[2018.05.19-18.23.28:920][  0]LogTemp: Display: Loaded TP Android_ASTCTargetPlatform
[2018.05.19-18.23.28:993][  0]LogTemp: Display: Loaded TP Android_ATCTargetPlatform
[2018.05.19-18.23.29:060][  0]LogTemp: Display: Loaded TP Android_DXTTargetPlatform
[2018.05.19-18.23.29:125][  0]LogTemp: Display: Loaded TP Android_ETC1TargetPlatform
[2018.05.19-18.23.29:194][  0]LogTemp: Display: Loaded TP Android_ETC2TargetPlatform
[2018.05.19-18.23.29:332][  0]LogTemp: Display: Loaded TP Android_MultiTargetPlatform
[2018.05.19-18.23.29:332][  0]LogTemp: Display: Loaded TP Android_PVRTCTargetPlatform
[2018.05.19-18.23.29:403][  0]LogTemp: Display: Loaded TP AndroidTargetPlatform
[2018.05.19-18.23.29:467][  0]LogTemp: Display: Loaded TP HTML5TargetPlatform
[2018.05.19-18.23.29:589][  0]LogTemp: Display: Loaded TP IOSTargetPlatform
[2018.05.19-18.23.29:623][  0]LogTemp: Display: Loaded TP TVOSTargetPlatform
[2018.05.19-18.23.29:694][  0]LogTemp: Display: Loaded TP LinuxClientTargetPlatform
[2018.05.19-18.23.29:758][  0]LogTemp: Display: Loaded TP LinuxNoEditorTargetPlatform
[2018.05.19-18.23.29:823][  0]LogTemp: Display: Loaded TP LinuxServerTargetPlatform
[2018.05.19-18.23.29:892][  0]LogTemp: Display: Loaded TP LinuxTargetPlatform
[2018.05.19-18.23.29:892][  0]LogTargetPlatformManager: Display: Building Assets For Windows
[2018.05.19-18.23.30:510][  0]LogDerivedDataCache: Display: Max Cache Size: 512 MB
[2018.05.19-18.23.30:586][  0]LogDerivedDataCache: Loaded boot cache 0.08s 78MB C:/Users/Josito/AppData/Local/UnrealEngine/4.18/DerivedDataCache/Boot.ddc.
[2018.05.19-18.23.30:586][  0]LogDerivedDataCache: Display: Loaded Boot cache: C:/Users/Josito/AppData/Local/UnrealEngine/4.18/DerivedDataCache/Boot.ddc
[2018.05.19-18.23.30:587][  0]LogDerivedDataCache: FDerivedDataBackendGraph:  Pak pak cache file D:/Documentos de Jose/Documentos/GitHub/Potatos-Dragons/RE_Indigos/DerivedDataCache/DDC.ddp not found, will not use a pak cache.
[2018.05.19-18.23.30:587][  0]LogDerivedDataCache: Unable to find inner node Pak for hierarchical cache Hierarchy.
[2018.05.19-18.23.30:587][  0]LogDerivedDataCache: FDerivedDataBackendGraph:  CompressedPak pak cache file D:/Documentos de Jose/Documentos/GitHub/Potatos-Dragons/RE_Indigos/DerivedDataCache/Compressed.ddp not found, will not use a pak cache.
[2018.05.19-18.23.30:587][  0]LogDerivedDataCache: Unable to find inner node CompressedPak for hierarchical cache Hierarchy.
[2018.05.19-18.23.30:605][  0]LogDerivedDataCache: Display: Pak cache opened for reading ../../../Engine/DerivedDataCache/Compressed.ddp.
[2018.05.19-18.23.30:618][  0]LogDerivedDataCache: Using Local data cache path C:/Users/Josito/AppData/Local/UnrealEngine/Common/DerivedDataCache: Writable
[2018.05.19-18.23.30:629][  0]LogMaterial: Verifying Global Shaders for PCD3D_SM5
[2018.05.19-18.23.30:629][  0]LogSlate: Using Freetype 2.6.0
[2018.05.19-18.23.30:630][  0]LogSlate: SlateFontCache - WITH_FREETYPE: 1, WITH_HARFBUZZ: 1
[2018.05.19-18.23.30:630][  0]LogSlate: SlateFontCache - WITH_FREETYPE: 1, WITH_HARFBUZZ: 1
[2018.05.19-18.23.31:059][  0]LogInit: Selected Device Profile: [Windows]
[2018.05.19-18.23.31:488][  0]LogSimplygon: Simplygon DLL not present - disabling.
[2018.05.19-18.23.31:542][  0]LogMeshReduction: Using SimplygonSwarm for distributed automatic mesh merging
[2018.05.19-18.23.31:542][  0]LogMeshReduction: Using QuadricMeshReduction for automatic static mesh reduction
[2018.05.19-18.23.31:542][  0]LogMeshReduction: No automatic skeletal mesh reduction module available
[2018.05.19-18.23.31:542][  0]LogMeshReduction: No automatic mesh merging module available
[2018.05.19-18.23.31:542][  0]LogMeshMerging: No automatic mesh merging module available
[2018.05.19-18.23.31:584][  0]LogNetVersion: RE_Indigos , NetCL: 3709383, EngineNetVer: 2, GameNetVer: 0 (Checksum: 3159433462)
[2018.05.19-18.23.31:794][  0]LogAssetRegistry: FAssetRegistry took 0.0267 seconds to start up
[2018.05.19-18.23.32:416][  0]LogPackageLocalizationCache: Processed 7 localized package path(s) for 1 prioritized culture(s) in 0.025905 seconds
[2018.05.19-18.23.32:421][  0]LogUObjectArray: 35870 objects as part of root set at end of initial load.
[2018.05.19-18.23.32:421][  0]LogUObjectAllocator: 7363704 out of 0 bytes used by permanent object pool.
[2018.05.19-18.23.32:421][  0]LogUObjectArray: CloseDisregardForGC: 0/0 objects in disregard for GC pool
[2018.05.19-18.23.32:491][  0]LogInit: WinSock: version 1.1 (2.2), MaxSocks=32767, MaxUdp=65467
[2018.05.19-18.23.36:144][  0]LogTcpMessaging: Initializing TcpMessaging bridge
[2018.05.19-18.23.36:202][  0]LogUdpMessaging: Initializing bridge on interface 0.0.0.0:0 to multicast group 230.0.0.1:6666.
[2018.05.19-18.23.37:172][  0]LogMaterial: Uniform references updated for custom material expression Custom.
[2018.05.19-18.23.37:774][  0]SourceControl: Source control is disabled
[2018.05.19-18.23.37:774][  0]SourceControl: Source control is disabled
[2018.05.19-18.23.37:863][  0]SourceControl: Source control is disabled
[2018.05.19-18.23.37:941][  0]SourceControl: Source control is disabled
[2018.05.19-18.23.39:155][  0]LogAndroidPermission: UAndroidPermissionCallbackProxy::GetInstance
[2018.05.19-18.23.39:545][  0]LogOcInput: OculusInput pre-init called
[2018.05.19-18.23.39:949][  0]LogEngine: Initializing Engine...
[2018.05.19-18.23.39:951][  0]LogHMD: Failed to initialize OpenVR with code 110
[2018.05.19-18.23.40:218][  0]LogStats: UGameplayTagsManager::ConstructGameplayTagTree: Construct from data asset -  0.000 s
[2018.05.19-18.23.40:218][  0]LogStats: UGameplayTagsManager::ConstructGameplayTagTree: GameplayTagTreeChangedEvent.Broadcast -  0.000 s
[2018.05.19-18.23.40:399][  0]LogAIModule: Creating AISystem for world Untitled
[2018.05.19-18.23.40:428][  0]LogInit: XAudio2 using 'Altavoces (C-Media PCI Audio Device)' : 2 channels at 48 kHz using 16 bits per sample (channel mask 0x3)
[2018.05.19-18.23.40:458][  0]LogInit: FAudioDevice initialized.
[2018.05.19-18.23.40:544][  0]LogDerivedDataCache: Saved boot cache 0.09s 78MB C:/Users/Josito/AppData/Local/UnrealEngine/4.18/DerivedDataCache/Boot.ddc.
[2018.05.19-18.23.40:560][  0]LogInit: Texture streaming: Enabled
[2018.05.19-18.23.40:742][  0]LogEngineSessionManager: EngineSessionManager initialized
[2018.05.19-18.23.40:918][  0]LogInit: Transaction tracking system initialized
[2018.05.19-18.23.41:444][  0]BlueprintLog: New page: Editor Load
[2018.05.19-18.23.42:794][  0]LocalizationService: Localization service is disabled
[2018.05.19-18.23.43:636][  0]LogLinker: Warning: Can't find file '/Game/ThirdPersonBP/ThirdPersonOverview'
[2018.05.19-18.23.43:636][  0]LogLinker: Warning: Can't find file '/Game/ThirdPersonBP/ThirdPersonOverview'
[2018.05.19-18.23.43:636][  0]LogUObjectGlobals: Warning: Failed to find object 'Class /Game/ThirdPersonBP/ThirdPersonOverview.ThirdPersonOverview_C'
[2018.05.19-18.23.43:991][  0]LogConsoleResponse: Display: 
[2018.05.19-18.23.44:242][  0]LogCook: Display: Max memory allowance for cook 16384mb min free memory 0mb
[2018.05.19-18.23.44:242][  0]LogCook: Display: Mobile HDR setting 1
[2018.05.19-18.23.44:242][  0]LogGameplayTags: Display: UGameplayTagsManager::DoneAddingNativeTags. DelegateIsBound: 0
[2018.05.19-18.23.44:768][  0]LogFileCache: Scanning file cache for directory 'D:/Documentos de Jose/Documentos/GitHub/Potatos-Dragons/RE_Indigos/Content/' took 0.01s
[2018.05.19-18.23.46:227][  0]SourceControl: Source control is disabled
[2018.05.19-18.23.46:228][  0]Cmd: MAP LOAD FILE="D:/Documentos de Jose/Documentos/GitHub/Potatos-Dragons/RE_Indigos/Content/Maps/0_IndigosTestMap/IndigosTestMap.umap" TEMPLATE=0 SHOWPROGRESS=1 FEATURELEVEL=3
[2018.05.19-18.23.46:228][  0]LightingResults: New page: Lighting Build
[2018.05.19-18.23.46:311][  0]MapCheck: New page: Map Check
[2018.05.19-18.23.46:311][  0]LightingResults: New page: Lighting Build
[2018.05.19-18.23.46:817][  0]LogAIModule: Creating AISystem for world IndigosTestMap
[2018.05.19-18.23.46:855][  0]LogEditorServer: Finished looking for orphan Actors (0.000 secs)
[2018.05.19-18.23.46:869][  0]Cmd: MAP CHECKDEP NOCLEARLOG
[2018.05.19-18.23.46:972][  0]MapCheck: Map check complete: 0 Error(s), 0 Warning(s), took 103.367ms to complete.
[2018.05.19-18.23.46:972][  0]LogFileHelpers: Loading map 'IndigosTestMap' took 0.745
[2018.05.19-18.23.47:149][  0]LogCollectionManager: Loaded 0 collections in 0.002757 seconds
[2018.05.19-18.23.47:249][  0]LogFileCache: Scanning file cache for directory 'D:/Documentos de Jose/Documentos/GitHub/Potatos-Dragons/RE_Indigos/Saved/Collections/' took 0.01s
[2018.05.19-18.23.47:249][  0]LogFileCache: Scanning file cache for directory 'D:/Documentos de Jose/Documentos/GitHub/Potatos-Dragons/RE_Indigos/Content/Developers/Josito/Collections/' took 0.01s
[2018.05.19-18.23.47:249][  0]LogFileCache: Scanning file cache for directory 'D:/Documentos de Jose/Documentos/GitHub/Potatos-Dragons/RE_Indigos/Content/Collections/' took 0.01s
[2018.05.19-18.23.47:249][  0]LogCollectionManager: Rebuilt the GUID cache for 0 collections in 0.000000 seconds
[2018.05.19-18.23.47:258][  0]LogContentBrowser: Native class hierarchy populated in 0.0081 seconds. Added 2363 classes and 519 folders.
[2018.05.19-18.23.47:354][  0]LogContentBrowser: Native class hierarchy updated for 'WidgetCarousel' in 0.0003 seconds. Added 0 classes and 0 folders.
[2018.05.19-18.23.47:430][  0]LogContentBrowser: Native class hierarchy updated for 'AddContentDialog' in 0.0002 seconds. Added 0 classes and 0 folders.
[2018.05.19-18.23.47:499][  0]LogContentBrowser: Native class hierarchy updated for 'SceneOutliner' in 0.0003 seconds. Added 1 classes and 2 folders.
[2018.05.19-18.23.47:519][  0]LogSlate: Took 0.000302 seconds to synchronously load lazily loaded font '../../../Engine/Content/Slate/Fonts/Roboto-Regular.ttf' (155K)
[2018.05.19-18.23.47:527][  0]LogSlate: Took 0.000689 seconds to synchronously load lazily loaded font '../../../Engine/Content/Slate/Fonts/Roboto-Bold.ttf' (160K)
[2018.05.19-18.23.47:533][  0]LogSlate: Took 0.000382 seconds to synchronously load lazily loaded font '../../../Engine/Content/Editor/Slate/Fonts/FontAwesome.ttf' (139K)
[2018.05.19-18.23.47:650][  0]LogRenderer: Reallocating scene render targets to support 1288x660 Format 10 NumSamples 1 (Frame:1).
[2018.05.19-18.23.47:928][  0]LogContentBrowser: Native class hierarchy updated for 'HierarchicalLODOutliner' in 0.0002 seconds. Added 1 classes and 2 folders.
[2018.05.19-18.23.47:928][  0]LogLoad: (Engine Initialization) Total time: 25.21 seconds
[2018.05.19-18.23.47:928][  0]LogLoad: (Engine Initialization) Total Blueprint compile time: 0.00 seconds
[2018.05.19-18.23.47:928][  0]LogExternalProfiler: No external profilers were discovered.  External profiling features will not be available.
[2018.05.19-18.23.48:288][  0]LogContentStreaming: Texture pool size now 1000 MB
[2018.05.19-18.23.48:376][  1]LogRenderer: Reallocating scene render targets to support 1288x672 Format 10 NumSamples 1 (Frame:2).
[2018.05.19-18.23.48:607][  1]LogAssetRegistry: Asset discovery search completed in 16.8362 seconds
[2018.05.19-18.23.48:611][  1]LogCollectionManager: Rebuilt the object cache for 0 collections in 0.000001 seconds (found 0 objects)
[2018.05.19-18.23.48:611][  1]LogCollectionManager: Fixed up redirectors for 0 collections in 0.000128 seconds (updated 0 objects)
[2018.05.19-18.23.53:734][441]LogEditorViewport: Clicking on Actor (LMB): ConveyerBeltChanging_C (ConveyerBeltChanging)
[2018.05.19-18.23.55:067][589]LogScriptCore: Warning: Script Msg: Attempted to access index 0 from array 'Path' of length 0 in '/Game/Blueprints/ConveyerBelt_Lift/Simple_Elevator.Simple_Elevator_C'!
[2018.05.19-18.23.55:067][589]LogScript: Warning: Accessed None trying to read property CallFunc_Array_Get_Item
	Simple_Elevator_C /Engine/Transient.World_0:PersistentLevel.Simple_Elevator_C_0
	Function /Game/Blueprints/ConveyerBelt_Lift/Simple_Elevator.Simple_Elevator_C:UserConstructionScript:0055
[2018.05.19-18.23.58:956][994]LogSlate: Took 0.000233 seconds to synchronously load lazily loaded font '../../../Engine/Content/Slate/Fonts/Roboto-Light.ttf' (159K)
[2018.05.19-18.23.59:281][994]LogContentBrowser: Native class hierarchy updated for 'BlueprintGraph' in 0.0006 seconds. Added 116 classes and 0 folders.
[2018.05.19-18.23.59:907][994]LogSlate: Took 0.000173 seconds to synchronously load lazily loaded font '../../../Engine/Content/Slate/Fonts/Roboto-Regular.ttf' (155K)
[2018.05.19-18.23.59:983][994]LogSlate: Took 0.000244 seconds to synchronously load lazily loaded font '../../../Engine/Content/Editor/Slate/Fonts/Roboto-BoldCondensed.ttf' (158K)
[2018.05.19-18.24.00:090][995]LogSlate: Took 0.000266 seconds to synchronously load lazily loaded font '../../../Engine/Content/Editor/Slate/Fonts/Roboto-Italic.ttf' (157K)
[2018.05.19-18.25.59:990][892]LogSlate: Took 0.000259 seconds to synchronously load lazily loaded font '../../../Engine/Content/Editor/Slate/Fonts/Roboto-BoldCondensedItalic.ttf' (160K)
[2018.05.19-18.26.43:231][485]BlueprintLog: New page: Compile ConveyerBelt_BP
[2018.05.19-18.26.54:803][414]BlueprintLog: New page: Compile ConveyerBelt_BP
[2018.05.19-18.26.56:439][518]LogSavePackage: Save=69.08ms
[2018.05.19-18.26.56:439][518]LogSavePackage: Moving 'D:/Documentos de Jose/Documentos/GitHub/Potatos-Dragons/RE_Indigos/Saved/ConveyerBelt_BP3EF7949A4EC4FD31E19CF89F66F20FB2.tmp' to 'D:/Documentos de Jose/Documentos/GitHub/Potatos-Dragons/RE_Indigos/Content/Blueprints/ConveyerBelt_Lift/ConveyerBelt_BP.uasset'
[2018.05.19-18.26.56:441][518]LogSavePackage: Display: Finished SavePackage D:/Documentos de Jose/Documentos/GitHub/Potatos-Dragons/RE_Indigos/Content/Blueprints/ConveyerBelt_Lift/ConveyerBelt_BP.uasset
[2018.05.19-18.27.23:618][621]LogRenderer: Reallocating scene render targets to support 1368x804 Format 10 NumSamples 1 (Frame:1).
[2018.05.19-18.31.26:309][811]LogTemp: Repeating last play command: Selected Viewport
[2018.05.19-18.31.26:345][811]LogBlueprintUserMessages: Early PlayInEditor Detection: Level '/Game/Maps/0_IndigosTestMap/IndigosTestMap.IndigosTestMap:PersistentLevel' has LevelScriptBlueprint '/Game/Maps/0_IndigosTestMap/IndigosTestMap.IndigosTestMap:PersistentLevel.IndigosTestMap' with GeneratedClass '/Game/Maps/0_IndigosTestMap/IndigosTestMap.IndigosTestMap_C' with ClassGeneratedBy '/Game/Maps/0_IndigosTestMap/IndigosTestMap.IndigosTestMap:PersistentLevel.IndigosTestMap'
[2018.05.19-18.31.26:345][811]BlueprintLog: New page: Pre-Play auto-recompile
[2018.05.19-18.31.26:358][811]LogPlayLevel: [PlayLevel] Compiling ConveyerBelt_BP before play...
[2018.05.19-18.31.26:647][811]LogPlayLevel: PlayLevel: Blueprint regeneration took 301 ms (1 blueprints)
[2018.05.19-18.31.26:647][811]PIE: New page: PIE session: IndigosTestMap (May 19, 2018, 10:31:26 PM)
[2018.05.19-18.31.26:647][811]LogPlayLevel: Creating play world package: /Game/Maps/0_IndigosTestMap/UEDPIE_0_IndigosTestMap
[2018.05.19-18.31.26:684][811]LogPlayLevel: PIE: StaticDuplicateObject took: (0.036137s)
[2018.05.19-18.31.26:686][811]LogAIModule: Creating AISystem for world IndigosTestMap
[2018.05.19-18.31.26:686][811]LogPlayLevel: PIE: World Init took: (0.002157s)
[2018.05.19-18.31.26:686][811]LogPlayLevel: PIE: Created PIE world by copying editor world from /Game/Maps/0_IndigosTestMap/IndigosTestMap.IndigosTestMap to /Game/Maps/0_IndigosTestMap/UEDPIE_0_IndigosTestMap.IndigosTestMap (0.038860s)
[2018.05.19-18.31.26:730][811]LogInit: XAudio2 using 'Altavoces (C-Media PCI Audio Device)' : 2 channels at 48 kHz using 16 bits per sample (channel mask 0x3)
[2018.05.19-18.31.26:737][811]LogInit: FAudioDevice initialized.
[2018.05.19-18.31.27:210][811]LogLoad: Game class is 'GameMode_BP_C'
[2018.05.19-18.31.27:216][811]LogWorld: Bringing World /Game/Maps/0_IndigosTestMap/UEDPIE_0_IndigosTestMap.IndigosTestMap up for play (max tick rate 0) at 2018.05.19-20.31.27
[2018.05.19-18.31.27:217][811]LogWorld: Bringing up level for play took: 0.004850
[2018.05.19-18.31.27:277][811]LogContentBrowser: Native class hierarchy updated for 'MovieSceneCapture' in 0.0003 seconds. Added 11 classes and 0 folders.
[2018.05.19-18.31.27:282][811]PIE: Play in editor start time for /Game/Maps/0_IndigosTestMap/UEDPIE_0_IndigosTestMap 0.081
[2018.05.19-18.31.27:282][811]LogBlueprintUserMessages: Late PlayInEditor Detection: Level '/Game/Maps/0_IndigosTestMap/IndigosTestMap.IndigosTestMap:PersistentLevel' has LevelScriptBlueprint '/Game/Maps/0_IndigosTestMap/IndigosTestMap.IndigosTestMap:PersistentLevel.IndigosTestMap' with GeneratedClass '/Game/Maps/0_IndigosTestMap/IndigosTestMap.IndigosTestMap_C' with ClassGeneratedBy '/Game/Maps/0_IndigosTestMap/IndigosTestMap.IndigosTestMap:PersistentLevel.IndigosTestMap'
[2018.05.19-18.31.29:857][101]LogBlueprintUserMessages: Early EndPlayMap Detection: Level '/Game/Maps/0_IndigosTestMap/IndigosTestMap.IndigosTestMap:PersistentLevel' has LevelScriptBlueprint '/Game/Maps/0_IndigosTestMap/IndigosTestMap.IndigosTestMap:PersistentLevel.IndigosTestMap' with GeneratedClass '/Game/Maps/0_IndigosTestMap/IndigosTestMap.IndigosTestMap_C' with ClassGeneratedBy '/Game/Maps/0_IndigosTestMap/IndigosTestMap.IndigosTestMap:PersistentLevel.IndigosTestMap'
[2018.05.19-18.31.29:889][101]LogBlueprintUserMessages: Late EndPlayMap Detection: Level '/Game/Maps/0_IndigosTestMap/IndigosTestMap.IndigosTestMap:PersistentLevel' has LevelScriptBlueprint '/Game/Maps/0_IndigosTestMap/IndigosTestMap.IndigosTestMap:PersistentLevel.IndigosTestMap' with GeneratedClass '/Game/Maps/0_IndigosTestMap/IndigosTestMap.IndigosTestMap_C' with ClassGeneratedBy '/Game/Maps/0_IndigosTestMap/IndigosTestMap.IndigosTestMap:PersistentLevel.IndigosTestMap'
[2018.05.19-18.31.34:422][634]LogEditorViewport: Clicking on Actor (LMB): ConveyerBeltChanging_C (ConveyerBeltChanging)
[2018.05.19-18.32.25:493][579]BlueprintLog: New page: Compile ConveyerBeltChanging
[2018.05.19-18.32.26:942][643]LogSavePackage: Save=69.06ms
[2018.05.19-18.32.26:943][643]LogSavePackage: Moving 'D:/Documentos de Jose/Documentos/GitHub/Potatos-Dragons/RE_Indigos/Saved/ConveyerBeltChanging0D41C98648EF9640487375AE00C34A08.tmp' to 'D:/Documentos de Jose/Documentos/GitHub/Potatos-Dragons/RE_Indigos/Content/Blueprints/ConveyerBelt_Lift/ConveyerBeltChanging.uasset'
[2018.05.19-18.32.26:945][643]LogSavePackage: Display: Finished SavePackage D:/Documentos de Jose/Documentos/GitHub/Potatos-Dragons/RE_Indigos/Content/Blueprints/ConveyerBelt_Lift/ConveyerBeltChanging.uasset
[2018.05.19-18.32.31:052][999]LogTemp: Repeating last play command: Selected Viewport
[2018.05.19-18.32.31:074][999]LogBlueprintUserMessages: Early PlayInEditor Detection: Level '/Game/Maps/0_IndigosTestMap/IndigosTestMap.IndigosTestMap:PersistentLevel' has LevelScriptBlueprint '/Game/Maps/0_IndigosTestMap/IndigosTestMap.IndigosTestMap:PersistentLevel.IndigosTestMap' with GeneratedClass '/Game/Maps/0_IndigosTestMap/IndigosTestMap.IndigosTestMap_C' with ClassGeneratedBy '/Game/Maps/0_IndigosTestMap/IndigosTestMap.IndigosTestMap:PersistentLevel.IndigosTestMap'
[2018.05.19-18.32.31:074][999]LogPlayLevel: PlayLevel: No blueprints needed recompiling
[2018.05.19-18.32.31:074][999]PIE: New page: PIE session: IndigosTestMap (May 19, 2018, 10:32:31 PM)
[2018.05.19-18.32.31:074][999]LogPlayLevel: Creating play world package: /Game/Maps/0_IndigosTestMap/UEDPIE_0_IndigosTestMap
[2018.05.19-18.32.31:103][999]LogPlayLevel: PIE: StaticDuplicateObject took: (0.028505s)
[2018.05.19-18.32.31:104][999]LogAIModule: Creating AISystem for world IndigosTestMap
[2018.05.19-18.32.31:104][999]LogPlayLevel: PIE: World Init took: (0.001662s)
[2018.05.19-18.32.31:105][999]LogPlayLevel: PIE: Created PIE world by copying editor world from /Game/Maps/0_IndigosTestMap/IndigosTestMap.IndigosTestMap to /Game/Maps/0_IndigosTestMap/UEDPIE_0_IndigosTestMap.IndigosTestMap (0.030647s)
[2018.05.19-18.32.31:151][999]LogInit: XAudio2 using 'Altavoces (C-Media PCI Audio Device)' : 2 channels at 48 kHz using 16 bits per sample (channel mask 0x3)
[2018.05.19-18.32.31:157][999]LogInit: FAudioDevice initialized.
[2018.05.19-18.32.31:194][999]LogLoad: Game class is 'GameMode_BP_C'
[2018.05.19-18.32.31:199][999]LogWorld: Bringing World /Game/Maps/0_IndigosTestMap/UEDPIE_0_IndigosTestMap.IndigosTestMap up for play (max tick rate 0) at 2018.05.19-20.32.31
[2018.05.19-18.32.31:200][999]LogWorld: Bringing up level for play took: 0.004636
[2018.05.19-18.32.31:203][999]PIE: Play in editor start time for /Game/Maps/0_IndigosTestMap/UEDPIE_0_IndigosTestMap 0.002
[2018.05.19-18.32.31:204][999]LogBlueprintUserMessages: Late PlayInEditor Detection: Level '/Game/Maps/0_IndigosTestMap/IndigosTestMap.IndigosTestMap:PersistentLevel' has LevelScriptBlueprint '/Game/Maps/0_IndigosTestMap/IndigosTestMap.IndigosTestMap:PersistentLevel.IndigosTestMap' with GeneratedClass '/Game/Maps/0_IndigosTestMap/IndigosTestMap.IndigosTestMap_C' with ClassGeneratedBy '/Game/Maps/0_IndigosTestMap/IndigosTestMap.IndigosTestMap:PersistentLevel.IndigosTestMap'
[2018.05.19-18.32.46:393][816]LogBlueprintUserMessages: Early EndPlayMap Detection: Level '/Game/Maps/0_IndigosTestMap/IndigosTestMap.IndigosTestMap:PersistentLevel' has LevelScriptBlueprint '/Game/Maps/0_IndigosTestMap/IndigosTestMap.IndigosTestMap:PersistentLevel.IndigosTestMap' with GeneratedClass '/Game/Maps/0_IndigosTestMap/IndigosTestMap.IndigosTestMap_C' with ClassGeneratedBy '/Game/Maps/0_IndigosTestMap/IndigosTestMap.IndigosTestMap:PersistentLevel.IndigosTestMap'
[2018.05.19-18.32.46:427][816]LogBlueprintUserMessages: Late EndPlayMap Detection: Level '/Game/Maps/0_IndigosTestMap/IndigosTestMap.IndigosTestMap:PersistentLevel' has LevelScriptBlueprint '/Game/Maps/0_IndigosTestMap/IndigosTestMap.IndigosTestMap:PersistentLevel.IndigosTestMap' with GeneratedClass '/Game/Maps/0_IndigosTestMap/IndigosTestMap.IndigosTestMap_C' with ClassGeneratedBy '/Game/Maps/0_IndigosTestMap/IndigosTestMap.IndigosTestMap:PersistentLevel.IndigosTestMap'
[2018.05.19-18.33.29:052][760]BlueprintLog: New page: Compile ConveyerBeltChanging
[2018.05.19-18.33.30:422][825]LogSavePackage: Save=71.03ms
[2018.05.19-18.33.30:422][825]LogSavePackage: Moving 'D:/Documentos de Jose/Documentos/GitHub/Potatos-Dragons/RE_Indigos/Saved/ConveyerBeltChanging609896294395B7256FC29B9BF3199570.tmp' to 'D:/Documentos de Jose/Documentos/GitHub/Potatos-Dragons/RE_Indigos/Content/Blueprints/ConveyerBelt_Lift/ConveyerBeltChanging.uasset'
[2018.05.19-18.33.30:425][825]LogSavePackage: Display: Finished SavePackage D:/Documentos de Jose/Documentos/GitHub/Potatos-Dragons/RE_Indigos/Content/Blueprints/ConveyerBelt_Lift/ConveyerBeltChanging.uasset
[2018.05.19-18.33.33:185][112]LogTemp: Repeating last play command: Selected Viewport
[2018.05.19-18.33.33:206][112]LogBlueprintUserMessages: Early PlayInEditor Detection: Level '/Game/Maps/0_IndigosTestMap/IndigosTestMap.IndigosTestMap:PersistentLevel' has LevelScriptBlueprint '/Game/Maps/0_IndigosTestMap/IndigosTestMap.IndigosTestMap:PersistentLevel.IndigosTestMap' with GeneratedClass '/Game/Maps/0_IndigosTestMap/IndigosTestMap.IndigosTestMap_C' with ClassGeneratedBy '/Game/Maps/0_IndigosTestMap/IndigosTestMap.IndigosTestMap:PersistentLevel.IndigosTestMap'
[2018.05.19-18.33.33:206][112]LogPlayLevel: PlayLevel: No blueprints needed recompiling
[2018.05.19-18.33.33:207][112]PIE: New page: PIE session: IndigosTestMap (May 19, 2018, 10:33:33 PM)
[2018.05.19-18.33.33:207][112]LogPlayLevel: Creating play world package: /Game/Maps/0_IndigosTestMap/UEDPIE_0_IndigosTestMap
[2018.05.19-18.33.33:234][112]LogPlayLevel: PIE: StaticDuplicateObject took: (0.027336s)
[2018.05.19-18.33.33:235][112]LogAIModule: Creating AISystem for world IndigosTestMap
[2018.05.19-18.33.33:235][112]LogPlayLevel: PIE: World Init took: (0.001004s)
[2018.05.19-18.33.33:235][112]LogPlayLevel: PIE: Created PIE world by copying editor world from /Game/Maps/0_IndigosTestMap/IndigosTestMap.IndigosTestMap to /Game/Maps/0_IndigosTestMap/UEDPIE_0_IndigosTestMap.IndigosTestMap (0.028730s)
[2018.05.19-18.33.33:280][112]LogInit: XAudio2 using 'Altavoces (C-Media PCI Audio Device)' : 2 channels at 48 kHz using 16 bits per sample (channel mask 0x3)
[2018.05.19-18.33.33:286][112]LogInit: FAudioDevice initialized.
[2018.05.19-18.33.33:322][112]LogLoad: Game class is 'GameMode_BP_C'
[2018.05.19-18.33.33:327][112]LogWorld: Bringing World /Game/Maps/0_IndigosTestMap/UEDPIE_0_IndigosTestMap.IndigosTestMap up for play (max tick rate 0) at 2018.05.19-20.33.33
[2018.05.19-18.33.33:327][112]LogWorld: Bringing up level for play took: 0.004949
[2018.05.19-18.33.33:331][112]PIE: Play in editor start time for /Game/Maps/0_IndigosTestMap/UEDPIE_0_IndigosTestMap 0.13
[2018.05.19-18.33.33:331][112]LogBlueprintUserMessages: Late PlayInEditor Detection: Level '/Game/Maps/0_IndigosTestMap/IndigosTestMap.IndigosTestMap:PersistentLevel' has LevelScriptBlueprint '/Game/Maps/0_IndigosTestMap/IndigosTestMap.IndigosTestMap:PersistentLevel.IndigosTestMap' with GeneratedClass '/Game/Maps/0_IndigosTestMap/IndigosTestMap.IndigosTestMap_C' with ClassGeneratedBy '/Game/Maps/0_IndigosTestMap/IndigosTestMap.IndigosTestMap:PersistentLevel.IndigosTestMap'
[2018.05.19-18.33.58:146][ 85]LogBlueprintUserMessages: Early EndPlayMap Detection: Level '/Game/Maps/0_IndigosTestMap/IndigosTestMap.IndigosTestMap:PersistentLevel' has LevelScriptBlueprint '/Game/Maps/0_IndigosTestMap/IndigosTestMap.IndigosTestMap:PersistentLevel.IndigosTestMap' with GeneratedClass '/Game/Maps/0_IndigosTestMap/IndigosTestMap.IndigosTestMap_C' with ClassGeneratedBy '/Game/Maps/0_IndigosTestMap/IndigosTestMap.IndigosTestMap:PersistentLevel.IndigosTestMap'
[2018.05.19-18.33.58:186][ 85]LogBlueprintUserMessages: Late EndPlayMap Detection: Level '/Game/Maps/0_IndigosTestMap/IndigosTestMap.IndigosTestMap:PersistentLevel' has LevelScriptBlueprint '/Game/Maps/0_IndigosTestMap/IndigosTestMap.IndigosTestMap:PersistentLevel.IndigosTestMap' with GeneratedClass '/Game/Maps/0_IndigosTestMap/IndigosTestMap.IndigosTestMap_C' with ClassGeneratedBy '/Game/Maps/0_IndigosTestMap/IndigosTestMap.IndigosTestMap:PersistentLevel.IndigosTestMap'
[2018.05.19-18.34.01:710][344]LogActorComponent: UnregisterComponent: (/Engine/Transient.EditorFloorComp) Not registered. Aborting.
[2018.05.19-18.34.23:426][765]LogSavePackage: Save=414.81ms
[2018.05.19-18.34.23:426][765]LogSavePackage: Moving 'D:/Documentos de Jose/Documentos/GitHub/Potatos-Dragons/RE_Indigos/Saved/IndigosTestMapC77D879C4C8CD507F143E89DA5DF22FA.tmp' to 'D:/Documentos de Jose/Documentos/GitHub/Potatos-Dragons/RE_Indigos/Content/Maps/0_IndigosTestMap/IndigosTestMap.umap'
[2018.05.19-18.34.23:430][765]LogSavePackage: Display: Finished SavePackage D:/Documentos de Jose/Documentos/GitHub/Potatos-Dragons/RE_Indigos/Content/Maps/0_IndigosTestMap/IndigosTestMap.umap
[2018.05.19-18.34.58:106][214]LogSavePackage: Save=63.34ms
[2018.05.19-18.34.58:106][214]LogSavePackage: Moving 'D:/Documentos de Jose/Documentos/GitHub/Potatos-Dragons/RE_Indigos/Saved/ConveyerBeltChangingBA65CC9546C0DB868838A390BBA43618.tmp' to 'D:/Documentos de Jose/Documentos/GitHub/Potatos-Dragons/RE_Indigos/Content/Blueprints/ConveyerBelt_Lift/ConveyerBeltChanging.uasset'
[2018.05.19-18.34.58:109][214]LogSavePackage: Display: Finished SavePackage D:/Documentos de Jose/Documentos/GitHub/Potatos-Dragons/RE_Indigos/Content/Blueprints/ConveyerBelt_Lift/ConveyerBeltChanging.uasset
[2018.05.19-18.35.28:721][519]LogEditorViewport: Clicking on Actor (LMB): ConveyerBeltChanging_C (ConveyerBeltChanging)
[2018.05.19-18.35.31:529][844]LogEditorViewport: Clicking on Actor (LMB): BasicConveyerSwitch_C (BasicConveyerSwitch)
[2018.05.19-18.35.43:809][293]LogTemp: Repeating last play command: Selected Viewport
[2018.05.19-18.35.43:822][293]LogBlueprintUserMessages: Early PlayInEditor Detection: Level '/Game/Maps/0_IndigosTestMap/IndigosTestMap.IndigosTestMap:PersistentLevel' has LevelScriptBlueprint '/Game/Maps/0_IndigosTestMap/IndigosTestMap.IndigosTestMap:PersistentLevel.IndigosTestMap' with GeneratedClass '/Game/Maps/0_IndigosTestMap/IndigosTestMap.IndigosTestMap_C' with ClassGeneratedBy '/Game/Maps/0_IndigosTestMap/IndigosTestMap.IndigosTestMap:PersistentLevel.IndigosTestMap'
[2018.05.19-18.35.43:822][293]LogPlayLevel: PlayLevel: No blueprints needed recompiling
[2018.05.19-18.35.43:822][293]PIE: New page: PIE session: IndigosTestMap (May 19, 2018, 10:35:43 PM)
[2018.05.19-18.35.43:822][293]LogPlayLevel: Creating play world package: /Game/Maps/0_IndigosTestMap/UEDPIE_0_IndigosTestMap
[2018.05.19-18.35.43:847][293]LogPlayLevel: PIE: StaticDuplicateObject took: (0.025106s)
[2018.05.19-18.35.43:847][293]LogAIModule: Creating AISystem for world IndigosTestMap
[2018.05.19-18.35.43:847][293]LogPlayLevel: PIE: World Init took: (0.000938s)
[2018.05.19-18.35.43:848][293]LogPlayLevel: PIE: Created PIE world by copying editor world from /Game/Maps/0_IndigosTestMap/IndigosTestMap.IndigosTestMap to /Game/Maps/0_IndigosTestMap/UEDPIE_0_IndigosTestMap.IndigosTestMap (0.026474s)
[2018.05.19-18.35.43:931][293]LogInit: XAudio2 using 'Altavoces (C-Media PCI Audio Device)' : 2 channels at 48 kHz using 16 bits per sample (channel mask 0x3)
[2018.05.19-18.35.43:938][293]LogInit: FAudioDevice initialized.
[2018.05.19-18.35.43:973][293]LogLoad: Game class is 'GameMode_BP_C'
[2018.05.19-18.35.43:978][293]LogWorld: Bringing World /Game/Maps/0_IndigosTestMap/UEDPIE_0_IndigosTestMap.IndigosTestMap up for play (max tick rate 0) at 2018.05.19-20.35.43
[2018.05.19-18.35.43:978][293]LogWorld: Bringing up level for play took: 0.004344
[2018.05.19-18.35.43:982][293]PIE: Play in editor start time for /Game/Maps/0_IndigosTestMap/UEDPIE_0_IndigosTestMap 0.782
[2018.05.19-18.35.43:983][293]LogBlueprintUserMessages: Late PlayInEditor Detection: Level '/Game/Maps/0_IndigosTestMap/IndigosTestMap.IndigosTestMap:PersistentLevel' has LevelScriptBlueprint '/Game/Maps/0_IndigosTestMap/IndigosTestMap.IndigosTestMap:PersistentLevel.IndigosTestMap' with GeneratedClass '/Game/Maps/0_IndigosTestMap/IndigosTestMap.IndigosTestMap_C' with ClassGeneratedBy '/Game/Maps/0_IndigosTestMap/IndigosTestMap.IndigosTestMap:PersistentLevel.IndigosTestMap'
[2018.05.19-18.35.53:847][472]LogBlueprintUserMessages: Early EndPlayMap Detection: Level '/Game/Maps/0_IndigosTestMap/IndigosTestMap.IndigosTestMap:PersistentLevel' has LevelScriptBlueprint '/Game/Maps/0_IndigosTestMap/IndigosTestMap.IndigosTestMap:PersistentLevel.IndigosTestMap' with GeneratedClass '/Game/Maps/0_IndigosTestMap/IndigosTestMap.IndigosTestMap_C' with ClassGeneratedBy '/Game/Maps/0_IndigosTestMap/IndigosTestMap.IndigosTestMap:PersistentLevel.IndigosTestMap'
[2018.05.19-18.35.53:884][472]LogBlueprintUserMessages: Late EndPlayMap Detection: Level '/Game/Maps/0_IndigosTestMap/IndigosTestMap.IndigosTestMap:PersistentLevel' has LevelScriptBlueprint '/Game/Maps/0_IndigosTestMap/IndigosTestMap.IndigosTestMap:PersistentLevel.IndigosTestMap' with GeneratedClass '/Game/Maps/0_IndigosTestMap/IndigosTestMap.IndigosTestMap_C' with ClassGeneratedBy '/Game/Maps/0_IndigosTestMap/IndigosTestMap.IndigosTestMap:PersistentLevel.IndigosTestMap'
[2018.05.19-18.35.58:477][ 15]LogEditorViewport: Clicking on Actor (LMB): ConveyerBeltChanging_C (ConveyerBeltChanging)
[2018.05.19-18.36.12:351][656]LogEditorViewport: Clicking on Actor (LMB): BasicConveyerSwitch_C (BasicConveyerSwitch)
[2018.05.19-18.36.22:169][754]LogSavePackage: Save=413.90ms
[2018.05.19-18.36.22:169][754]LogSavePackage: Moving 'D:/Documentos de Jose/Documentos/GitHub/Potatos-Dragons/RE_Indigos/Saved/IndigosTestMapC1F048FC4265CF3007899883BCF53DB4.tmp' to 'D:/Documentos de Jose/Documentos/GitHub/Potatos-Dragons/RE_Indigos/Content/Maps/0_IndigosTestMap/IndigosTestMap.umap'
[2018.05.19-18.36.22:172][754]LogSavePackage: Display: Finished SavePackage D:/Documentos de Jose/Documentos/GitHub/Potatos-Dragons/RE_Indigos/Content/Maps/0_IndigosTestMap/IndigosTestMap.umap
[2018.05.19-18.39.03:663][218]LogSavePackage: Save=418.63ms
[2018.05.19-18.39.03:663][218]LogSavePackage: Moving 'D:/Documentos de Jose/Documentos/GitHub/Potatos-Dragons/RE_Indigos/Saved/IndigosTestMap9C96B4C5492ED466925337BBF2D7377F.tmp' to 'D:/Documentos de Jose/Documentos/GitHub/Potatos-Dragons/RE_Indigos/Content/Maps/0_IndigosTestMap/IndigosTestMap.umap'
[2018.05.19-18.39.03:666][218]LogSavePackage: Display: Finished SavePackage D:/Documentos de Jose/Documentos/GitHub/Potatos-Dragons/RE_Indigos/Content/Maps/0_IndigosTestMap/IndigosTestMap.umap
[2018.05.19-18.39.06:052][461]Cmd: QUIT_EDITOR
[2018.05.19-18.39.06:116][461]LogWindowsTextInputMethodSystem: Display: IME system now deactivated.
[2018.05.19-18.39.06:129][461]LogExit: Preparing to exit.
[2018.05.19-18.39.06:746][461]LogExit: Editor shut down
[2018.05.19-18.39.06:751][461]LogExit: Transaction tracking system shut down
[2018.05.19-18.39.06:863][461]LogDirectoryWatcher: A directory notification for '../../../Engine/Content/' was aborted.
[2018.05.19-18.39.06:864][461]LogDirectoryWatcher: A directory notification for 'D:/Documentos de Jose/Documentos/GitHub/Potatos-Dragons/RE_Indigos/Content/' was aborted.
[2018.05.19-18.39.06:864][461]LogDirectoryWatcher: A directory notification for '../../../Engine/Plugins/2D/Paper2D/Content/' was aborted.
[2018.05.19-18.39.06:864][461]LogDirectoryWatcher: A directory notification for '../../../Engine/Plugins/Media/MediaCompositing/Content/' was aborted.
[2018.05.19-18.39.06:864][461]LogDirectoryWatcher: A directory notification for '../../../Engine/Plugins/Runtime/AppleARKit/Content/' was aborted.
[2018.05.19-18.39.06:864][461]LogDirectoryWatcher: A directory notification for '../../../Engine/Plugins/Runtime/Oculus/OculusVR/Content/' was aborted.
[2018.05.19-18.39.06:864][461]LogDirectoryWatcher: A directory notification for '../../../Engine/Plugins/Runtime/Steam/SteamVR/Content/' was aborted.
[2018.05.19-18.39.06:970][461]LogExit: Object subsystem successfully closed.
[2018.05.19-18.39.06:997][461]LogD3D11RHI: Shutdown
[2018.05.19-18.39.06:997][461]LogD3D11RHI: CleanupD3DDevice
[2018.05.19-18.39.07:000][461]LogD3D11RHI: ~FD3D11DynamicRHI
[2018.05.19-18.39.07:030][461]LogModuleManager: Shutting down and abandoning module MovieSceneCapture (552)
[2018.05.19-18.39.07:030][461]LogModuleManager: Shutting down and abandoning module BlueprintGraph (550)
[2018.05.19-18.39.07:030][461]LogModuleManager: Shutting down and abandoning module HierarchicalLODOutliner (548)
[2018.05.19-18.39.07:030][461]LogModuleManager: Shutting down and abandoning module SceneOutliner (546)
[2018.05.19-18.39.07:030][461]LogModuleManager: Shutting down and abandoning module AddContentDialog (544)
[2018.05.19-18.39.07:030][461]LogDirectoryWatcher: A directory notification for 'C:/Program Files/Epic Games/UE_4.18/FeaturePacks/' was aborted.
[2018.05.19-18.39.07:031][461]LogModuleManager: Shutting down and abandoning module WidgetCarousel (543)
[2018.05.19-18.39.07:031][461]LogModuleManager: Shutting down and abandoning module EditorWidgets (540)
[2018.05.19-18.39.07:031][461]LogModuleManager: Shutting down and abandoning module CollectionManager (538)
[2018.05.19-18.39.07:031][461]LogDirectoryWatcher: A directory notification for 'D:/Documentos de Jose/Documentos/GitHub/Potatos-Dragons/RE_Indigos/Content/Collections/' was aborted.
[2018.05.19-18.39.07:031][461]LogDirectoryWatcher: A directory notification for 'D:/Documentos de Jose/Documentos/GitHub/Potatos-Dragons/RE_Indigos/Content/Developers/Josito/Collections/' was aborted.
[2018.05.19-18.39.07:031][461]LogDirectoryWatcher: A directory notification for 'D:/Documentos de Jose/Documentos/GitHub/Potatos-Dragons/RE_Indigos/Saved/Collections/' was aborted.
[2018.05.19-18.39.07:032][461]LogModuleManager: Shutting down and abandoning module StatsViewer (536)
[2018.05.19-18.39.07:032][461]LogModuleManager: Shutting down and abandoning module FoliageEdit (534)
[2018.05.19-18.39.07:032][461]LogModuleManager: Shutting down and abandoning module LandscapeEditor (532)
[2018.05.19-18.39.07:032][461]LogModuleManager: Shutting down and abandoning module MeshPaintMode (530)
[2018.05.19-18.39.07:032][461]LogModuleManager: Shutting down and abandoning module SceneDepthPickerMode (528)
[2018.05.19-18.39.07:032][461]LogModuleManager: Shutting down and abandoning module ActorPickerMode (526)
[2018.05.19-18.39.07:032][461]LogModuleManager: Shutting down and abandoning module GeometryMode (524)
[2018.05.19-18.39.07:032][461]LogModuleManager: Shutting down and abandoning module TextureAlignMode (522)
[2018.05.19-18.39.07:032][461]LogModuleManager: Shutting down and abandoning module BspMode (520)
[2018.05.19-18.39.07:032][461]LogModuleManager: Shutting down and abandoning module PIEPreviewDeviceProfileSelector (518)
[2018.05.19-18.39.07:032][461]LogModuleManager: Shutting down and abandoning module HardwareSurvey (516)
[2018.05.19-18.39.07:032][461]LogModuleManager: Shutting down and abandoning module SequenceRecorderSections (514)
[2018.05.19-18.39.07:032][461]LogModuleManager: Shutting down and abandoning module AutomationWorker (512)
[2018.05.19-18.39.07:032][461]LogModuleManager: Shutting down and abandoning module MatineeToLevelSequence (510)
[2018.05.19-18.39.07:032][461]LogModuleManager: Shutting down and abandoning module LevelSequenceEditor (508)
[2018.05.19-18.39.07:032][461]LogModuleManager: Shutting down and abandoning module PlacementMode (507)
[2018.05.19-18.39.07:032][461]LogModuleManager: Shutting down and abandoning module WmfMediaFactory (504)
[2018.05.19-18.39.07:032][461]LogModuleManager: Shutting down and abandoning module WmfMediaEditor (502)
[2018.05.19-18.39.07:032][461]LogModuleManager: Shutting down and abandoning module OpenExrWrapper (500)
[2018.05.19-18.39.07:032][461]LogModuleManager: Shutting down and abandoning module ImgMediaFactory (498)
[2018.05.19-18.39.07:032][461]LogModuleManager: Shutting down and abandoning module ImgMediaEditor (496)
[2018.05.19-18.39.07:032][461]LogModuleManager: Shutting down and abandoning module AvfMediaFactory (494)
[2018.05.19-18.39.07:032][461]LogModuleManager: Shutting down and abandoning module AvfMediaEditor (492)
[2018.05.19-18.39.07:032][461]LogModuleManager: Shutting down and abandoning module AndroidMediaFactory (490)
[2018.05.19-18.39.07:032][461]LogModuleManager: Shutting down and abandoning module AndroidMediaEditor (488)
[2018.05.19-18.39.07:032][461]LogModuleManager: Shutting down and abandoning module CharacterAI (486)
[2018.05.19-18.39.07:032][461]LogModuleManager: Shutting down and abandoning module AudioCapture (484)
[2018.05.19-18.39.07:032][461]LogModuleManager: Shutting down and abandoning module SequenceRecorder (483)
[2018.05.19-18.39.07:032][461]LogModuleManager: Shutting down and abandoning module SmartSnapping (480)
[2018.05.19-18.39.07:032][461]LogModuleManager: Shutting down and abandoning module SessionServices (478)
[2018.05.19-18.39.07:032][461]LogModuleManager: Shutting down and abandoning module ViewportSnapping (476)
[2018.05.19-18.39.07:032][461]LogModuleManager: Shutting down and abandoning module ViewportInteraction (474)
[2018.05.19-18.39.07:032][461]LogModuleManager: Shutting down and abandoning module ClothPainter (472)
[2018.05.19-18.39.07:032][461]LogModuleManager: Shutting down and abandoning module SkeletalMeshEditor (471)
[2018.05.19-18.39.07:032][461]LogModuleManager: Shutting down and abandoning module LogVisualizer (468)
[2018.05.19-18.39.07:033][461]LogModuleManager: Shutting down and abandoning module IntroTutorials (466)
[2018.05.19-18.39.07:033][461]LogModuleManager: Shutting down and abandoning module GameProjectGeneration (465)
[2018.05.19-18.39.07:033][461]LogModuleManager: Shutting down and abandoning module IOSPlatformEditor (462)
[2018.05.19-18.39.07:033][461]LogModuleManager: Shutting down and abandoning module HTML5PlatformEditor (460)
[2018.05.19-18.39.07:033][461]LogModuleManager: Shutting down and abandoning module AndroidPlatformEditor (458)
[2018.05.19-18.39.07:033][461]LogModuleManager: Shutting down and abandoning module AndroidDeviceDetection (457)
[2018.05.19-18.39.07:893][461]LogModuleManager: Shutting down and abandoning module WindowsPlatformEditor (454)
[2018.05.19-18.39.07:893][461]LogModuleManager: Shutting down and abandoning module IOSRuntimeSettings (452)
[2018.05.19-18.39.07:893][461]LogModuleManager: Shutting down and abandoning module AndroidRuntimeSettings (450)
[2018.05.19-18.39.07:893][461]LogModuleManager: Shutting down and abandoning module InputBindingEditor (448)
[2018.05.19-18.39.07:893][461]LogModuleManager: Shutting down and abandoning module MergeActors (446)
[2018.05.19-18.39.07:893][461]LogModuleManager: Shutting down and abandoning module SizeMap (444)
[2018.05.19-18.39.07:893][461]LogModuleManager: Shutting down and abandoning module TreeMap (442)
[2018.05.19-18.39.07:893][461]LogModuleManager: Shutting down and abandoning module ReferenceViewer (440)
[2018.05.19-18.39.07:893][461]LogModuleManager: Shutting down and abandoning module LocalizationDashboard (438)
[2018.05.19-18.39.07:893][461]LogModuleManager: Shutting down and abandoning module LocalizationService (437)
[2018.05.19-18.39.07:893][461]LogModuleManager: Shutting down and abandoning module HardwareTargeting (434)
[2018.05.19-18.39.07:893][461]LogModuleManager: Shutting down and abandoning module DeviceProfileEditor (432)
[2018.05.19-18.39.07:893][461]LogModuleManager: Shutting down and abandoning module UndoHistory (430)
[2018.05.19-18.39.07:893][461]LogModuleManager: Shutting down and abandoning module XmlParser (428)
[2018.05.19-18.39.07:893][461]LogModuleManager: Shutting down and abandoning module Blutility (426)
[2018.05.19-18.39.07:894][461]LogModuleManager: Shutting down and abandoning module ProjectSettingsViewer (424)
[2018.05.19-18.39.07:894][461]LogModuleManager: Shutting down and abandoning module ProjectTargetPlatformEditor (423)
[2018.05.19-18.39.07:894][461]LogModuleManager: Shutting down and abandoning module EditorSettingsViewer (420)
[2018.05.19-18.39.07:894][461]LogModuleManager: Shutting down and abandoning module SettingsEditor (418)
[2018.05.19-18.39.07:894][461]LogModuleManager: Shutting down and abandoning module ProjectLauncher (416)
[2018.05.19-18.39.07:894][461]LogModuleManager: Shutting down and abandoning module SessionFrontend (414)
[2018.05.19-18.39.07:894][461]LogModuleManager: Shutting down and abandoning module ProfilerClient (412)
[2018.05.19-18.39.07:894][461]LogModuleManager: Shutting down and abandoning module DeviceManager (410)
[2018.05.19-18.39.07:894][461]LogModuleManager: Shutting down and abandoning module TargetDeviceServices (409)
[2018.05.19-18.39.07:949][461]LogModuleManager: Shutting down and abandoning module AutomationController (406)
[2018.05.19-18.39.07:949][461]LogModuleManager: Shutting down and abandoning module AutomationWindow (404)
[2018.05.19-18.39.07:949][461]LogModuleManager: Shutting down and abandoning module Layers (402)
[2018.05.19-18.39.07:949][461]LogModuleManager: Shutting down and abandoning module ComponentVisualizers (400)
[2018.05.19-18.39.07:949][461]LogModuleManager: Shutting down and abandoning module DetailCustomizations (398)
[2018.05.19-18.39.07:949][461]LogModuleManager: Shutting down and abandoning module PackagesDialog (396)
[2018.05.19-18.39.07:949][461]LogModuleManager: Shutting down and abandoning module Persona (394)
[2018.05.19-18.39.07:949][461]LogModuleManager: Shutting down and abandoning module AdvancedPreviewScene (393)
[2018.05.19-18.39.07:949][461]LogModuleManager: Shutting down and abandoning module AnimGraph (391)
[2018.05.19-18.39.07:949][461]LogModuleManager: Shutting down and abandoning module Kismet (388)
[2018.05.19-18.39.07:957][461]LogModuleManager: Shutting down and abandoning module ClassViewer (386)
[2018.05.19-18.39.07:957][461]LogModuleManager: Shutting down and abandoning module Toolbox (384)
[2018.05.19-18.39.07:957][461]LogModuleManager: Shutting down and abandoning module ModuleUI (382)
[2018.05.19-18.39.07:957][461]LogModuleManager: Shutting down and abandoning module MovieSceneTools (380)
[2018.05.19-18.39.07:957][461]LogModuleManager: Shutting down and abandoning module OutputLog (378)
[2018.05.19-18.39.07:957][461]LogModuleManager: Shutting down and abandoning module GammaUI (376)
[2018.05.19-18.39.07:957][461]LogModuleManager: Shutting down and abandoning module Documentation (374)
[2018.05.19-18.39.07:957][461]LogModuleManager: Shutting down and abandoning module MovieSceneTracks (372)
[2018.05.19-18.39.07:957][461]LogModuleManager: Shutting down and abandoning module MovieScene (370)
[2018.05.19-18.39.07:957][461]LogModuleManager: Shutting down and abandoning module StreamingPauseRendering (368)
[2018.05.19-18.39.07:957][461]LogModuleManager: Shutting down and abandoning module LauncherPlatform (366)
[2018.05.19-18.39.07:957][461]LogModuleManager: Shutting down and abandoning module AnalyticsET (364)
[2018.05.19-18.39.07:958][461]LogModuleManager: Shutting down and abandoning module PortalServices (362)
[2018.05.19-18.39.07:958][461]LogModuleManager: Shutting down and abandoning module PortalRpc (360)
[2018.05.19-18.39.07:958][461]LogModuleManager: Shutting down and abandoning module MessagingRpc (358)
[2018.05.19-18.39.07:958][461]LogModuleManager: Shutting down and abandoning module AIModule (356)
[2018.05.19-18.39.07:958][461]LogModuleManager: Shutting down and abandoning module GameplayDebugger (355)
[2018.05.19-18.39.07:958][461]LogModuleManager: Shutting down and abandoning module AITestSuite (353)
[2018.05.19-18.39.07:958][461]LogModuleManager: Shutting down and abandoning module DesktopPlatform (350)
[2018.05.19-18.39.07:958][461]LogModuleManager: Shutting down and abandoning module ProfilerService (348)
[2018.05.19-18.39.07:993][461]LogModuleManager: Shutting down and abandoning module TaskGraph (346)
[2018.05.19-18.39.07:993][461]LogModuleManager: Shutting down and abandoning module SteamVRController (344)
[2018.05.19-18.39.07:993][461]LogModuleManager: Shutting down and abandoning module ProceduralMeshComponentEditor (342)
[2018.05.19-18.39.07:993][461]LogModuleManager: Shutting down and abandoning module ProceduralMeshComponent (340)
[2018.05.19-18.39.07:993][461]LogModuleManager: Shutting down and abandoning module OculusInput (338)
[2018.05.19-18.39.07:993][461]LogModuleManager: Shutting down and abandoning module MobilePatchingUtils (336)
[2018.05.19-18.39.07:993][461]LogModuleManager: Shutting down and abandoning module CustomMeshComponent (334)
[2018.05.19-18.39.07:993][461]LogModuleManager: Shutting down and abandoning module CableComponent (332)
[2018.05.19-18.39.07:994][461]LogModuleManager: Shutting down and abandoning module ArchVisCharacter (330)
[2018.05.19-18.39.07:994][461]LogModuleManager: Shutting down and abandoning module AndroidPermission (328)
[2018.05.19-18.39.07:994][461]LogModuleManager: Shutting down and abandoning module ActorSequence (324)
[2018.05.19-18.39.07:994][461]LogModuleManager: Shutting down and abandoning module MediaPlayerEditor (322)
[2018.05.19-18.39.07:994][461]LogModuleManager: Shutting down and abandoning module MediaCompositingEditor (320)
[2018.05.19-18.39.07:994][461]LogModuleManager: Shutting down and abandoning module MediaCompositing (318)
[2018.05.19-18.39.07:994][461]LogModuleManager: Shutting down and abandoning module HTML5Networking (316)
[2018.05.19-18.39.07:994][461]LogModuleManager: Shutting down and abandoning module AlembicImporter (314)
[2018.05.19-18.39.07:994][461]LogModuleManager: Shutting down and abandoning module AlembicLibrary (313)
[2018.05.19-18.39.07:994][461]LogModuleManager: Shutting down and abandoning module GeometryCache (312)
[2018.05.19-18.39.07:994][461]LogModuleManager: Shutting down and abandoning module GeometryCacheEd (311)
[2018.05.19-18.39.07:994][461]LogModuleManager: Shutting down and abandoning module SpeedTreeImporter (306)
[2018.05.19-18.39.07:994][461]LogModuleManager: Shutting down and abandoning module PluginBrowser (304)
[2018.05.19-18.39.07:994][461]LogModuleManager: Shutting down and abandoning module MobileLauncherProfileWizard (302)
[2018.05.19-18.39.07:994][461]LogModuleManager: Shutting down and abandoning module VisualStudioSourceCodeAccess (300)
[2018.05.19-18.39.07:994][461]LogModuleManager: Shutting down and abandoning module VisualStudioCodeSourceCodeAccess (298)
[2018.05.19-18.39.07:994][461]LogModuleManager: Shutting down and abandoning module UObjectPlugin (296)
[2018.05.19-18.39.07:994][461]LogModuleManager: Shutting down and abandoning module SubversionSourceControl (294)
[2018.05.19-18.39.07:994][461]LogModuleManager: Shutting down and abandoning module PerforceSourceControl (292)
[2018.05.19-18.39.07:994][461]LogModuleManager: Shutting down and abandoning module GitSourceControl (290)
[2018.05.19-18.39.07:994][461]LogModuleManager: Shutting down and abandoning module SourceControl (289)
[2018.05.19-18.39.07:995][461]LogModuleManager: Shutting down and abandoning module LightPropagationVolumeEditor (286)
[2018.05.19-18.39.07:995][461]LogModuleManager: Shutting down and abandoning module PaperTiledImporter (284)
[2018.05.19-18.39.07:995][461]LogModuleManager: Shutting down and abandoning module PaperSpriteSheetImporter (282)
[2018.05.19-18.39.07:995][461]LogModuleManager: Shutting down and abandoning module Paper2DEditor (280)
[2018.05.19-18.39.07:995][461]LogModuleManager: Shutting down and abandoning module MeshPaint (279)
[2018.05.19-18.39.07:995][461]LogModuleManager: Shutting down and abandoning module LevelEditor (277)
[2018.05.19-18.39.07:996][461]LogModuleManager: Shutting down and abandoning module PixelInspectorModule (276)
[2018.05.19-18.39.07:996][461]LogModuleManager: Shutting down and abandoning module MainFrame (274)
[2018.05.19-18.39.07:996][461]LogModuleManager: Shutting down and abandoning module HotReload (273)
[2018.05.19-18.39.07:997][461]LogModuleManager: Shutting down and abandoning module RuntimePhysXCooking (268)
[2018.05.19-18.39.07:997][461]LogModuleManager: Shutting down and abandoning module PhysXVehiclesEditor (266)
[2018.05.19-18.39.07:997][461]LogModuleManager: Shutting down and abandoning module PhysXVehicles (264)
[2018.05.19-18.39.07:997][461]LogModuleManager: Shutting down and abandoning module OculusEditor (262)
[2018.05.19-18.39.07:997][461]LogModuleManager: Shutting down and abandoning module LocationServicesBPLibrary (260)
[2018.05.19-18.39.07:997][461]LogModuleManager: Shutting down and abandoning module ImmediatePhysicsEditor (258)
[2018.05.19-18.39.07:997][461]LogModuleManager: Shutting down and abandoning module ImmediatePhysics (256)
[2018.05.19-18.39.07:997][461]LogModuleManager: Shutting down and abandoning module UdpMessaging (254)
[2018.05.19-18.39.08:099][461]LogModuleManager: Shutting down and abandoning module TcpMessaging (252)
[2018.05.19-18.39.08:200][461]LogModuleManager: Shutting down and abandoning module GameplayTagsEditor (250)
[2018.05.19-18.39.08:200][461]LogModuleManager: Shutting down and abandoning module FacialAnimationEditor (248)
[2018.05.19-18.39.08:200][461]LogModuleManager: Shutting down and abandoning module FacialAnimation (246)
[2018.05.19-18.39.08:200][461]LogModuleManager: Shutting down and abandoning module AssetManagerEditor (244)
[2018.05.19-18.39.08:200][461]LogModuleManager: Shutting down and abandoning module GraphEditor (243)
[2018.05.19-18.39.08:200][461]LogModuleManager: Shutting down and abandoning module ContentBrowser (241)
[2018.05.19-18.39.08:201][461]LogModuleManager: Shutting down and abandoning module LightPropagationVolumeRuntime (238)
[2018.05.19-18.39.08:201][461]LogModuleManager: Shutting down and abandoning module Paper2D (236)
[2018.05.19-18.39.08:201][461]LogModuleManager: Shutting down and abandoning module WindowsMoviePlayer (234)
[2018.05.19-18.39.08:201][461]LogModuleManager: Shutting down and abandoning module WmfMedia (232)
[2018.05.19-18.39.08:202][461]LogModuleManager: Shutting down and abandoning module ImgMedia (230)
[2018.05.19-18.39.08:202][461]LogModuleManager: Shutting down and abandoning module PacketHandler (228)
[2018.05.19-18.39.08:202][461]LogModuleManager: Shutting down and abandoning module ClothingSystemEditor (226)
[2018.05.19-18.39.08:202][461]LogModuleManager: Shutting down and abandoning module ClothingSystemRuntime (224)
[2018.05.19-18.39.08:202][461]LogModuleManager: Shutting down and abandoning module MediaAssets (222)
[2018.05.19-18.39.08:202][461]LogModuleManager: Shutting down and abandoning module Media (221)
[2018.05.19-18.39.08:208][461]LogModuleManager: Shutting down and abandoning module Overlay (218)
[2018.05.19-18.39.08:208][461]LogModuleManager: Shutting down and abandoning module OverlayEditor (217)
[2018.05.19-18.39.08:208][461]LogModuleManager: Shutting down and abandoning module VREditor (214)
[2018.05.19-18.39.08:208][461]LogModuleManager: Shutting down and abandoning module StringTableEditor (212)
[2018.05.19-18.39.08:208][461]LogModuleManager: Shutting down and abandoning module GameplayTasksEditor (210)
[2018.05.19-18.39.08:208][461]LogModuleManager: Shutting down and abandoning module BehaviorTreeEditor (208)
[2018.05.19-18.39.08:208][461]LogModuleManager: Shutting down and abandoning module FunctionalTesting (206)
[2018.05.19-18.39.08:208][461]LogModuleManager: Shutting down and abandoning module CollisionAnalyzer (204)
[2018.05.19-18.39.08:208][461]LogModuleManager: Shutting down and abandoning module WorkspaceMenuStructure (203)
[2018.05.19-18.39.08:208][461]LogModuleManager: Shutting down and abandoning module UMG (200)
[2018.05.19-18.39.08:209][461]LogModuleManager: Shutting down and abandoning module UMGEditor (199)
[2018.05.19-18.39.08:209][461]LogModuleManager: Shutting down and abandoning module Sequencer (198)
[2018.05.19-18.39.08:209][461]LogModuleManager: Shutting down and abandoning module MessageLog (195)
[2018.05.19-18.39.08:209][461]LogModuleManager: Shutting down and abandoning module SlateReflector (190)
[2018.05.19-18.39.08:209][461]LogModuleManager: Shutting down and abandoning module Slate (188)
[2018.05.19-18.39.08:209][461]LogModuleManager: Shutting down and abandoning module EditorStyle (186)
[2018.05.19-18.39.08:212][461]LogModuleManager: Shutting down and abandoning module MRMesh (184)
[2018.05.19-18.39.08:212][461]LogModuleManager: Shutting down and abandoning module SourceCodeAccess (182)
[2018.05.19-18.39.08:212][461]LogModuleManager: Shutting down and abandoning module HeadMountedDisplay (180)
[2018.05.19-18.39.08:212][461]LogModuleManager: Shutting down and abandoning module XAudio2 (178)
[2018.05.19-18.39.08:212][461]LogModuleManager: Shutting down and abandoning module Networking (176)
[2018.05.19-18.39.08:212][461]LogModuleManager: Shutting down and abandoning module Core (172)
[2018.05.19-18.39.08:212][461]LogModuleManager: Shutting down and abandoning module LevelSequence (168)
[2018.05.19-18.39.08:212][461]LogModuleManager: Shutting down and abandoning module DirectoryWatcher (166)
[2018.05.19-18.39.08:212][461]LogModuleManager: Shutting down and abandoning module KismetCompiler (164)
[2018.05.19-18.39.08:212][461]LogModuleManager: Shutting down and abandoning module MeshUtilities (162)
[2018.05.19-18.39.08:212][461]LogModuleManager: Shutting down and abandoning module MeshMergeUtilities (161)
[2018.05.19-18.39.08:212][461]LogModuleManager: Shutting down and abandoning module MeshReductionInterface (160)
[2018.05.19-18.39.08:212][461]LogModuleManager: Shutting down and abandoning module SimplygonSwarm (159)
[2018.05.19-18.39.08:212][461]LogModuleManager: Shutting down and abandoning module SimplygonMeshReduction (157)
[2018.05.19-18.39.08:212][461]LogModuleManager: Shutting down and abandoning module QuadricMeshReduction (155)
[2018.05.19-18.39.08:212][461]LogModuleManager: Shutting down and abandoning module MaterialBaking (151)
[2018.05.19-18.39.08:212][461]LogModuleManager: Shutting down and abandoning module DerivedDataCache (148)
[2018.05.19-18.39.08:255][461]LogDerivedDataCache: Shutdown
[2018.05.19-18.39.08:255][461]LogModuleManager: Shutting down and abandoning module TargetPlatform (146)
[2018.05.19-18.39.08:255][461]LogModuleManager: Shutting down and abandoning module VulkanShaderFormat (145)
[2018.05.19-18.39.08:255][461]LogModuleManager: Shutting down and abandoning module ShaderFormatVectorVM (143)
[2018.05.19-18.39.08:255][461]LogModuleManager: Shutting down and abandoning module ShaderFormatOpenGL (141)
[2018.05.19-18.39.08:255][461]LogModuleManager: Shutting down and abandoning module ShaderFormatD3D (139)
[2018.05.19-18.39.08:255][461]LogModuleManager: Shutting down and abandoning module MetalShaderFormat (137)
[2018.05.19-18.39.08:255][461]LogModuleManager: Shutting down and abandoning module TextureFormatUncompressed (135)
[2018.05.19-18.39.08:255][461]LogModuleManager: Shutting down and abandoning module TextureFormatPVR (133)
[2018.05.19-18.39.08:255][461]LogModuleManager: Shutting down and abandoning module TextureFormatDXT (131)
[2018.05.19-18.39.08:255][461]LogModuleManager: Shutting down and abandoning module TextureFormatIntelISPCTexComp (129)
[2018.05.19-18.39.08:256][461]LogModuleManager: Shutting down and abandoning module TextureFormatASTC (127)
[2018.05.19-18.39.08:256][461]LogModuleManager: Shutting down and abandoning module ImageWrapper (126)
[2018.05.19-18.39.08:256][461]LogModuleManager: Shutting down and abandoning module TextureFormatAndroid (123)
[2018.05.19-18.39.08:256][461]LogModuleManager: Shutting down and abandoning module AudioFormatOpus (121)
[2018.05.19-18.39.08:256][461]LogModuleManager: Shutting down and abandoning module AudioFormatOgg (119)
[2018.05.19-18.39.08:256][461]LogModuleManager: Shutting down and abandoning module AudioFormatADPCM (117)
[2018.05.19-18.39.08:256][461]LogModuleManager: Shutting down and abandoning module LinuxTargetPlatform (115)
[2018.05.19-18.39.08:256][461]LogModuleManager: Shutting down and abandoning module LinuxServerTargetPlatform (113)
[2018.05.19-18.39.08:256][461]LogModuleManager: Shutting down and abandoning module LinuxNoEditorTargetPlatform (111)
[2018.05.19-18.39.08:256][461]LogModuleManager: Shutting down and abandoning module LinuxClientTargetPlatform (109)
[2018.05.19-18.39.08:256][461]LogModuleManager: Shutting down and abandoning module TVOSTargetPlatform (107)
[2018.05.19-18.39.08:256][461]LogModuleManager: Shutting down and abandoning module Messaging (105)
[2018.05.19-18.39.08:256][461]LogModuleManager: Shutting down and abandoning module IOSTargetPlatform (103)
[2018.05.19-18.39.08:256][461]LogModuleManager: Shutting down and abandoning module HTML5TargetPlatform (101)
[2018.05.19-18.39.08:256][461]LogModuleManager: Shutting down and abandoning module AndroidTargetPlatform (99)
[2018.05.19-18.39.08:256][461]LogModuleManager: Shutting down and abandoning module Android_PVRTCTargetPlatform (97)
[2018.05.19-18.39.08:256][461]LogModuleManager: Shutting down and abandoning module Android_MultiTargetPlatform (95)
[2018.05.19-18.39.08:256][461]LogModuleManager: Shutting down and abandoning module Android_ETC2TargetPlatform (93)
[2018.05.19-18.39.08:256][461]LogModuleManager: Shutting down and abandoning module Android_ETC1TargetPlatform (91)
[2018.05.19-18.39.08:256][461]LogModuleManager: Shutting down and abandoning module Android_DXTTargetPlatform (89)
[2018.05.19-18.39.08:256][461]LogModuleManager: Shutting down and abandoning module Android_ATCTargetPlatform (87)
[2018.05.19-18.39.08:256][461]LogModuleManager: Shutting down and abandoning module Android_ASTCTargetPlatform (85)
[2018.05.19-18.39.08:256][461]LogModuleManager: Shutting down and abandoning module WindowsTargetPlatform (83)
[2018.05.19-18.39.08:256][461]LogModuleManager: Shutting down and abandoning module WindowsServerTargetPlatform (81)
[2018.05.19-18.39.08:256][461]LogModuleManager: Shutting down and abandoning module WindowsNoEditorTargetPlatform (79)
[2018.05.19-18.39.08:256][461]LogModuleManager: Shutting down and abandoning module WindowsClientTargetPlatform (77)
[2018.05.19-18.39.08:256][461]LogModuleManager: Shutting down and abandoning module MacTargetPlatform (75)
[2018.05.19-18.39.08:256][461]LogModuleManager: Shutting down and abandoning module MacServerTargetPlatform (73)
[2018.05.19-18.39.08:256][461]LogModuleManager: Shutting down and abandoning module MacNoEditorTargetPlatform (71)
[2018.05.19-18.39.08:256][461]LogModuleManager: Shutting down and abandoning module MacClientTargetPlatform (69)
[2018.05.19-18.39.08:256][461]LogModuleManager: Shutting down and abandoning module AllDesktopTargetPlatform (67)
[2018.05.19-18.39.08:256][461]LogModuleManager: Shutting down and abandoning module InputCore (64)
[2018.05.19-18.39.08:256][461]LogModuleManager: Shutting down and abandoning module Settings (62)
[2018.05.19-18.39.08:256][461]LogModuleManager: Shutting down and abandoning module PhysXCooking (60)
[2018.05.19-18.39.08:256][461]LogModuleManager: Shutting down and abandoning module SteamVR (58)
[2018.05.19-18.39.08:256][461]LogModuleManager: Shutting down and abandoning module OculusHMD (56)
[2018.05.19-18.39.08:256][461]LogModuleManager: Shutting down and abandoning module ExampleDeviceProfileSelector (54)
[2018.05.19-18.39.08:256][461]LogModuleManager: Shutting down and abandoning module AppleARKit (52)
[2018.05.19-18.39.08:256][461]LogModuleManager: Shutting down and abandoning module AugmentedReality (51)
[2018.05.19-18.39.08:256][461]LogModuleManager: Shutting down and abandoning module OnlineBlueprintSupport (48)
[2018.05.19-18.39.08:256][461]LogModuleManager: Shutting down and abandoning module OnlineSubsystem (44)
[2018.05.19-18.39.08:256][461]LogModuleManager: Shutting down and abandoning module XMPP (43)
[2018.05.19-18.39.08:257][461]LogModuleManager: Shutting down and abandoning module HTTP (41)
[2018.05.19-18.39.08:257][461]LogHttp: Display: Http module shutting down, but needs to wait on 1 outstanding Http requests:
[2018.05.19-18.39.08:257][461]LogHttp: Display: 	verb=[POST] url=[https://datarouter.ol.epicgames.com/datarouter/api/v1/public/data?SessionID=%7B8B0BA9B2-4A54-AA01-508B-E48BE0DB4E5A%7D&AppID=UEEditor.Rocket.Release&AppVersion=4.18.3-3832480%2B%2B%2BUE4%2BRelease-4.18&UserID=b00440904c7f9dabc55ecda067b71012%7C9ac40e480f1d477280b447eed97c0c77%7C1cad52d0-312e-44b5-a87e-3baa18de5566&AppEnvironment=datacollector-binary&UploadType=eteventstream] status=Processing
[2018.05.19-18.39.08:260][461]LogModuleManager: Shutting down and abandoning module SSL (40)
[2018.05.19-18.39.08:261][461]LogModuleManager: Shutting down and abandoning module AnimationModifiers (36)
[2018.05.19-18.39.08:261][461]LogModuleManager: Shutting down and abandoning module PropertyEditor (35)
[2018.05.19-18.39.08:261][461]LogModuleManager: Shutting down and abandoning module AudioEditor (32)
[2018.05.19-18.39.08:261][461]LogModuleManager: Shutting down and abandoning module TextureCompressor (30)
[2018.05.19-18.39.08:261][461]LogModuleManager: Shutting down and abandoning module ShaderCore (28)
[2018.05.19-18.39.08:261][461]LogModuleManager: Shutting down and abandoning module Landscape (26)
[2018.05.19-18.39.08:261][461]LogModuleManager: Shutting down and abandoning module SlateRHIRenderer (24)
[2018.05.19-18.39.08:262][461]LogModuleManager: Shutting down and abandoning module OpenGLDrv (22)
[2018.05.19-18.39.08:262][461]LogModuleManager: Shutting down and abandoning module D3D11RHI (20)
[2018.05.19-18.39.08:262][461]LogModuleManager: Shutting down and abandoning module AnimGraphRuntime (18)
[2018.05.19-18.39.08:262][461]LogModuleManager: Shutting down and abandoning module Renderer (16)
[2018.05.19-18.39.08:262][461]LogModuleManager: Shutting down and abandoning module Engine (14)
[2018.05.19-18.39.08:262][461]LogModuleManager: Shutting down and abandoning module CoreUObject (12)
[2018.05.19-18.39.08:262][461]LogModuleManager: Shutting down and abandoning module NetworkFile (10)
[2018.05.19-18.39.08:262][461]LogModuleManager: Shutting down and abandoning module CookedIterativeFile (8)
[2018.05.19-18.39.08:262][461]LogModuleManager: Shutting down and abandoning module StreamingFile (6)
[2018.05.19-18.39.08:262][461]LogModuleManager: Shutting down and abandoning module SandboxFile (4)
[2018.05.19-18.39.08:262][461]LogModuleManager: Shutting down and abandoning module PakFile (2)
[2018.05.19-18.39.08:266][461]LogExit: Exiting.
[2018.05.19-18.39.08:273][461]Log file closed, 05/19/18 20:39:08
