"../../../Engine/Content/Functions/Engine_MaterialFunctions01/Opacity/CameraDepthFade.uasset" 0
"../../../Engine/Content/EngineMaterials/T_Default_Material_Grid_M.uasset" 1
"../../../Engine/Content/EngineMaterials/T_Default_Material_Grid_N.uasset" 2
"../../../Engine/Content/EngineMaterials/DefaultMaterial.uasset" 3
"../../../Engine/Content/BasicShapes/Cone.uasset" 4
"../../../Engine/Content/EngineMaterials/WorldGridMaterial.uasset" 5
"../../../Engine/Content/BasicShapes/Plane.uasset" 6
"../../../Engine/Content/BasicShapes/Sphere.uasset" 7
"../../../Engine/Content/EditorLandscapeResources/DataLayer.uasset" 8
"../../../Engine/Content/EditorMaterials/GizmoMaterial.uasset" 9
"../../../Engine/Content/EditorMaterials/MAT_Groups_Toggle.uasset" 10
"../../../Engine/Content/EditorMaterials/MAT_Groups_Visibility.uasset" 11
"../../../Engine/Content/EditorMaterials/PreviewShadowIndicator.uasset" 12
"../../../Engine/Content/EditorMaterials/PreviewShadowIndicatorMaterial.uasset" 13
"../../../Engine/Content/EditorMaterials/MatineeGroups/MAT_ColorTrack.uasset" 14
"../../../Engine/Content/EditorMaterials/MatineeGroups/MAT_Groups_Anim.uasset" 15
"../../../Engine/Content/EditorMaterials/MatineeGroups/MAT_Groups_AudioMaster.uasset" 16
"../../../Engine/Content/EditorMaterials/MatineeGroups/MAT_Groups_Director.uasset" 17
"../../../Engine/Content/EditorMaterials/MatineeGroups/MAT_Groups_Event.uasset" 18
"../../../Engine/Content/EditorMaterials/MatineeGroups/MAT_Groups_Fade.uasset" 19
"../../../Engine/Content/EditorMaterials/MatineeGroups/MAT_Groups_Float.uasset" 20
"../../../Engine/Content/EditorMaterials/MatineeGroups/MAT_Groups_Move.uasset" 21
"../../../Engine/Content/EditorMaterials/MatineeGroups/MAT_Groups_Slomo.uasset" 22
"../../../Engine/Content/EditorMaterials/MatineeGroups/MAT_Groups_Sound.uasset" 23
"../../../Engine/Content/EditorMaterials/MatineeGroups/MAT_Groups_Vector.uasset" 24
"../../../Engine/Content/EditorMaterials/ParticleSystems/PSysThumbnail_NoImage.uasset" 25
"../../../Engine/Content/EditorMaterials/ParticleSystems/PSysThumbnail_OOD.uasset" 26
"../../../Engine/Content/EditorMaterials/Camera/CineMat.uasset" 27
"../../../Engine/Content/EditorMaterials/Camera/MI_CineMat_Rig.uasset" 28
"../../../Engine/Content/EditorMeshes/Camera/SM_CraneRig_Arm.uasset" 29
"../../../Engine/Content/EditorMeshes/Camera/SM_CraneRig_Base.uasset" 30
"../../../Engine/Content/EditorMeshes/Camera/SM_CraneRig_Body.uasset" 31
"../../../Engine/Content/EditorMeshes/Camera/SM_CraneRig_Mount.uasset" 32
"../../../Engine/Content/EditorMeshes/Camera/SM_RailRig_Mount.uasset" 33
"../../../Engine/Content/EditorMeshes/Camera/SM_RailRig_Track.uasset" 34
"../../../Engine/Content/EditorMeshes/ColorCalibrator/M_ChromeBall.uasset" 35
"../../../Engine/Content/EditorMeshes/ColorCalibrator/M_ClearCoat.uasset" 36
"../../../Engine/Content/EditorMeshes/ColorCalibrator/M_ClearCoatBlack.uasset" 37
"../../../Engine/Content/EditorMeshes/ColorCalibrator/Color_checker.uasset" 38
"../../../Engine/Content/EditorMeshes/ColorCalibrator/M_ColorGrid.uasset" 39
"../../../Engine/Content/EditorMeshes/ColorCalibrator/M_GreyBall.uasset" 40
"../../../Engine/Content/EditorMeshes/ColorCalibrator/SM_ColorCalibrator.uasset" 41
"../../../Engine/Content/EditorResources/BSPVertex.uasset" 42
"../../../Engine/Content/EditorResources/EmptyActor.uasset" 43
"../../../Engine/Content/EditorResources/S_Actor.uasset" 44
"../../../Engine/Content/EditorResources/S_Trigger.uasset" 45
"../../../Engine/Content/EditorResources/LightIcons/S_LightError.uasset" 46
"../../../Engine/Content/EditorResources/SequenceRecorder/Countdown.uasset" 47
"../../../Engine/Content/EditorResources/SequenceRecorder/RecordingIndicator.uasset" 48
"../../../Engine/Content/EditorSounds/Notifications/CompileFailed.uasset" 49
"../../../Engine/Content/EditorSounds/Notifications/CompileFailed_Cue.uasset" 50
"../../../Engine/Content/EditorSounds/Notifications/CompileSuccess.uasset" 51
"../../../Engine/Content/EditorSounds/Notifications/CompileStart_Cue.uasset" 52
"../../../Engine/Content/EditorSounds/Notifications/CompileSuccess_Cue.uasset" 53
"../../../Engine/Content/EngineDamageTypes/DmgTypeBP_Environmental.uasset" 54
"../../../Engine/Content/EngineDebugMaterials/HeatmapGradient.uasset" 55
"../../../Engine/Content/EngineDebugMaterials/BoneWeightMaterial.uasset" 56
"../../../Engine/Content/EngineDebugMaterials/ClothMaterial.uasset" 57
"../../../Engine/Content/EngineDebugMaterials/ClothMaterial_WF.uasset" 58
"../../../Engine/Content/EngineDebugMaterials/DebugEditorMaterial.uasset" 59
"../../../Engine/Content/EngineDebugMaterials/DebugMeshMaterial.uasset" 60
"../../../Engine/Content/EngineDebugMaterials/GeomMaterial.uasset" 61
"../../../Engine/Content/EngineFonts/Faces/RobotoBold.uasset" 62
"../../../Engine/Content/EngineFonts/Faces/RobotoBoldItalic.uasset" 63
"../../../Engine/Content/EngineFonts/Faces/RobotoItalic.uasset" 64
"../../../Engine/Content/EngineFonts/Faces/RobotoLight.uasset" 65
"../../../Engine/Content/EngineFonts/Faces/RobotoRegular.uasset" 66
"../../../Engine/Content/EngineFonts/Roboto.uasset" 67
"../../../Engine/Content/EngineFonts/Faces/RobotoTiny.uasset" 68
"../../../Engine/Content/EngineFonts/RobotoTiny.uasset" 69
"../../../Engine/Content/EngineMaterials/DefaultBloomKernel.uasset" 70
"../../../Engine/Content/EngineMaterials/DefaultBokeh.uasset" 71
"../../../Engine/Content/EngineMaterials/DefaultDiffuse.uasset" 72
"../../../Engine/Content/EngineMaterials/DefaultDeferredDecalMaterial.uasset" 73
"../../../Engine/Content/EngineMaterials/DefaultLightFunctionMaterial.uasset" 74
"../../../Engine/Content/EngineMaterials/DefaultPhysicalMaterial.uasset" 75
"../../../Engine/Content/Functions/Engine_MaterialFunctions02/Utility/BreakOutFloat2Components.uasset" 76
"../../../Engine/Content/EngineMaterials/DefaultPostProcessMaterial.uasset" 77
"../../../Engine/Content/EngineFonts/RobotoDistanceField.uasset" 78
"../../../Engine/Content/EngineMaterials/DefaultTextMaterialOpaque.uasset" 79
"../../../Engine/Content/EngineMaterials/DefaultWhiteGrid.uasset" 80
"../../../Engine/Content/EngineMaterials/EditorBrushMaterial.uasset" 81
"../../../Engine/Content/EngineMaterials/Good64x64TilingNoiseHighFreq.uasset" 82
"../../../Engine/Content/EngineMaterials/MiniFont.uasset" 83
"../../../Engine/Content/EngineMaterials/InvalidLightmapSettings.uasset" 84
"../../../Engine/Content/EngineMaterials/M_InvalidLightmapSettings.uasset" 85
"../../../Engine/Content/Functions/Engine_MaterialFunctions02/WorldPositionOffset/CameraOffset.uasset" 86
"../../../Engine/Content/EngineMaterials/PhAT_JointLimitMaterial.uasset" 87
"../../../Engine/Content/EngineMaterials/PreintegratedSkinBRDF.uasset" 88
"../../../Engine/Content/EngineMaterials/RemoveSurfaceMaterial.uasset" 89
"../../../Engine/Content/EngineMaterials/WeightMapPlaceholderTexture.uasset" 90
"../../../Engine/Content/EngineResources/WhiteSquareTexture.uasset" 91
"../../../Engine/Content/EngineMaterials/Widget3DPassThrough.uasset" 92
"../../../Engine/Content/EngineMaterials/Widget3DPassThrough_Masked.uasset" 93
"../../../Engine/Content/EngineMaterials/Widget3DPassThrough_Opaque.uasset" 94
"../../../Engine/Content/EngineMaterials/Widget3DPassThrough_Masked_OneSided.uasset" 95
"../../../Engine/Content/EngineMaterials/Widget3DPassThrough_Opaque_OneSided.uasset" 96
"../../../Engine/Content/EngineMaterials/Widget3DPassThrough_Translucent.uasset" 97
"../../../Engine/Content/EngineMaterials/Widget3DPassThrough_Translucent_OneSided.uasset" 98
"../../../Engine/Content/EngineMeshes/Cube.uasset" 99
"../../../Engine/Content/EngineMeshes/Cylinder.uasset" 100
"../../../Engine/Content/EngineMeshes/Sphere.uasset" 101
"../../../Engine/Content/EngineResources/Black.uasset" 102
"../../../Engine/Content/EngineResources/DefaultTexture.uasset" 103
"../../../Engine/Content/EngineResources/DefaultTextureCube.uasset" 104
"../../../Engine/Content/EngineResources/GradientTexture0.uasset" 105
"../../../Engine/Content/EngineSounds/Master.uasset" 106
"../../../Engine/Content/Functions/Engine_MaterialFunctions01/Shading/ConvertFromDiffSpec.uasset" 107
"../../../Engine/Content/Functions/Engine_MaterialFunctions01/Shading/PowerToRoughness.uasset" 108
"../../../Engine/Content/Maps/Templates/Thumbnails/Default.uasset" 109
"../../../Engine/Content/Maps/Templates/Thumbnails/VR-Basic.uasset" 110
"../../../Engine/Content/MobileResources/T_MobileControls_texture.uasset" 111
"../../../Engine/Content/MobileResources/T_MobileMenu2.uasset" 112
"../../../Engine/Content/MobileResources/HUD/AnalogHat.uasset" 113
"../../../Engine/Content/MobileResources/HUD/VirtualJoystick_Background.uasset" 114
"../../../Engine/Content/MobileResources/HUD/VirtualJoystick_Thumb.uasset" 115
"../../../Engine/Content/MobileResources/HUD/DefaultVirtualJoysticks.uasset" 116
"../../../Engine/Content/MobileResources/HUD/LeftVirtualJoystickOnly.uasset" 117
"../../../Engine/Content/MobileResources/HUD/MobileHUDButton1_off.uasset" 118
"../../../Engine/Content/MobileResources/HUD/MobileHUDButton1_on.uasset" 119
"../../../Engine/Content/MobileResources/HUD/MobileHUDButton2_off.uasset" 120
"../../../Engine/Content/MobileResources/HUD/MobileHUDButton2_on.uasset" 121
"../../../Engine/Content/MobileResources/HUD/MobileHUDButton3.uasset" 122
"../../../Engine/Content/MobileResources/HUD/MobileHUDButtonFire.uasset" 123
"../../../Engine/Content/MobileResources/HUD/MobileHUDDirectionPad.uasset" 124
"../../../Engine/Content/MobileResources/HUD/MobileHUDDirectionPad2.uasset" 125
"../../../Engine/Content/MobileResources/HUD/MobileHUDDirectionPad3.uasset" 126
"../../../Engine/Content/MobileResources/HUD/MobileHUDDirectionStick.uasset" 127
"../../../Engine/Content/MobileResources/HUD/T_Castle_ThumbstickInner.uasset" 128
"../../../Engine/Content/MobileResources/HUD/T_Castle_ThumbstickOutter.uasset" 129
"../../../Engine/Content/Tutorial/ContentIntroCurve.uasset" 130
"../../../Engine/Content/Tutorial/Basics/TutorialAssets/icon_tab_Levels_40x.uasset" 131
"../../../Engine/Content/Tutorial/BlueprintTutorials/TutorialAssets/BlueprintInterface_64x.uasset" 132
"../../../Engine/Content/Tutorial/BlueprintTutorials/TutorialAssets/BlueprintMacroLibrary_64x.uasset" 133
"../../../Engine/Content/Tutorial/BlueprintTutorials/TutorialAssets/Blueprint_64x.uasset" 134
"../../../Engine/Content/Tutorial/BlueprintTutorials/TutorialAssets/Tutorial_BP_Interface.uasset" 135
"../../../Engine/Content/Tutorial/Foliage/TutorialAssets/Foliage.uasset" 136
"../../../Engine/Content/Tutorial/Landscape/TutorialAssets/Landscape.uasset" 137
"../../../Engine/Content/Tutorial/Paper2D/TutorialAssets/Paper2DFlipbook_TutorialIcon.uasset" 138
"../../../Engine/Content/Tutorial/Paper2D/TutorialAssets/Paper2DSprite_TutorialIcon.uasset" 139
"../../../Engine/Content/Tutorial/SubEditors/TutorialAssets/icon_Editor_Preferences_General_40x.uasset" 140
"../../../Engine/Content/Tutorial/SubEditors/TutorialAssets/icon_ShowSkeletalMeshes_40x.uasset" 141
"../../../Engine/Content/Tutorial/SubEditors/TutorialAssets/TutorialMaterial.uasset" 142
"../../../Engine/Content/Tutorial/SubEditors/TutorialAssets/T_SmokeSubUV_8X8.uasset" 143
"../../../Engine/Content/Tutorial/SubEditors/TutorialAssets/T_soft_smoke.uasset" 144
"../../../Engine/Content/Tutorial/SubEditors/TutorialAssets/M_smoke_subUV_blackbody.uasset" 145
"../../../Engine/Content/Tutorial/SubEditors/TutorialAssets/TutorialParticleSystem.uasset" 146
"../../../Engine/Content/VREditor/Devices/Generic/GenericHMDMaterial.uasset" 147
"../../../Engine/Content/VREditor/Devices/Generic/GenericHMD.uasset" 148
"../../../Engine/Content/VREditor/FloatingText/LineMaterial.uasset" 149
"../../../Engine/Content/VREditor/FloatingText/JointSphere.uasset" 150
"../../../Engine/Content/VREditor/FloatingText/LineSegmentCylinder.uasset" 151
"../../../Engine/Content/VREditor/Fonts/VRText_RobotoLarge.uasset" 152
"../../../Engine/Content/VREditor/Fonts/VRTextMaterial.uasset" 153
"../../../Engine/Content/VREditor/Fonts/TranslucentVRTextMaterial.uasset" 154
"../../../Engine/Content/VREditor/LaserPointer/CursorPointer.uasset" 155
"../../../Engine/Content/VREditor/LaserPointer/VR_LaserPower_01.uasset" 156
"../../../Engine/Content/VREditor/TransformGizmo/TransformGizmoMaterial.uasset" 157
"../../../Engine/Content/VREditor/LaserPointer/HoverMaterial.uasset" 158
"../../../Engine/Content/VREditor/TransformGizmo/TranslucentTransformGizmoMaterial.uasset" 159
"../../../Engine/Content/VREditor/LaserPointer/TranslucentHoverMaterial.uasset" 160
"../../../Engine/Content/VREditor/LaserPointer/HoverMesh.uasset" 161
"../../../Engine/Content/VREditor/LaserPointer/LaserPointerMaterial.uasset" 162
"../../../Engine/Content/VREditor/LaserPointer/LaserPointerMaterialInst.uasset" 163
"../../../Engine/Content/VREditor/LaserPointer/TranslucentLaserPointerMaterialInst.uasset" 164
"../../../Engine/Content/VREditor/LaserPointer/LaserPointerMesh.uasset" 165
"../../../Engine/Content/VREditor/LaserPointer/LaserPointerMesh_End.uasset" 166
"../../../Engine/Content/VREditor/LaserPointer/LaserPointerMesh_Start.uasset" 167
"../../../Engine/Content/Functions/Engine_MaterialFunctions02/Utility/BreakOutFloat3Components.uasset" 168
"../../../Engine/Content/Functions/Engine_MaterialFunctions02/Math/Transform3x3Matrix.uasset" 169
"../../../Engine/Content/Functions/Engine_MaterialFunctions02/SplitComponents.uasset" 170
"../../../Engine/Content/Functions/Engine_MaterialFunctions02/Utility/MakeFloat3.uasset" 171
"../../../Engine/Content/VREditor/SnapGrid/SnapGridMaterial.uasset" 172
"../../../Engine/Content/VREditor/SnapGrid/SnapGridPlaneMesh.uasset" 173
"../../../Engine/Content/VREditor/Sounds/VR_teleport.uasset" 174
"../../../Engine/Content/VREditor/Sounds/UI/Click_on_Button_Cue.uasset" 175
"../../../Engine/Content/VREditor/Sounds/UI/Dockable_Window_Close.uasset" 176
"../../../Engine/Content/VREditor/Sounds/UI/Dockable_Window_Drop.uasset" 177
"../../../Engine/Content/VREditor/Sounds/UI/Dockable_Window_Open.uasset" 178
"../../../Engine/Content/VREditor/Sounds/UI/Dockable_Window_Pick_Up.uasset" 179
"../../../Engine/Content/VREditor/Sounds/UI/Drop_Item_From_ContentBrowser.uasset" 180
"../../../Engine/Content/VREditor/Sounds/UI/Floating_UI_Open-001.uasset" 181
"../../../Engine/Content/VREditor/Sounds/UI/Gizmo_Handle_Clicked.uasset" 182
"../../../Engine/Content/VREditor/Sounds/UI/Object_PickUp.uasset" 183
"../../../Engine/Content/VREditor/Sounds/UI/Object_Snaps_To_Another_Actor.uasset" 184
"../../../Engine/Content/VREditor/Sounds/UI/Object_Snaps_To_Grid.uasset" 185
"../../../Engine/Content/VREditor/Sounds/UI/Radial_Menu_FadeOut.uasset" 186
"../../../Engine/Content/VREditor/Sounds/UI/Scaling_Down.uasset" 187
"../../../Engine/Content/VREditor/Sounds/UI/Scaling_Up.uasset" 188
"../../../Engine/Content/VREditor/Sounds/UI/Selection_Changes.uasset" 189
"../../../Engine/Content/VREditor/Sounds/UI/Teleport_Mode_Entered.uasset" 190
"../../../Engine/Content/VREditor/Teleport/TeleportDirectionMaterial.uasset" 191
"../../../Engine/Content/VREditor/Teleport/TeleportDirectionMaterial_Inst.uasset" 192
"../../../Engine/Content/VREditor/Teleport/TeleportDirectionMesh.uasset" 193
"../../../Engine/Content/VREditor/TransformGizmo/BoundingBoxCorner.uasset" 194
"../../../Engine/Content/VREditor/TransformGizmo/BoundingBoxEdge.uasset" 195
"../../../Engine/Content/VREditor/TransformGizmo/PlaneTranslationHandle.uasset" 196
"../../../Engine/Content/VREditor/TransformGizmo/RotationHandleFull.uasset" 197
"../../../Engine/Content/VREditor/TransformGizmo/RotationHandleIndicator.uasset" 198
"../../../Engine/Content/VREditor/TransformGizmo/RotationHandleQuarter.uasset" 199
"../../../Engine/Content/VREditor/TransformGizmo/Main.uasset" 200
"../../../Engine/Content/VREditor/TransformGizmo/Xray.uasset" 201
"../../../Engine/Content/VREditor/TransformGizmo/SM_Dialog_Close.uasset" 202
"../../../Engine/Content/VREditor/TransformGizmo/SM_Dialog_Move.uasset" 203
"../../../Engine/Content/VREditor/TransformGizmo/SM_Sequencer_Key.uasset" 204
"../../../Engine/Content/VREditor/TransformGizmo/SM_Sequencer_Node.uasset" 205
"../../../Engine/Content/VREditor/TransformGizmo/StartRotationHandleIndicator.uasset" 206
"../../../Engine/Content/VREditor/TransformGizmo/TranslucentTransformGizmoMaterial_Inst.uasset" 207
"../../../Engine/Content/VREditor/TransformGizmo/TransformGizmoFreeRotation.uasset" 208
"../../../Engine/Content/VREditor/TransformGizmo/TransformGizmoMaterial_Inst.uasset" 209
"../../../Engine/Content/VREditor/TransformGizmo/TranslateArrowHandle.uasset" 210
"../../../Engine/Content/VREditor/TransformGizmo/UniformScaleHandle.uasset" 211
"../../../Engine/Content/VREditor/UI/KeyDiskMaterial.uasset" 212
"../../../Engine/Content/VREditor/UI/DiscMaterial.uasset" 213
"../../../Engine/Content/VREditor/UI/SM_Radial_Disk.uasset" 214
"../../../Engine/Content/Functions/Engine_MaterialFunctions01/Gradient/RadialGradient.uasset" 215
"../../../Engine/Content/VREditor/WorldMovementGrid/SimpleGrid.uasset" 216
"../../../Engine/Content/VREditor/WorldMovementGrid/GridMaterial.uasset" 217
"../../../Engine/Content/Functions/Engine_MaterialFunctions01/Density/ExponentialDensity.uasset" 218
"../../../Engine/Content/VREditor/WorldMovementGrid/GridPostProcess.uasset" 219
"../../../Engine/Content/EditorLandscapeResources/FlattenHeightMat.uasset" 220
"../../../Engine/Content/VREditor/WorldMovementGrid/PlaneMesh.uasset" 221
"../../../Engine/Plugins/2D/Paper2D/Content/PlaceholderTextures/DummySpriteTexture.uasset" 222
"../../../Engine/Plugins/2D/Paper2D/Content/DummySprite.uasset" 223
"../../../Engine/Plugins/2D/Paper2D/Content/DefaultPaperTerrainMaterial.uasset" 224
"../../../Engine/Plugins/2D/Paper2D/Content/DefaultSpriteMaterial.uasset" 225
"../../../Engine/Plugins/2D/Paper2D/Content/MaskedUnlitSpriteMaterial.uasset" 226
"../../../Engine/Plugins/2D/Paper2D/Content/OpaqueUnlitSpriteMaterial.uasset" 227
"../../../Engine/Plugins/Media/MediaCompositing/Content/DefaultMediaPlaneMaterial.uasset" 228
"../../../Engine/Content/Functions/Engine_MaterialFunctions02/Utility/MakeFloat4.uasset" 229
"../../../Engine/Plugins/Runtime/AppleARKit/Content/ARKitCameraMaterial.uasset" 230
"../../../Engine/Plugins/Runtime/Oculus/OculusVR/Content/Textures/GearVRController_AO.uasset" 231
"../../../Engine/Plugins/Runtime/Oculus/OculusVR/Content/Textures/GearVRController_Color.uasset" 232
"../../../Engine/Plugins/Runtime/Oculus/OculusVR/Content/Textures/GearVRController_Normal.uasset" 233
"../../../Engine/Plugins/Runtime/Oculus/OculusVR/Content/Materials/GearVRControllerMaterial.uasset" 234
"../../../Engine/Plugins/Runtime/Oculus/OculusVR/Content/Meshes/GearVrController.uasset" 235
"../../../RE_Indigos/Content/Mannekins/Mixamo/Mesh/Xbot_Skeleton.uasset" 236
"../../../RE_Indigos/Content/Mannekins/Mixamo/Animation/Xbot_Climb.uasset" 237
"../../../RE_Indigos/Content/Mannekins/Mixamo/Animation/Xbot_Jump_Down.uasset" 238
"../../../RE_Indigos/Content/Mannekins/Mixamo/Animation/Xbot_Jump_Loop.uasset" 239
"../../../RE_Indigos/Content/Mannekins/Mixamo/Animation/XBot_Jump_Up.uasset" 240
"../../../RE_Indigos/Content/Mannekins/Mixamo/Animation/Xbot_Idle.uasset" 241
"../../../RE_Indigos/Content/Mannekins/Mixamo/Animation/Xbot_Run.uasset" 242
"../../../RE_Indigos/Content/Mannekins/Mixamo/Animation/Xbot_Walk.uasset" 243
"../../../RE_Indigos/Content/Mannekins/Mixamo/Animation/Xbot_Idle-Run_2D.uasset" 244
"../../../Engine/Content/EditorBlueprintResources/StandardMacros.uasset" 245
"../../../RE_Indigos/Content/Blueprints/ClimbInterface_BP.uasset" 246
"../../../RE_Indigos/Content/Mannekins/Mixamo/Animation/XBot_Anim_BP.uasset" 247
"../../../RE_Indigos/Content/Blueprints/Libraries/ActorMacroLib_BP.uasset" 248
"../../../RE_Indigos/Content/Blueprints/Activators/Interact_interface_BP.uasset" 249
"../../../RE_Indigos/Content/Blueprints/Controllers/PlayerCameraManager_BP.uasset" 250
"../../../RE_Indigos/Content/UI/PauseMenu_BP.uasset" 251
"../../../RE_Indigos/Content/Blueprints/Controllers/PlayerController_BP.uasset" 252
"../../../RE_Indigos/Content/Blueprints/Actors/MainChar_BP.uasset" 253
"../../../RE_Indigos/Content/Mannekins/Mixamo_Characters/Materials/Xbot_body_MAT.uasset" 254
"../../../RE_Indigos/Content/Mannekins/Mixamo_Characters/Materials/Xbot_Joints_MAT.uasset" 255
"../../../RE_Indigos/Content/Mannekins/Mixamo_Characters/Xbot/Xbot_PhysicsAsset.uasset" 256
"../../../RE_Indigos/Content/Mannekins/Mixamo_Characters/Xbot/Xbot.uasset" 257
"../../../RE_Indigos/Content/Mannekins/Mixamo_Characters/bot_Skeleton.uasset" 258
"../../../RE_Indigos/Content/Mannekins/Mixamo_Characters/Animations/Xbot_ClimbEnd.uasset" 259
"../../../RE_Indigos/Content/Mannekins/Mixamo_Characters/Animations/Xbot_jumpDown.uasset" 260
"../../../RE_Indigos/Content/Mannekins/Mixamo_Characters/Animations/Xbot_jumpLoop.uasset" 261
"../../../RE_Indigos/Content/Mannekins/Mixamo_Characters/Animations/Xbot_jumpStart.uasset" 262
"../../../RE_Indigos/Content/Mannekins/Mixamo_Characters/Animations/Xbot_idle.uasset" 263
"../../../RE_Indigos/Content/Mannekins/Mixamo_Characters/Animations/Xbot_running.uasset" 264
"../../../RE_Indigos/Content/Mannekins/Mixamo_Characters/Animations/Xbot_walking.uasset" 265
"../../../RE_Indigos/Content/Mannekins/Mixamo_Characters/Animations/Xbo2t_Idle_Run_2D.uasset" 266
"../../../RE_Indigos/Content/Mannekins/Mixamo_Characters/Animations/Xbot2_Anim_BP.uasset" 267
"../../../RE_Indigos/Content/Geometry/Materials/TestMaterials/Green.uasset" 268
"../../../Engine/Content/BasicShapes/Cube.uasset" 269
"../../../RE_Indigos/Content/Blueprints/ConveyerBelt_Lift/ConveyerBeltChanging.uasset" 270
"../../../RE_Indigos/Content/Blueprints/Objects/Telekinesis_Interface_BP.uasset" 271
"../../../RE_Indigos/Content/Geometry/Materials/TestMaterials/Blue.uasset" 272
"../../../RE_Indigos/Content/Geometry/Materials/PhysMaterials/PawnPhysicalMaterial.uasset" 273
"../../../RE_Indigos/Content/Blueprints/Objects/MoveableObject_BP.uasset" 274
"../../../RE_Indigos/Content/Blueprints/Objects/TeleportTarget_BP.uasset" 275
"../../../RE_Indigos/Content/Geometry/Materials/TestMaterials/Textures/Rubik.uasset" 276
"../../../RE_Indigos/Content/Geometry/Materials/TestMaterials/RubikMaterial.uasset" 277
"../../../RE_Indigos/Content/Blueprints/Objects/CubeProjectile_BP.uasset" 278
"../../../RE_Indigos/Content/Mannekins/Mixamo/Materials/Xbot_body_MAT_Light.uasset" 279
"../../../RE_Indigos/Content/Mannekins/Mixamo/Materials/Ybot_body_MAT1.uasset" 280
"../../../RE_Indigos/Content/Mannekins/Mixamo_Characters/Materials/Ybot_Joints_MAT.uasset" 281
"../../../RE_Indigos/Content/Mannekins/Mixamo_Characters/Materials/Ybot_Body_MAT.uasset" 282
"../../../RE_Indigos/Content/Mannekins/Mixamo_Characters/Ybot/Ybot_PhysicsAsset.uasset" 283
"../../../RE_Indigos/Content/Mannekins/Mixamo_Characters/Ybot/Ybot.uasset" 284
"../../../RE_Indigos/Content/Blueprints/Actors/Sam_BP.uasset" 285
"../../../RE_Indigos/Content/Blueprints/Controllers/FollowAIController_BP.uasset" 286
"../../../RE_Indigos/Content/Blueprints/Controllers/GameMode_BP.uasset" 287
"../../../RE_Indigos/Content/Mannekins/Mixamo/Materials/Xbot_body_MAT.uasset" 288
"../../../RE_Indigos/Content/Mannekins/Mixamo/Materials/Xbot_Joints_MAT.uasset" 289
"../../../RE_Indigos/Content/Mannekins/Mixamo/Mesh/Xbot_PhysicsAsset.uasset" 290
"../../../RE_Indigos/Content/Mannekins/Mixamo/Mesh/Xbot_Mesh.uasset" 291
"../../../RE_Indigos/Content/Blueprints/Actors/Rafi_BP.uasset" 292
"../../../Engine/Content/EngineSky/C_Sky_Cloud_Color.uasset" 293
"../../../Engine/Content/EngineSky/C_Sky_Horizon_Color.uasset" 294
"../../../Engine/Content/EngineSky/C_Sky_Zenith_Color.uasset" 295
"../../../Engine/Content/EngineSky/T_Sky_Blue.uasset" 296
"../../../Engine/Content/EngineSky/T_Sky_Clouds_M.uasset" 297
"../../../Engine/Content/EngineSky/T_Sky_Stars.uasset" 298
"../../../Engine/Content/EngineSky/M_Sky_Panning_Clouds2.uasset" 299
"../../../Engine/Content/EngineSky/SM_SkySphere.uasset" 300
"../../../Engine/Content/EngineSky/BP_Sky_Sphere.uasset" 301
"../../../RE_Indigos/Content/Geometry/Materials/RampMaterial.uasset" 302
"../../../RE_Indigos/Content/Geometry/Materials/TestMaterials/BlueGlass.uasset" 303
"../../../RE_Indigos/Content/Blueprints/Activators/InteractionMarker_BP.uasset" 304
"../../../RE_Indigos/Content/Geometry/Materials/CubeMaterial.uasset" 305
"../../../RE_Indigos/Content/Geometry/Meshes/SM_DoorFrame.uasset" 306
"../../../RE_Indigos/Content/Blueprints/Activators/ActivatorDoor_BP.uasset" 307
"../../../RE_Indigos/Content/Blueprints/Activators/ActivatorKey_BP.uasset" 308
"../../../RE_Indigos/Content/Blueprints/Activators/ActivatorTrigger_BP.uasset" 309
"../../../RE_Indigos/Content/Maps/1_IndigosTutorialLevel/1_IndigosTutorial_Version2_BuiltData.uasset" 310
"../../../Engine/Content/BasicShapes/BasicShapeMaterial.uasset" 311
"../../../RE_Indigos/Content/Geometry/Materials/TestMaterials/Brown.uasset" 312
"../../../RE_Indigos/Content/Geometry/Materials/TestMaterials/Glass.uasset" 313
"../../../RE_Indigos/Content/Geometry/Materials/TestMaterials/Glass1.uasset" 314
"../../../RE_Indigos/Content/Geometry/Materials/TestMaterials/Red.uasset" 315
"../../../RE_Indigos/Content/Geometry/Materials/TestMaterials/TextMaterial.uasset" 316
"../../../Engine/Content/Functions/Engine_MaterialFunctions02/Utility/VectorLength.uasset" 317
"../../../Engine/Content/Functions/Engine_MaterialFunctions02/WorldPositionOffset/ObjectScale.uasset" 318
"../../../RE_Indigos/Content/Geometry/Materials/TestMaterials/Textures/Wall.uasset" 319
"../../../RE_Indigos/Content/Geometry/Materials/TestMaterials/Textures/Wall_Mat.uasset" 320
"../../../RE_Indigos/Content/Geometry/Materials/TestMaterials/Yellow.uasset" 321
"../../../Engine/Content/BasicShapes/Cylinder.uasset" 322
"../../../RE_Indigos/Content/Maps/1_IndigosTutorialLevel/1_IndigosTutorial_Version2.umap" 323
"../../../Engine/Content/Maps/Entry.umap" 324
